Activate APEX
19:30:16 launching octotiger




          ___       _      _____ _                 
         / _ \  ___| |_ __|_   _(_) __ _  ___ _ __ 
        | | | |/ __| __/ _ \| | | |/ _` |/ _ \ '__|
        | |_| | (__| || (_) | | | | (_| |  __/ |   
         \___/ \___|\__\___/|_| |_|\__, |\___|_|   
      _                            |___/           
     (_)
              _ __..-;''`-
      O   (`/' ` |  \ \ \ \-.
       o /'`\ \   |  \ | \|  \
        /<7' ;  \ \  | ; ||/ `'.
       /  _.-, `,-\,__| ' ' . `'.
       `-`  f/ ;       \        \             ___.--,
           `~-'_.._     |  -~    |     _.---'`__.-( (_.
        __.--'`_.. '.__.\    '--. \_.-' ,.--'`     `""`
       ( ,.--'`   ',__ /./;   ;, '.__.'`    __
       _`) )  .---.__.' / |   |\   \__..--""  """--.,_
      `---' .'.''-._.-'`_./  /\ '.  \ _.-~~~````~~~-._`-.__.'
            | |  .' _.-' |  |  \  \  '.               `~---`
             \ \/ .'     \  \   '. '-._)
              \/ /        \  \    `=.__`~-.
              / /\         `) )    / / `"".`\
        , _.-'.'\ \        / /    ( (     / /
         `--~`   ) )    .-'.'      '.'.  | (
                (/`    ( (`          ) )  '-;
                 `      '-;         (-'





    
###########################################################
Compiled for AVX2 SIMD architectures.
###########################################################
Running
----------Normalized constants
1.989000e+33 3.230000e+09 1.593453e+01 1.000000e+00
A = 1.000000e+00 | B = 1.000000e+00 | G = 1.000000e+00 | kb = 1.689369e-66 | c = 1.478963e+02 | mh = 8.412770e-58 | sigma = 1.153466e-34 | h = 5.088101e-78
atomic_number=6.857000,2.000000,2.000000,2.000000,1.000000,
atomic_mass=13.714000,4.000000,4.000000,4.000000,1.000000,
X=0.000000,0.000000,0.000000,0.000000,1.000000,
Z=1.000000,0.000000,0.000000,0.000000,0.000000,
accretor_refine = 0
amrbnd_order = 1
bench = F
cdisc_detect = T
cfl = 4.000000e-01
config_file = rcb.ini
core_refine = F
correct_am_grav = T
correct_am_hydro = T
code_to_cm = 3.230000e+09
code_to_g = 1.989000e+33
code_to_s = 1.593453e+01
cuda_streams_per_locality = 0
cuda_streams_per_gpu = 0
data_dir = ./
disable_output = F
driving_rate = 0.000000e+00
driving_time = 0.000000e+00
donor_refine = 0
dual_energy_sw1 = 1.000000e-03
dual_energy_sw2 = 1.000000e-01
eos = IDEAL
entropy_driving_rate = 0.000000e+00
entropy_driving_time = 0.000000e+00
future_wait_time = -1
hard_dt = -1.000000e+00
hydro = T
input_file = 
m2m_kernel_type = SOA_CPU
max_level = 10
n_species = 5
ngrids = -1
omega = 9.291966e-01
output_dt = 4.000000e-02
output_filename = 
p2m_kernel_type = SOA_CPU
p2p_kernel_type = SOA_CPU
problem = DWD
rad_implicit = T
radiation = F
refinement_floor = 1.000000e-06
restart_filename = restart.silo
rotating_star_amr = F
rotating_star_x = 0.000000e+00
scf_output_frequency = 25
silo_num_groups = 1
stop_step = 20
stop_time = 1.797693e+308
theta = 3.400000e-01
unigrid = F
v1309 = F
idle_rates = T
xscale = 1.280000e+02
Normalized constants
1.989000e+33 3.230000e+09 1.593453e+01 1.000000e+00
A = 1.000000e+00 | B = 1.000000e+00 | G = 1.000000e+00 | kb = 1.689369e-66 | c = 1.478963e+02 | mh = 8.412770e-58 | sigma = 1.153466e-34 | h = 5.088101e-78
SCF option file found
async1= -0.000000e+00
async2= -0.000000e+00
equal_struct_eos= 1.000000e+00
M1= 5.000000e-01
M2= 3.500000e-01
nc1= 1.500000e+00
nc2= 1.500000e+00
ne1= 1.500000e+00
ne2= 1.500000e+00
mu1= 1.000000e+00
mu2= 1.000000e+00
a= 1.000000e+00
core_frac1= 7.500000e-01
core_frac2= 9.000000e-01
fill1= 1.000000e+00
fill2= 1.000000e+00
contact_fill= 0.000000e+00
Normalized constants
1.989000e+33 3.230000e+09 1.593453e+01 1.000000e+00
A = 1.000000e+00 | B = 1.000000e+00 | G = 1.000000e+00 | kb = 1.689369e-66 | c = 1.478963e+02 | mh = 8.412770e-58 | sigma = 1.153466e-34 | h = 5.088101e-78
OS-thread 13 on locality 0: Initialized thread_local memory!
OS-thread 12 on locality 0: Initialized thread_local memory!
OS-thread 16 on locality 0: Initialized thread_local memory!
OS-thread 17 on locality 0: Initialized thread_local memory!
OS-thread 23 on locality 0: Initialized thread_local memory!
OS-thread 8 on locality 0: Initialized thread_local memory!
OS-thread 30 on locality 0: Initialized thread_local memory!
OS-thread 29 on locality 0: Initialized thread_local memory!
OS-thread 9 on locality 0: Initialized thread_local memory!
OS-thread 21 on locality 0: Initialized thread_local memory!
OS-thread 26 on locality 0: Initialized thread_local memory!
OS-thread 4 on locality 0: Initialized thread_local memory!
OS-thread 5 on locality 0: Initialized thread_local memory!
OS-thread OS-thread 727 on locality  on locality 00: Initialized thread_local memory!
: Initialized thread_local memory!
OS-thread 11 on locality 0: Initialized thread_local memory!
OS-thread 31 on locality 0: Initialized thread_local memory!
OS-thread 2 on locality 0: Initialized thread_local memory!
OS-thread 6 on locality 0: Initialized thread_local memory!
OS-thread 28 on locality 0: Initialized thread_local memory!

Subgrid side-length is 8
Minimal allowed theta is 0.34
Stencil maximal allowed half side-length is 5 (Total length 11)
Total number of stencil elements (stencil size): OS-thread 24 on locality 0: Initialized thread_local memory!
1074

OS-thread 11 on locality 3: Initialized thread_local memory!
OS-thread 15 on locality 3: Initialized thread_local memory!
OS-thread 30 on locality 3: Initialized thread_local memory!
OS-thread 18 on locality 3: Initialized thread_local memory!
OS-thread 2 on locality 3: Initialized thread_local memory!
OS-thread 16 on locality 3: Initialized thread_local memory!
OS-thread 20 on locality 3: Initialized thread_local memory!
OS-thread 7 on locality 3: Initialized thread_local memory!
OS-thread 9 on locality 3: Initialized thread_local memory!
OS-thread 3 on locality 3: Initialized thread_local memory!
OS-thread 12 on locality 3: Initialized thread_local memory!
OS-thread 27 on locality 3: Initialized thread_local memory!
OS-thread 31 on locality 3: Initialized thread_local memory!
OS-thread 6 on locality 3: Initialized thread_local memory!
OS-thread 13 on locality 3: Initialized thread_local memory!
OS-thread 28 on locality 3: Initialized thread_local memory!
OS-thread 26 on locality 3: Initialized thread_local memory!
OS-thread 1 on locality 3: Initialized thread_local memory!
OS-thread 14 on locality 3: Initialized thread_local memory!
OS-thread 8 on locality 3: Initialized thread_local memory!
OS-thread 4 on locality 3: Initialized thread_local memory!
OS-thread 21 on locality 3: Initialized thread_local memory!

Subgrid side-length is 8
Minimal allowed theta is 0.34
Stencil maximal allowed half side-length is 5 (Total length 11)
Total number of stencil elements (stencil size): 1074

OS-thread 10 on locality 1: Initialized thread_local memory!
OS-thread 31 on locality 1: Initialized thread_local memory!
OS-thread 16 on locality 1: Initialized thread_local memory!
OS-thread 17 on locality 1: Initialized thread_local memory!
OS-thread 21 on locality 1: Initialized thread_local memory!
OS-thread 4 on locality 1: Initialized thread_local memory!
OS-thread 6 on locality 1: Initialized thread_local memory!
OS-thread 1 on locality 1: Initialized thread_local memory!
OS-thread 7 on locality 1: Initialized thread_local memory!
OS-thread 9 on locality 1: Initialized thread_local memory!
OS-thread 27 on locality 1: Initialized thread_local memory!
OS-thread 23 on locality 1: Initialized thread_local memory!
OS-thread 28 on locality 1: Initialized thread_local memory!
OS-thread 19 on locality 1: Initialized thread_local memory!
OS-thread 29 on locality 1: Initialized thread_local memory!
OS-thread 3 on locality 1: Initialized thread_local memory!
OS-thread 22 on locality 1: Initialized thread_local memory!
OS-thread 18 on locality 1: Initialized thread_local memory!
OS-thread 14 on locality 1: Initialized thread_local memory!
OS-thread 30 on locality 1: Initialized thread_local memory!

Subgrid side-length is 8
Minimal allowed theta is 0.34
Stencil maximal allowed half side-length is 5 (Total length 11)
Total number of stencil elements (stencil size): 1074

OS-thread 31 on locality 2: Initialized thread_local memory!
OS-thread 27 on locality 2: Initialized thread_local memory!
OS-thread 17 on locality 2: Initialized thread_local memory!
OS-thread 1 on locality 2: Initialized thread_local memory!
OS-thread 3 on locality 2: Initialized thread_local memory!
OS-thread 6 on locality 2: Initialized thread_local memory!
OS-thread 25 on locality 2: Initialized thread_local memory!
OS-thread 2 on locality 2: Initialized thread_local memory!
OS-thread 23 on locality 2: Initialized thread_local memory!
OS-thread 15 on locality 2: Initialized thread_local memory!
OS-thread 24 on locality 2: Initialized thread_local memory!
OS-thread 5 on locality 2: Initialized thread_local memory!
OS-thread 26 on locality 2: Initialized thread_local memory!
OS-thread 9 on locality 2: Initialized thread_local memory!
OS-thread 19 on locality 2: Initialized thread_local memory!
OS-thread 14 on locality 2: Initialized thread_local memory!
OS-thread 8 on locality 2: Initialized thread_local memory!
OS-thread 7 on locality 2: Initialized thread_local memory!
OS-thread 18 on locality 2: Initialized thread_local memory!
OS-thread 21 on locality 2: Initialized thread_local memory!
OS-thread 30 on locality 2: Initialized thread_local memory!
OS-thread 11 on locality 2: Initialized thread_local memory!
OS-thread 20 on locality 2: Initialized thread_local memory!
OS-thread 4 on locality 2: Initialized thread_local memory!
OS-thread 22 on locality 2: Initialized thread_local memory!
OS-thread 13 on locality 2: Initialized thread_local memory!
OS-thread 16 on locality 2: Initialized thread_local memory!
OS-thread 10 on locality 2: Initialized thread_local memory!
OS-thread 28 on locality 2: Initialized thread_local memory!
OS-thread 12 on locality 2: Initialized thread_local memory!
OS-thread 29 on locality 2: Initialized thread_local memory!

Subgrid side-length is 8
Minimal allowed theta is 0.34
Stencil maximal allowed half side-length is 5 (Total length 11)
Total number of stencil elements (stencil size): 1074

OS-thread 0 on locality 0: Initialized thread_local memory!
OS-thread 22 on locality 0: Initialized thread_local memory!
OS-thread 18 on locality 0: Initialized thread_local memory!
OS-thread 15 on locality 0: Initialized thread_local memory!
OS-thread 25 on locality 0: Initialized thread_local memory!
OS-thread 14 on locality 0: Initialized thread_local memory!
OS-thread 20 on locality 0: Initialized thread_local memory!
OS-thread 19 on locality 0: Initialized thread_local memory!
OS-thread 1 on locality 0: Initialized thread_local memory!
OS-thread 3 on locality 0: Initialized thread_local memory!
OS-thread 10 on locality 0: Initialized thread_local memory!
Initializing cell_geometry 3 8 14
Loading from restart.silo ...
Reading restart.silo
----------Normalized constants
1.989000e+33 3.230000e+09 1.593453e+01 1.000000e+00
A = 1.000000e+00 | B = 1.000000e+00 | G = 1.000000e+00 | kb = 1.689369e-66 | c = 1.478963e+02 | mh = 8.412770e-58 | sigma = 1.153466e-34 | h = 5.088101e-78
Read took 8 seconds
Re-grid
-----------------------------------------------
regridding
Regridded tree in 0.001355 seconds
rebalancing 1129 nodes with 988 leaves
Rebalanced tree in 0.000906 seconds
forming tree connections
1295 amr boundaries
Formed tree in 0.301337 seconds
solving gravity
regrid done in 0.419436 seconds
---------------------------------------
Done. 
solving gravity------------
...done
Starting run...
Solving gravity
-----------------------------------------------
checking for refinement
regridding
Regridded tree in 0.001059 seconds
rebalancing 1129 nodes with 988 leaves
Rebalanced tree in 0.002246 seconds
forming tree connections
1432 amr boundaries
Formed tree in 0.267548 seconds
solving gravity
regrid done in 0.439324 seconds
---------------------------------------
OMEGA = 9.291966e-01, output_dt = 4.000000e-02
0.000000e+00 4.000000e-02
dwd step...
1 6.877714e-03 6.877714e-03 1.169879e+00 6.390749e-03
2 1.030088e-02 3.423169e-03 1.173035e+00 9.571546e-03
3 1.718295e-02 6.882063e-03 1.251812e+00 1.596634e-02
4 2.406468e-02 6.881732e-03 1.344565e+00 2.236082e-02
5 3.094568e-02 6.881003e-03 1.260292e+00 2.875462e-02
New Omega = 9.291966e-01
-----------------------------------------------
checking for refinement
4 3.094568e-02 6.881003e-03 6.222785e+00 2.875462e-02 0.000000e+00 0.000000e+00 9.291966e-01 0.000000e+00
regridding
Regridded tree in 0.003657 seconds
rebalancing 1129 nodes with 988 leaves
Rebalanced tree in 0.003435 seconds
forming tree connections
1432 amr boundaries
Formed tree in 0.289603 seconds
solving gravity
regrid done in 0.517183 seconds
---------------------------------------
dwd step...
6 3.782569e-02 6.880012e-03 1.345070e+00 3.514751e-02
7 4.470449e-02 6.878800e-03 1.380686e+00 4.153926e-02
8 5.158172e-02 6.877224e-03 1.471225e+00 4.792956e-02
9 5.845748e-02 6.875766e-03 1.465067e+00 5.431849e-02
10 6.533225e-02 6.874768e-03 1.511906e+00 6.070651e-02
New Omega = 9.291966e-01
-----------------------------------------------
checking for refinement
9 6.533225e-02 6.874768e-03 7.227423e+00 6.070651e-02 0.000000e+00 0.000000e+00 9.291966e-01 0.000000e+00
regridding
Regridded tree in 0.004456 seconds
rebalancing 1129 nodes with 988 leaves
Rebalanced tree in 0.005537 seconds
forming tree connections
1432 amr boundaries
Formed tree in 0.270090 seconds
solving gravity
regrid done in 0.544566 seconds
---------------------------------------
dwd step...
11 7.220589e-02 6.873644e-03 1.551855e+00 6.709347e-02
12 7.907780e-02 6.871904e-03 1.492446e+00 7.347882e-02
13 8.594796e-02 6.870161e-03 1.622856e+00 7.986255e-02
14 9.281640e-02 6.868443e-03 1.505664e+00 8.624469e-02
15 9.968295e-02 6.866550e-03 1.637831e+00 9.262506e-02
New Omega = 9.291966e-01
-----------------------------------------------
checking for refinement
14 9.968295e-02 6.866550e-03 7.899493e+00 9.262506e-02 0.000000e+00 0.000000e+00 9.291966e-01 0.000000e+00
regridding
Regridded tree in 0.005008 seconds
rebalancing 1129 nodes with 988 leaves
Rebalanced tree in 0.005606 seconds
forming tree connections
1432 amr boundaries
Formed tree in 0.262988 seconds
OS-thread 0 on locality 2: Initialized thread_local memory!
Initializing cell_geometry 3 8 14
----------------------------------------
Total multipole launches on locality 2: 2485
CPU multipole launches on locality 2: 2485
CUDA multipole launches on locality 2: 0
=> Percentage of multipole on the GPU on locality 2: 0
----------------------------------------
Total non-rho-multipole launches on locality 2: 2205
CPU non-rho-multipole launches on locality 2: 2205
CUDA non-rho-multipole launches on locality 2: 0
=> Percentage of non-rho-multipole on the GPU on locality 2: 0
----------------------------------------
Total p2p launches on locality 2: 33098
CPU p2p launches on locality 2: 33098
CUDA p2p launches on locality 2: 0
solving gravity
regrid done in 0.559609 seconds
---------------------------------------
dwd step...
16 1.065476e-01 6.864619e-03 1.545558e+00 9.900364e-02
17 1.134103e-01 6.862720e-03 1.633259e+00 1.053805e-01
18 1.202711e-01 6.860831e-03 1.594161e+00 1.117555e-01
19 1.271298e-01 6.858706e-03 1.678364e+00 1.181286e-01
20 1.339851e-01 6.855228e-03 1.637055e+00 1.244985e-01
New Omega = 9.291966e-01
-----------------------------------------------
checking for refinement
19 1.339851e-01 6.855228e-03 8.153714e+00 1.244985e-01 0.000000e+00 0.000000e+00 9.291966e-01 0.000000e+00
regridding
Regridded tree in 0.005424 seconds
rebalancing 1129 nodes with 988 leaves
Rebalanced tree in 0.005827 seconds
forming tree connections
1432 amr boundaries
Formed tree in 0.260422 seconds
solving gravity
regrid done in 0.557589 seconds
---------------------------------------
dwd step...
21 1.408368e-01 6.851706e-03 1.647816e+00 1.308650e-01
New Omega = 9.291966e-01
doing silo out...
Writing final.silo
20 1.408368e-01 6.851706e-03 1.668530e+00 1.308650e-01 0.000000e+00 0.000000e+00 9.291966e-01 0.000000e+00
Writing 988 total sub-grids
Write took 25 seconds
...:
   Total: 58.4513
   I/O:         32.4653 (55.5425%)
   Computation: 30.9202 (52.8991%)
   Gravity:     20.1974 (34.5541%)
   Hydro: 10.7229 (0.183449%)
   Regrid: 2.61832 (4.47949%)
   Compare Analytic: 24.5711 (42.0369%)
   Find Localities: 0 (0%)
----------------------------------------
Total multipole launches on locality 0: 2485
CPU multipole launches on locality 0: 2485
CUDA multipole launches on locality 0: 0
=> Percentage of multipole on the GPU on locality 0: 0
----------------------------------------
Total non-rho-multipole launches on locality 0: 2205
CPU non-rho-multipole launches on locality 0: 2205
CUDA non-rho-multipole launches on locality 0: 0
=> Percentage of non-rho-multipole on the GPU on locality 0: 0
----------------------------------------
Total p2p launches on locality 0: 33098
CPU p2p launches on locality 0: 33098
CUDA p2p launches on locality 0: 0
OS-thread 0 on locality 3: Initialized thread_local memory!
OS-thread 29 on locality 3: Initialized thread_local memory!
OS-thread 23 on locality 3: Initialized thread_local memory!
OS-thread 19 on locality 3: Initialized thread_local memory!
OS-thread 25 on locality 3: Initialized thread_local memory!
OS-thread 5 on locality 3: Initialized thread_local memory!
OS-thread 22 on locality 3: Initialized thread_local memory!
OS-thread 17 on locality 3: Initialized thread_local memory!
OS-thread 10 on locality 3: Initialized thread_local memory!
OS-thread 24 on locality 3: Initialized thread_local memory!
Initializing cell_geometry 3 8 14
----------------------------------------
Total multipole launches on locality 3: 2485
CPU multipole launches on locality 3: 2485
CUDA multipole launches on locality 3: 0
=> Percentage of multipole on the GPU on locality 3: 0
----------------------------------------
Total non-rho-multipole launches on locality 3: 2205
CPU non-rho-multipole launches on locality 3: 2205
CUDA non-rho-multipole launches on locality 3: 0
=> Percentage of non-rho-multipole on the GPU on locality 3: 0
----------------------------------------
Total p2p launches on locality 3: 33098
CPU p2p launches on locality 3: 33098
CUDA p2p launches on locality 3: 0
OS-thread 0 on locality 1: Initialized thread_local memory!
OS-thread 12 on locality 1: Initialized thread_local memory!
OS-thread 2 on locality 1: Initialized thread_local memory!
OS-thread 26 on locality 1: Initialized thread_local memory!
OS-thread 11 on locality 1: Initialized thread_local memory!
OS-thread 20 on locality 1: Initialized thread_local memory!
OS-thread 15 on locality 1: Initialized thread_local memory!
OS-thread 8 on locality 1: Initialized thread_local memory!
OS-thread 13 on locality 1: Initialized thread_local memory!
OS-thread 24 on locality 1: Initialized thread_local memory!
OS-thread 5 on locality 1: Initialized thread_local memory!
OS-thread 25 on locality 1: Initialized thread_local memory!
Initializing cell_geometry 3 8 14
----------------------------------------
Total multipole launches on locality 1: 2485
CPU multipole launches on locality 1: 2485
CUDA multipole launches on locality 1: 0
=> Percentage of multipole on the GPU on locality 1: 0
----------------------------------------
Total non-rho-multipole launches on locality 1: 2205
CPU non-rho-multipole launches on locality 1: 2205
CUDA non-rho-multipole launches on locality 1: 0
=> Percentage of non-rho-multipole on the GPU on locality 1: 0
----------------------------------------
Total p2p launches on locality 1: 33098
CPU p2p launches on locality 1: 33098
CUDA p2p launches on locality 1: 0
=> Percentage of p2p on the GPU on locality 0: 0
========================================
========================================
Total multipole launches: 9940
CPU multipole launches: 9940
CUDA multipole launches: 0
=> Percentage of multipole on the GPU: 0
========================================
Total non-rho-multipole launches: 8820
CPU non-rho-multipole launches: 8820
CUDA non-rho-multipole launches: 0
=> Percentage of non-rho-multipole on the GPU: 0
========================================
Total p2p launches: 132392
CPU p2p launches: 132392
CUDA p2p launches: 0
=> Percentage of p2p on the GPU: 0
Exiting...
/agas{locality#0/total}/count/route,1,68.402754,[s],12
/agas{locality#1/total}/count/route,1,68.396315,[s],10
/agas{locality#2/total}/count/route,1,68.395608,[s],8
/agas{locality#3/total}/count/route,1,68.395697,[s],10
/agas{locality#0/total}/time/route,1,68.402197,[s],526469,[ns]
/agas{locality#1/total}/time/route,1,68.396924,[s],1.31474e+06,[ns]
/agas{locality#2/total}/time/route,1,68.395700,[s],278690,[ns]
/agas{locality#3/total}/time/route,1,68.391906,[s],977834,[ns]
/agas{locality#0/total}/count/bind_gid,1,68.403110,[s],34
/agas{locality#1/total}/count/bind_gid,1,68.396331,[s],27
/agas{locality#2/total}/count/bind_gid,1,68.396193,[s],24
/agas{locality#3/total}/count/bind_gid,1,68.391671,[s],29
/agas{locality#0/total}/time/bind_gid,1,68.401884,[s],87277,[ns]
/agas{locality#1/total}/time/bind_gid,1,68.397773,[s],42923,[ns]
/agas{locality#2/total}/time/bind_gid,1,68.396784,[s],36322,[ns]
/agas{locality#3/total}/time/bind_gid,1,68.399478,[s],54806,[ns]
/agas{locality#0/total}/count/unbind_gid,1,68.402152,[s],19
/agas{locality#1/total}/count/unbind_gid,1,68.396747,[s],17
/agas{locality#2/total}/count/unbind_gid,1,68.396219,[s],14
/agas{locality#3/total}/count/unbind_gid,1,68.391811,[s],19
/agas{locality#0/total}/time/unbind_gid,1,68.402083,[s],41499,[ns]
/agas{locality#1/total}/time/unbind_gid,1,68.399759,[s],24149,[ns]
/agas{locality#2/total}/time/unbind_gid,1,68.396379,[s],28277,[ns]
/agas{locality#3/total}/time/unbind_gid,1,68.391911,[s],24544,[ns]
/agas{locality#0/total}/count/resolve_gid,1,68.402235,[s],1.04169e+06
/agas{locality#1/total}/count/resolve_gid,1,68.398518,[s],1.03699e+06
/agas{locality#2/total}/count/resolve_gid,1,68.396935,[s],1.037e+06
/agas{locality#3/total}/count/resolve_gid,1,68.391858,[s],1.03698e+06
/agas{locality#0/total}/time/resolve_gid,1,68.402583,[s],5.46908e+10,[ns]
/agas{locality#1/total}/time/resolve_gid,1,68.399756,[s],3.6861e+10,[ns]
/agas{locality#2/total}/time/resolve_gid,1,68.396224,[s],3.34567e+10,[ns]
/agas{locality#3/total}/time/resolve_gid,1,68.392346,[s],2.86774e+10,[ns]
/agas{locality#0/total}/count/increment_credit,1,68.403553,[s],227
/agas{locality#1/total}/count/increment_credit,1,68.399464,[s],226
/agas{locality#2/total}/count/increment_credit,1,68.399740,[s],226
/agas{locality#3/total}/count/increment_credit,1,68.399794,[s],227
/agas{locality#0/total}/count/decrement_credit,1,68.404267,[s],70
/agas{locality#1/total}/count/decrement_credit,1,68.399158,[s],90
/agas{locality#2/total}/count/decrement_credit,1,68.396867,[s],87
/agas{locality#3/total}/count/decrement_credit,1,68.399380,[s],79
/agas{locality#0/total}/time/decrement_credit,1,68.403835,[s],5.69956e+06,[ns]
/agas{locality#1/total}/time/decrement_credit,1,68.399677,[s],1.53178e+06,[ns]
/agas{locality#2/total}/time/decrement_credit,1,68.397098,[s],1.62799e+06,[ns]
/agas{locality#3/total}/time/decrement_credit,1,68.399868,[s],1.54929e+06,[ns]
/agas{locality#0/total}/time/increment_credit,1,68.404447,[s],309036,[ns]
/agas{locality#1/total}/time/increment_credit,1,68.398843,[s],247475,[ns]
/agas{locality#2/total}/time/increment_credit,1,68.399870,[s],235713,[ns]
/agas{locality#3/total}/time/increment_credit,1,68.392532,[s],285093,[ns]
/agas{locality#0/total}/count/allocate,1,68.405281,[s],17
/agas{locality#1/total}/count/allocate,1,68.398931,[s],12
/agas{locality#2/total}/count/allocate,1,68.399481,[s],13
/agas{locality#3/total}/count/allocate,1,68.384782,[s],13
/agas{locality#0/total}/time/allocate,1,68.405159,[s],8107,[ns]
/agas{locality#1/total}/time/allocate,1,68.400272,[s],7740,[ns]
/agas{locality#2/total}/time/allocate,1,68.397266,[s],7232,[ns]
/agas{locality#3/total}/time/allocate,1,68.400346,[s],8066,[ns]
/agas{locality#0/total}/count/begin_migration,1,68.404776,[s],0
/agas{locality#1/total}/count/begin_migration,1,68.399926,[s],0
/agas{locality#2/total}/count/begin_migration,1,68.399781,[s],0
/agas{locality#3/total}/count/begin_migration,1,68.396630,[s],0
/agas{locality#0/total}/time/begin_migration,1,68.405676,[s],0,[ns]
/agas{locality#1/total}/time/begin_migration,1,68.400354,[s],0,[ns]
/agas{locality#2/total}/time/begin_migration,1,68.400092,[s],0,[ns]
/agas{locality#3/total}/time/begin_migration,1,68.392898,[s],0,[ns]
/agas{locality#0/total}/count/end_migration,1,68.405393,[s],0
/agas{locality#1/total}/count/end_migration,1,68.398621,[s],0
/agas{locality#2/total}/count/end_migration,1,68.399829,[s],0
/agas{locality#3/total}/count/end_migration,1,68.400294,[s],0
/agas{locality#0/total}/time/end_migration,1,68.405594,[s],0,[ns]
/agas{locality#1/total}/time/end_migration,1,68.400097,[s],0,[ns]
/agas{locality#2/total}/time/end_migration,1,68.397350,[s],0,[ns]
/agas{locality#3/total}/time/end_migration,1,68.396878,[s],0,[ns]
/agas{locality#0/total}/count/bind_prefix,1,68.404391,[s],0
/agas{locality#0/total}/time/bind_prefix,1,68.405480,[s],0,[ns]
/agas{locality#0/total}/count/bind_name,1,68.404685,[s],0
/agas{locality#0/total}/time/bind_name,1,68.405650,[s],0,[ns]
/agas{locality#0/total}/count/unbind_name,1,68.402879,[s],0
/agas{locality#0/total}/time/unbind_name,1,68.403584,[s],0,[ns]
/agas{locality#0/total}/count/resolve_id,1,68.402864,[s],0
/agas{locality#0/total}/time/resolve_id,1,68.404221,[s],0,[ns]
/agas{locality#0/total}/time/iterate_types,1,68.403262,[s],0,[ns]
/agas{locality#0/total}/count/iterate_types,1,68.403923,[s],0
/agas{locality#0/total}/count/get_component_typename,1,68.403110,[s],0
/agas{locality#0/total}/time/get_component_typename,1,68.403033,[s],0,[ns]
/agas{locality#0/total}/count/num_localities_type,1,68.404046,[s],0
/agas{locality#0/total}/time/num_localities_type,1,68.403728,[s],0,[ns]
/agas{locality#0/total}/count/free,1,68.404162,[s],0
/agas{locality#0/total}/time/free,1,68.402981,[s],0,[ns]
/agas{locality#0/total}/count/localities,1,68.403354,[s],4
/agas{locality#0/total}/time/localities,1,68.404337,[s],6462,[ns]
/agas{locality#0/total}/count/num_localities,1,68.403547,[s],561
/agas{locality#0/total}/time/num_localities,1,68.402946,[s],101842,[ns]
/agas{locality#0/total}/count/resolve_locality,1,68.406002,[s],0
/agas{locality#0/total}/time/resolve_locality,1,68.406104,[s],0,[ns]
/agas{locality#0/total}/count/num_threads,1,68.404780,[s],0
/agas{locality#0/total}/time/num_threads,1,68.405738,[s],0,[ns]
/agas{locality#0/total}/count/bind,1,68.405490,[s],129
/agas{locality#1/total}/count/bind,1,68.400571,[s],124
/agas{locality#2/total}/count/bind,1,68.400568,[s],139
/agas{locality#3/total}/count/bind,1,68.400092,[s],130
/agas{locality#0/total}/time/bind,1,68.405891,[s],272859,[ns]
/agas{locality#1/total}/time/bind,1,68.399530,[s],224241,[ns]
/agas{locality#2/total}/time/bind,1,68.386174,[s],252326,[ns]
/agas{locality#3/total}/time/bind,1,68.400785,[s],243336,[ns]
/agas{locality#0/total}/count/unbind,1,68.405990,[s],0
/agas{locality#1/total}/count/unbind,1,68.397673,[s],0
/agas{locality#2/total}/count/unbind,1,68.396833,[s],0
/agas{locality#3/total}/count/unbind,1,68.393245,[s],0
/agas{locality#0/total}/time/unbind,1,68.405847,[s],0,[ns]
/agas{locality#1/total}/time/unbind,1,68.398386,[s],0,[ns]
/agas{locality#2/total}/time/unbind,1,68.397786,[s],0,[ns]
/agas{locality#3/total}/time/unbind,1,68.397349,[s],0,[ns]
/agas{locality#0/total}/count/resolve,1,68.406339,[s],168
/agas{locality#1/total}/count/resolve,1,68.399663,[s],121
/agas{locality#2/total}/count/resolve,1,68.398383,[s],133
/agas{locality#3/total}/count/resolve,1,68.393301,[s],127
/agas{locality#0/total}/time/resolve,1,68.406528,[s],244262,[ns]
/agas{locality#1/total}/time/resolve,1,68.399081,[s],130360,[ns]
/agas{locality#2/total}/time/resolve,1,68.398066,[s],141768,[ns]
/agas{locality#3/total}/time/resolve,1,68.393387,[s],138125,[ns]
/agas{locality#0/total}/count/iterate_names,1,68.406312,[s],0
/agas{locality#1/total}/count/iterate_names,1,68.399082,[s],0
/agas{locality#2/total}/count/iterate_names,1,68.397838,[s],0
/agas{locality#3/total}/count/iterate_names,1,68.397548,[s],0
/agas{locality#0/total}/time/iterate_names,1,68.405922,[s],0,[ns]
/agas{locality#1/total}/time/iterate_names,1,68.399476,[s],0,[ns]
/agas{locality#2/total}/time/iterate_names,1,68.398643,[s],0,[ns]
/agas{locality#3/total}/time/iterate_names,1,68.394120,[s],0,[ns]
/agas{locality#0/total}/count/on_symbol_namespace_event,1,68.406295,[s],0
/agas{locality#1/total}/count/on_symbol_namespace_event,1,68.399686,[s],0
/agas{locality#2/total}/count/on_symbol_namespace_event,1,68.398533,[s],0
/agas{locality#3/total}/count/on_symbol_namespace_event,1,68.397977,[s],0
/agas{locality#0/total}/time/on_symbol_namespace_event,1,68.406452,[s],0,[ns]
/agas{locality#1/total}/time/on_symbol_namespace_event,1,68.399175,[s],0,[ns]
/agas{locality#2/total}/time/on_symbol_namespace_event,1,68.398101,[s],0,[ns]
/agas{locality#3/total}/time/on_symbol_namespace_event,1,68.393992,[s],0,[ns]
/agas{locality#0/total}/count/cache/entries,1,68.405258,[s],447
/agas{locality#1/total}/count/cache/entries,1,68.399544,[s],4
/agas{locality#2/total}/count/cache/entries,1,68.398471,[s],4
/agas{locality#3/total}/count/cache/entries,1,68.394147,[s],4
/agas{locality#0/total}/count/cache/insertions,1,68.404371,[s],447
/agas{locality#1/total}/count/cache/insertions,1,68.399040,[s],4
/agas{locality#2/total}/count/cache/insertions,1,68.399035,[s],4
/agas{locality#3/total}/count/cache/insertions,1,68.393887,[s],4
/agas{locality#0/total}/count/cache/evictions,1,68.404736,[s],0
/agas{locality#1/total}/count/cache/evictions,1,68.399876,[s],0
/agas{locality#2/total}/count/cache/evictions,1,68.398202,[s],0
/agas{locality#3/total}/count/cache/evictions,1,68.393965,[s],0
/agas{locality#0/total}/count/cache/hits,1,68.405646,[s],415576
/agas{locality#1/total}/count/cache/hits,1,68.399433,[s],404238
/agas{locality#2/total}/count/cache/hits,1,68.398826,[s],404238
/agas{locality#3/total}/count/cache/hits,1,68.394411,[s],404238
/agas{locality#0/total}/count/cache/misses,1,68.405642,[s],471
/agas{locality#1/total}/count/cache/misses,1,68.400808,[s],43
/agas{locality#2/total}/count/cache/misses,1,68.398544,[s],46
/agas{locality#3/total}/count/cache/misses,1,68.394182,[s],34
/agas{locality#0/total}/count/cache/get_entry,1,68.404896,[s],415603
/agas{locality#1/total}/count/cache/get_entry,1,68.400875,[s],404266
/agas{locality#2/total}/count/cache/get_entry,1,68.398832,[s],404268
/agas{locality#3/total}/count/cache/get_entry,1,68.393974,[s],404260
/agas{locality#0/total}/time/cache/get_entry,1,68.405261,[s],2.44447e+08,[ns]
/agas{locality#1/total}/time/cache/get_entry,1,68.400095,[s],1.43071e+08,[ns]
/agas{locality#2/total}/time/cache/get_entry,1,68.399540,[s],1.47806e+08,[ns]
/agas{locality#3/total}/time/cache/get_entry,1,68.394474,[s],1.55728e+08,[ns]
/agas{locality#0/total}/count/cache/insert_entry,1,68.405434,[s],447
/agas{locality#1/total}/count/cache/insert_entry,1,68.399746,[s],4
/agas{locality#2/total}/count/cache/insert_entry,1,68.398392,[s],4
/agas{locality#3/total}/count/cache/insert_entry,1,68.402199,[s],4
/agas{locality#0/total}/time/cache/insert_entry,1,68.405351,[s],228176
/agas{locality#1/total}/time/cache/insert_entry,1,68.401025,[s],4976
/agas{locality#2/total}/time/cache/insert_entry,1,68.399160,[s],4853
/agas{locality#3/total}/time/cache/insert_entry,1,68.402321,[s],6585
/agas{locality#0/total}/count/cache/update_entry,1,68.405631,[s],450
/agas{locality#1/total}/count/cache/update_entry,1,68.400982,[s],15
/agas{locality#2/total}/count/cache/update_entry,1,68.398649,[s],16
/agas{locality#3/total}/count/cache/update_entry,1,68.394517,[s],12
/agas{locality#0/total}/time/cache/update_entry,1,68.404837,[s],393714,[ns]
/agas{locality#1/total}/time/cache/update_entry,1,68.401655,[s],11527,[ns]
/agas{locality#2/total}/time/cache/update_entry,1,68.399582,[s],13961,[ns]
/agas{locality#3/total}/time/cache/update_entry,1,68.394560,[s],13493,[ns]
/agas{locality#0/total}/count/cache/erase_entry,1,68.406230,[s],0
/agas{locality#1/total}/count/cache/erase_entry,1,68.401975,[s],0
/agas{locality#2/total}/count/cache/erase_entry,1,68.399318,[s],0
/agas{locality#3/total}/count/cache/erase_entry,1,68.402409,[s],0
/agas{locality#0/total}/time/cache/erase_entry,1,68.406195,[s],0
/agas{locality#1/total}/time/cache/erase_entry,1,68.401385,[s],0
/agas{locality#2/total}/time/cache/erase_entry,1,68.402603,[s],0
/agas{locality#3/total}/time/cache/erase_entry,1,68.402922,[s],0
/agas{locality#0/total}/primary/count,1,68.405281,[s],1.04207e+06
/agas{locality#1/total}/primary/count,1,68.402554,[s],1.03737e+06
/agas{locality#2/total}/primary/count,1,68.398991,[s],1.03737e+06
/agas{locality#3/total}/primary/count,1,68.387514,[s],1.03736e+06
/agas{locality#0/total}/primary/time,1,68.406731,[s],5.46975e+10,[ns]
/agas{locality#1/total}/primary/time,1,68.401299,[s],3.68642e+10,[ns]
/agas{locality#2/total}/primary/time,1,68.402329,[s],3.34589e+10,[ns]
/agas{locality#3/total}/primary/time,1,68.399362,[s],2.86803e+10,[ns]
/agas{locality#0/total}/component/count,1,68.405499,[s],0
/agas{locality#0/total}/component/time,1,68.408413,[s],0,[ns]
/agas{locality#0/total}/locality/count,1,68.408605,[s],565
/agas{locality#0/total}/locality/time,1,68.408511,[s],108304,[ns]
/agas{locality#0/total}/symbol/count,1,68.407666,[s],297
/agas{locality#1/total}/symbol/count,1,68.401998,[s],245
/agas{locality#2/total}/symbol/count,1,68.400502,[s],272
/agas{locality#3/total}/symbol/count,1,68.402726,[s],257
/agas{locality#0/total}/symbol/time,1,68.407644,[s],517121,[ns]
/agas{locality#1/total}/symbol/time,1,68.401356,[s],354601,[ns]
/agas{locality#2/total}/symbol/time,1,68.403108,[s],394094,[ns]
/agas{locality#3/total}/symbol/time,1,68.403322,[s],381461,[ns]
/threads{locality#0/total/total}/count/cumulative,1,68.407353,[s],1.14498e+06
/threads{locality#1/total/total}/count/cumulative,1,68.401598,[s],1.15649e+06
/threads{locality#2/total/total}/count/cumulative,1,68.403466,[s],1.14334e+06
/threads{locality#3/total/total}/count/cumulative,1,68.399868,[s],1.14037e+06
/threads{locality#0/pool#default/worker-thread#0}/count/cumulative,1,68.408721,[s],35314
/threads{locality#0/pool#default/worker-thread#1}/count/cumulative,1,68.408913,[s],35480
/threads{locality#0/pool#default/worker-thread#2}/count/cumulative,1,68.408154,[s],35825
/threads{locality#0/pool#default/worker-thread#3}/count/cumulative,1,68.407883,[s],35273
/threads{locality#0/pool#default/worker-thread#4}/count/cumulative,1,68.408839,[s],36416
/threads{locality#0/pool#default/worker-thread#5}/count/cumulative,1,68.407409,[s],35851
/threads{locality#0/pool#default/worker-thread#6}/count/cumulative,1,68.408291,[s],35785
/threads{locality#0/pool#default/worker-thread#7}/count/cumulative,1,68.408409,[s],36040
/threads{locality#0/pool#default/worker-thread#8}/count/cumulative,1,68.408663,[s],35438
/threads{locality#0/pool#default/worker-thread#9}/count/cumulative,1,68.408001,[s],35991
/threads{locality#0/pool#default/worker-thread#10}/count/cumulative,1,68.406023,[s],36393
/threads{locality#0/pool#default/worker-thread#11}/count/cumulative,1,68.406794,[s],36059
/threads{locality#0/pool#default/worker-thread#12}/count/cumulative,1,68.406603,[s],35334
/threads{locality#0/pool#default/worker-thread#13}/count/cumulative,1,68.406725,[s],35601
/threads{locality#0/pool#default/worker-thread#14}/count/cumulative,1,68.407154,[s],35436
/threads{locality#0/pool#default/worker-thread#15}/count/cumulative,1,68.405894,[s],36154
/threads{locality#0/pool#default/worker-thread#16}/count/cumulative,1,68.407059,[s],34664
/threads{locality#0/pool#default/worker-thread#17}/count/cumulative,1,68.406134,[s],35818
/threads{locality#0/pool#default/worker-thread#18}/count/cumulative,1,68.407343,[s],35649
/threads{locality#0/pool#default/worker-thread#19}/count/cumulative,1,68.405997,[s],35916
/threads{locality#0/pool#default/worker-thread#20}/count/cumulative,1,68.406554,[s],35358
/threads{locality#0/pool#default/worker-thread#21}/count/cumulative,1,68.407282,[s],36138
/threads{locality#0/pool#default/worker-thread#22}/count/cumulative,1,68.405955,[s],35655
/threads{locality#0/pool#default/worker-thread#23}/count/cumulative,1,68.406981,[s],36187
/threads{locality#0/pool#default/worker-thread#24}/count/cumulative,1,68.406335,[s],36595
/threads{locality#0/pool#default/worker-thread#25}/count/cumulative,1,68.406221,[s],36129
/threads{locality#0/pool#default/worker-thread#26}/count/cumulative,1,68.407907,[s],35948
/threads{locality#0/pool#default/worker-thread#27}/count/cumulative,1,68.409134,[s],35594
/threads{locality#0/pool#default/worker-thread#28}/count/cumulative,1,68.407812,[s],35908
/threads{locality#0/pool#default/worker-thread#29}/count/cumulative,1,68.408204,[s],35508
/threads{locality#0/pool#default/worker-thread#30}/count/cumulative,1,68.408289,[s],35818
/threads{locality#0/pool#default/worker-thread#31}/count/cumulative,1,68.408976,[s],35703
/threads{locality#1/pool#default/worker-thread#0}/count/cumulative,1,68.402100,[s],35268
/threads{locality#1/pool#default/worker-thread#1}/count/cumulative,1,68.403762,[s],35324
/threads{locality#1/pool#default/worker-thread#2}/count/cumulative,1,68.401863,[s],36146
/threads{locality#1/pool#default/worker-thread#3}/count/cumulative,1,68.403535,[s],35746
/threads{locality#1/pool#default/worker-thread#4}/count/cumulative,1,68.403756,[s],35905
/threads{locality#1/pool#default/worker-thread#5}/count/cumulative,1,68.400974,[s],36418
/threads{locality#1/pool#default/worker-thread#6}/count/cumulative,1,68.403900,[s],36546
/threads{locality#1/pool#default/worker-thread#7}/count/cumulative,1,68.402582,[s],36521
/threads{locality#1/pool#default/worker-thread#8}/count/cumulative,1,68.401433,[s],36422
/threads{locality#1/pool#default/worker-thread#9}/count/cumulative,1,68.400750,[s],36979
/threads{locality#1/pool#default/worker-thread#10}/count/cumulative,1,68.401139,[s],36048
/threads{locality#1/pool#default/worker-thread#11}/count/cumulative,1,68.400905,[s],37001
/threads{locality#1/pool#default/worker-thread#12}/count/cumulative,1,68.401745,[s],36413
/threads{locality#1/pool#default/worker-thread#13}/count/cumulative,1,68.401351,[s],36243
/threads{locality#1/pool#default/worker-thread#14}/count/cumulative,1,68.401866,[s],35561
/threads{locality#1/pool#default/worker-thread#15}/count/cumulative,1,68.401194,[s],35869
/threads{locality#1/pool#default/worker-thread#16}/count/cumulative,1,68.400809,[s],34591
/threads{locality#1/pool#default/worker-thread#17}/count/cumulative,1,68.403370,[s],36041
/threads{locality#1/pool#default/worker-thread#18}/count/cumulative,1,68.403599,[s],36619
/threads{locality#1/pool#default/worker-thread#19}/count/cumulative,1,68.402861,[s],36433
/threads{locality#1/pool#default/worker-thread#20}/count/cumulative,1,68.402807,[s],35824
/threads{locality#1/pool#default/worker-thread#21}/count/cumulative,1,68.404357,[s],36461
/threads{locality#1/pool#default/worker-thread#22}/count/cumulative,1,68.403225,[s],36297
/threads{locality#1/pool#default/worker-thread#23}/count/cumulative,1,68.400989,[s],35643
/threads{locality#1/pool#default/worker-thread#24}/count/cumulative,1,68.400940,[s],36044
/threads{locality#1/pool#default/worker-thread#25}/count/cumulative,1,68.403343,[s],36368
/threads{locality#1/pool#default/worker-thread#26}/count/cumulative,1,68.404191,[s],35442
/threads{locality#1/pool#default/worker-thread#27}/count/cumulative,1,68.403221,[s],36718
/threads{locality#1/pool#default/worker-thread#28}/count/cumulative,1,68.403352,[s],36187
/threads{locality#1/pool#default/worker-thread#29}/count/cumulative,1,68.401051,[s],36328
/threads{locality#1/pool#default/worker-thread#30}/count/cumulative,1,68.401463,[s],36537
/threads{locality#1/pool#default/worker-thread#31}/count/cumulative,1,68.400856,[s],36563
/threads{locality#2/pool#default/worker-thread#0}/count/cumulative,1,68.403691,[s],35267
/threads{locality#2/pool#default/worker-thread#1}/count/cumulative,1,68.403414,[s],35560
/threads{locality#2/pool#default/worker-thread#2}/count/cumulative,1,68.401044,[s],35813
/threads{locality#2/pool#default/worker-thread#3}/count/cumulative,1,68.403543,[s],36261
/threads{locality#2/pool#default/worker-thread#4}/count/cumulative,1,68.404127,[s],35827
/threads{locality#2/pool#default/worker-thread#5}/count/cumulative,1,68.400701,[s],35923
/threads{locality#2/pool#default/worker-thread#6}/count/cumulative,1,68.404611,[s],35847
/threads{locality#2/pool#default/worker-thread#7}/count/cumulative,1,68.401816,[s],35385
/threads{locality#2/pool#default/worker-thread#8}/count/cumulative,1,68.404234,[s],35546
/threads{locality#2/pool#default/worker-thread#9}/count/cumulative,1,68.400247,[s],36193
/threads{locality#2/pool#default/worker-thread#10}/count/cumulative,1,68.401119,[s],36525
/threads{locality#2/pool#default/worker-thread#11}/count/cumulative,1,68.404306,[s],36029
/threads{locality#2/pool#default/worker-thread#12}/count/cumulative,1,68.400657,[s],35354
/threads{locality#2/pool#default/worker-thread#13}/count/cumulative,1,68.404257,[s],35367
/threads{locality#2/pool#default/worker-thread#14}/count/cumulative,1,68.400540,[s],35881
/threads{locality#2/pool#default/worker-thread#15}/count/cumulative,1,68.401393,[s],35115
/threads{locality#2/pool#default/worker-thread#16}/count/cumulative,1,68.400865,[s],34162
/threads{locality#2/pool#default/worker-thread#17}/count/cumulative,1,68.400823,[s],35765
/threads{locality#2/pool#default/worker-thread#18}/count/cumulative,1,68.400534,[s],35622
/threads{locality#2/pool#default/worker-thread#19}/count/cumulative,1,68.400962,[s],35675
/threads{locality#2/pool#default/worker-thread#20}/count/cumulative,1,68.400510,[s],35497
/threads{locality#2/pool#default/worker-thread#21}/count/cumulative,1,68.400638,[s],35973
/threads{locality#2/pool#default/worker-thread#22}/count/cumulative,1,68.401875,[s],36082
/threads{locality#2/pool#default/worker-thread#23}/count/cumulative,1,68.401315,[s],35574
/threads{locality#2/pool#default/worker-thread#24}/count/cumulative,1,68.401224,[s],35902
/threads{locality#2/pool#default/worker-thread#25}/count/cumulative,1,68.401146,[s],35884
/threads{locality#2/pool#default/worker-thread#26}/count/cumulative,1,68.401208,[s],35675
/threads{locality#2/pool#default/worker-thread#27}/count/cumulative,1,68.400776,[s],36118
/threads{locality#2/pool#default/worker-thread#28}/count/cumulative,1,68.401381,[s],35439
/threads{locality#2/pool#default/worker-thread#29}/count/cumulative,1,68.404230,[s],35473
/threads{locality#2/pool#default/worker-thread#30}/count/cumulative,1,68.404526,[s],36529
/threads{locality#2/pool#default/worker-thread#31}/count/cumulative,1,68.404712,[s],36085
/threads{locality#3/pool#default/worker-thread#0}/count/cumulative,1,68.403906,[s],35106
/threads{locality#3/pool#default/worker-thread#1}/count/cumulative,1,68.400821,[s],35495
/threads{locality#3/pool#default/worker-thread#2}/count/cumulative,1,68.396685,[s],35457
/threads{locality#3/pool#default/worker-thread#3}/count/cumulative,1,68.396390,[s],36385
/threads{locality#3/pool#default/worker-thread#4}/count/cumulative,1,68.404279,[s],35769
/threads{locality#3/pool#default/worker-thread#5}/count/cumulative,1,68.404631,[s],35678
/threads{locality#3/pool#default/worker-thread#6}/count/cumulative,1,68.396722,[s],36369
/threads{locality#3/pool#default/worker-thread#7}/count/cumulative,1,68.401011,[s],35193
/threads{locality#3/pool#default/worker-thread#8}/count/cumulative,1,68.400960,[s],36048
/threads{locality#3/pool#default/worker-thread#9}/count/cumulative,1,68.396349,[s],36049
/threads{locality#3/pool#default/worker-thread#10}/count/cumulative,1,68.396581,[s],35669
/threads{locality#3/pool#default/worker-thread#11}/count/cumulative,1,68.396549,[s],35376
/threads{locality#3/pool#default/worker-thread#12}/count/cumulative,1,68.396612,[s],35949
/threads{locality#3/pool#default/worker-thread#13}/count/cumulative,1,68.396912,[s],35339
/threads{locality#3/pool#default/worker-thread#14}/count/cumulative,1,68.396853,[s],35356
/threads{locality#3/pool#default/worker-thread#15}/count/cumulative,1,68.396811,[s],34878
/threads{locality#3/pool#default/worker-thread#16}/count/cumulative,1,68.397243,[s],34517
/threads{locality#3/pool#default/worker-thread#17}/count/cumulative,1,68.396904,[s],35304
/threads{locality#3/pool#default/worker-thread#18}/count/cumulative,1,68.401409,[s],35600
/threads{locality#3/pool#default/worker-thread#19}/count/cumulative,1,68.397168,[s],36205
/threads{locality#3/pool#default/worker-thread#20}/count/cumulative,1,68.404836,[s],35714
/threads{locality#3/pool#default/worker-thread#21}/count/cumulative,1,68.405248,[s],35650
/threads{locality#3/pool#default/worker-thread#22}/count/cumulative,1,68.396882,[s],35928
/threads{locality#3/pool#default/worker-thread#23}/count/cumulative,1,68.397601,[s],35896
/threads{locality#3/pool#default/worker-thread#24}/count/cumulative,1,68.404551,[s],35062
/threads{locality#3/pool#default/worker-thread#25}/count/cumulative,1,68.397262,[s],35361
/threads{locality#3/pool#default/worker-thread#26}/count/cumulative,1,68.404687,[s],36300
/threads{locality#3/pool#default/worker-thread#27}/count/cumulative,1,68.404975,[s],35438
/threads{locality#3/pool#default/worker-thread#28}/count/cumulative,1,68.405048,[s],36116
/threads{locality#3/pool#default/worker-thread#29}/count/cumulative,1,68.396661,[s],34832
/threads{locality#3/pool#default/worker-thread#30}/count/cumulative,1,68.401063,[s],36164
/threads{locality#3/pool#default/worker-thread#31}/count/cumulative,1,68.396960,[s],36188
/threads{locality#0/total/total}/count/cumulative-phases,1,68.407422,[s],3.70242e+06
/threads{locality#1/total/total}/count/cumulative-phases,1,68.403907,[s],4.32802e+06
/threads{locality#2/total/total}/count/cumulative-phases,1,68.400971,[s],4.09339e+06
/threads{locality#3/total/total}/count/cumulative-phases,1,68.401526,[s],4.32568e+06
/threads{locality#0/pool#default/worker-thread#0}/count/cumulative-phases,1,68.407468,[s],105691
/threads{locality#0/pool#default/worker-thread#1}/count/cumulative-phases,1,68.408308,[s],116266
/threads{locality#0/pool#default/worker-thread#2}/count/cumulative-phases,1,68.407786,[s],124534
/threads{locality#0/pool#default/worker-thread#3}/count/cumulative-phases,1,68.408236,[s],110415
/threads{locality#0/pool#default/worker-thread#4}/count/cumulative-phases,1,68.408122,[s],112243
/threads{locality#0/pool#default/worker-thread#5}/count/cumulative-phases,1,68.407641,[s],120228
/threads{locality#0/pool#default/worker-thread#6}/count/cumulative-phases,1,68.408571,[s],115258
/threads{locality#0/pool#default/worker-thread#7}/count/cumulative-phases,1,68.408845,[s],118079
/threads{locality#0/pool#default/worker-thread#8}/count/cumulative-phases,1,68.408054,[s],113345
/threads{locality#0/pool#default/worker-thread#9}/count/cumulative-phases,1,68.409556,[s],116113
/threads{locality#0/pool#default/worker-thread#10}/count/cumulative-phases,1,68.410603,[s],119170
/threads{locality#0/pool#default/worker-thread#11}/count/cumulative-phases,1,68.409019,[s],117593
/threads{locality#0/pool#default/worker-thread#12}/count/cumulative-phases,1,68.409669,[s],105435
/threads{locality#0/pool#default/worker-thread#13}/count/cumulative-phases,1,68.410334,[s],106658
/threads{locality#0/pool#default/worker-thread#14}/count/cumulative-phases,1,68.409401,[s],107680
/threads{locality#0/pool#default/worker-thread#15}/count/cumulative-phases,1,68.409301,[s],109200
/threads{locality#0/pool#default/worker-thread#16}/count/cumulative-phases,1,68.410456,[s],105255
/threads{locality#0/pool#default/worker-thread#17}/count/cumulative-phases,1,68.409785,[s],122496
/threads{locality#0/pool#default/worker-thread#18}/count/cumulative-phases,1,68.409910,[s],119089
/threads{locality#0/pool#default/worker-thread#19}/count/cumulative-phases,1,68.410028,[s],117722
/threads{locality#0/pool#default/worker-thread#20}/count/cumulative-phases,1,68.410281,[s],115288
/threads{locality#0/pool#default/worker-thread#21}/count/cumulative-phases,1,68.409049,[s],115418
/threads{locality#0/pool#default/worker-thread#22}/count/cumulative-phases,1,68.410825,[s],110240
/threads{locality#0/pool#default/worker-thread#23}/count/cumulative-phases,1,68.408764,[s],120418
/threads{locality#0/pool#default/worker-thread#24}/count/cumulative-phases,1,68.407505,[s],126563
/threads{locality#0/pool#default/worker-thread#25}/count/cumulative-phases,1,68.408554,[s],118785
/threads{locality#0/pool#default/worker-thread#26}/count/cumulative-phases,1,68.408427,[s],132822
/threads{locality#0/pool#default/worker-thread#27}/count/cumulative-phases,1,68.407598,[s],115536
/threads{locality#0/pool#default/worker-thread#28}/count/cumulative-phases,1,68.407545,[s],115067
/threads{locality#0/pool#default/worker-thread#29}/count/cumulative-phases,1,68.408364,[s],121983
/threads{locality#0/pool#default/worker-thread#30}/count/cumulative-phases,1,68.408883,[s],115673
/threads{locality#0/pool#default/worker-thread#31}/count/cumulative-phases,1,68.407935,[s],112234
/threads{locality#1/pool#default/worker-thread#0}/count/cumulative-phases,1,68.404923,[s],134649
/threads{locality#1/pool#default/worker-thread#1}/count/cumulative-phases,1,68.403695,[s],131752
/threads{locality#1/pool#default/worker-thread#2}/count/cumulative-phases,1,68.404853,[s],137581
/threads{locality#1/pool#default/worker-thread#3}/count/cumulative-phases,1,68.403452,[s],135642
/threads{locality#1/pool#default/worker-thread#4}/count/cumulative-phases,1,68.404460,[s],142740
/threads{locality#1/pool#default/worker-thread#5}/count/cumulative-phases,1,68.403031,[s],143121
/threads{locality#1/pool#default/worker-thread#6}/count/cumulative-phases,1,68.402861,[s],141545
/threads{locality#1/pool#default/worker-thread#7}/count/cumulative-phases,1,68.402355,[s],155392
/threads{locality#1/pool#default/worker-thread#8}/count/cumulative-phases,1,68.404074,[s],145919
/threads{locality#1/pool#default/worker-thread#9}/count/cumulative-phases,1,68.404262,[s],143912
/threads{locality#1/pool#default/worker-thread#10}/count/cumulative-phases,1,68.403021,[s],138929
/threads{locality#1/pool#default/worker-thread#11}/count/cumulative-phases,1,68.403388,[s],140707
/threads{locality#1/pool#default/worker-thread#12}/count/cumulative-phases,1,68.403055,[s],129080
/threads{locality#1/pool#default/worker-thread#13}/count/cumulative-phases,1,68.402789,[s],133587
/threads{locality#1/pool#default/worker-thread#14}/count/cumulative-phases,1,68.405287,[s],139726
/threads{locality#1/pool#default/worker-thread#15}/count/cumulative-phases,1,68.404646,[s],132145
/threads{locality#1/pool#default/worker-thread#16}/count/cumulative-phases,1,68.405941,[s],125348
/threads{locality#1/pool#default/worker-thread#17}/count/cumulative-phases,1,68.406142,[s],123002
/threads{locality#1/pool#default/worker-thread#18}/count/cumulative-phases,1,68.406052,[s],134262
/threads{locality#1/pool#default/worker-thread#19}/count/cumulative-phases,1,68.406219,[s],139029
/threads{locality#1/pool#default/worker-thread#20}/count/cumulative-phases,1,68.404879,[s],128220
/threads{locality#1/pool#default/worker-thread#21}/count/cumulative-phases,1,68.405182,[s],126653
/threads{locality#1/pool#default/worker-thread#22}/count/cumulative-phases,1,68.403507,[s],119849
/threads{locality#1/pool#default/worker-thread#23}/count/cumulative-phases,1,68.403356,[s],133534
/threads{locality#1/pool#default/worker-thread#24}/count/cumulative-phases,1,68.405446,[s],132729
/threads{locality#1/pool#default/worker-thread#25}/count/cumulative-phases,1,68.402672,[s],131530
/threads{locality#1/pool#default/worker-thread#26}/count/cumulative-phases,1,68.403011,[s],131272
/threads{locality#1/pool#default/worker-thread#27}/count/cumulative-phases,1,68.403456,[s],136888
/threads{locality#1/pool#default/worker-thread#28}/count/cumulative-phases,1,68.402749,[s],132828
/threads{locality#1/pool#default/worker-thread#29}/count/cumulative-phases,1,68.402924,[s],138315
/threads{locality#1/pool#default/worker-thread#30}/count/cumulative-phases,1,68.402667,[s],127085
/threads{locality#1/pool#default/worker-thread#31}/count/cumulative-phases,1,68.405766,[s],141207
/threads{locality#2/pool#default/worker-thread#0}/count/cumulative-phases,1,68.402576,[s],131102
/threads{locality#2/pool#default/worker-thread#1}/count/cumulative-phases,1,68.405221,[s],124218
/threads{locality#2/pool#default/worker-thread#2}/count/cumulative-phases,1,68.405662,[s],127990
/threads{locality#2/pool#default/worker-thread#3}/count/cumulative-phases,1,68.405461,[s],139282
/threads{locality#2/pool#default/worker-thread#4}/count/cumulative-phases,1,68.401877,[s],128430
/threads{locality#2/pool#default/worker-thread#5}/count/cumulative-phases,1,68.405894,[s],132548
/threads{locality#2/pool#default/worker-thread#6}/count/cumulative-phases,1,68.402856,[s],121708
/threads{locality#2/pool#default/worker-thread#7}/count/cumulative-phases,1,68.402019,[s],122681
/threads{locality#2/pool#default/worker-thread#8}/count/cumulative-phases,1,68.405965,[s],128705
/threads{locality#2/pool#default/worker-thread#9}/count/cumulative-phases,1,68.402363,[s],126021
/threads{locality#2/pool#default/worker-thread#10}/count/cumulative-phases,1,68.402564,[s],129542
/threads{locality#2/pool#default/worker-thread#11}/count/cumulative-phases,1,68.402361,[s],125724
/threads{locality#2/pool#default/worker-thread#12}/count/cumulative-phases,1,68.403291,[s],133313
/threads{locality#2/pool#default/worker-thread#13}/count/cumulative-phases,1,68.402897,[s],119373
/threads{locality#2/pool#default/worker-thread#14}/count/cumulative-phases,1,68.402239,[s],137029
/threads{locality#2/pool#default/worker-thread#15}/count/cumulative-phases,1,68.402571,[s],124779
/threads{locality#2/pool#default/worker-thread#16}/count/cumulative-phases,1,68.402613,[s],111573
/threads{locality#2/pool#default/worker-thread#17}/count/cumulative-phases,1,68.403351,[s],130548
/threads{locality#2/pool#default/worker-thread#18}/count/cumulative-phases,1,68.402905,[s],127204
/threads{locality#2/pool#default/worker-thread#19}/count/cumulative-phases,1,68.402937,[s],122505
/threads{locality#2/pool#default/worker-thread#20}/count/cumulative-phases,1,68.403010,[s],122921
/threads{locality#2/pool#default/worker-thread#21}/count/cumulative-phases,1,68.403416,[s],132351
/threads{locality#2/pool#default/worker-thread#22}/count/cumulative-phases,1,68.402510,[s],137247
/threads{locality#2/pool#default/worker-thread#23}/count/cumulative-phases,1,68.403289,[s],131748
/threads{locality#2/pool#default/worker-thread#24}/count/cumulative-phases,1,68.406171,[s],128952
/threads{locality#2/pool#default/worker-thread#25}/count/cumulative-phases,1,68.403323,[s],120901
/threads{locality#2/pool#default/worker-thread#26}/count/cumulative-phases,1,68.406407,[s],128213
/threads{locality#2/pool#default/worker-thread#27}/count/cumulative-phases,1,68.402587,[s],130487
/threads{locality#2/pool#default/worker-thread#28}/count/cumulative-phases,1,68.403536,[s],118575
/threads{locality#2/pool#default/worker-thread#29}/count/cumulative-phases,1,68.406498,[s],128088
/threads{locality#2/pool#default/worker-thread#30}/count/cumulative-phases,1,68.406621,[s],132522
/threads{locality#2/pool#default/worker-thread#31}/count/cumulative-phases,1,68.406728,[s],137265
/threads{locality#3/pool#default/worker-thread#0}/count/cumulative-phases,1,68.406745,[s],132158
/threads{locality#3/pool#default/worker-thread#1}/count/cumulative-phases,1,68.391264,[s],135342
/threads{locality#3/pool#default/worker-thread#2}/count/cumulative-phases,1,68.406898,[s],141344
/threads{locality#3/pool#default/worker-thread#3}/count/cumulative-phases,1,68.398748,[s],140051
/threads{locality#3/pool#default/worker-thread#4}/count/cumulative-phases,1,68.406633,[s],140713
/threads{locality#3/pool#default/worker-thread#5}/count/cumulative-phases,1,68.399086,[s],144950
/threads{locality#3/pool#default/worker-thread#6}/count/cumulative-phases,1,68.398970,[s],140243
/threads{locality#3/pool#default/worker-thread#7}/count/cumulative-phases,1,68.403227,[s],129742
/threads{locality#3/pool#default/worker-thread#8}/count/cumulative-phases,1,68.399266,[s],134245
/threads{locality#3/pool#default/worker-thread#9}/count/cumulative-phases,1,68.403302,[s],139260
/threads{locality#3/pool#default/worker-thread#10}/count/cumulative-phases,1,68.398902,[s],138864
/threads{locality#3/pool#default/worker-thread#11}/count/cumulative-phases,1,68.403379,[s],131556
/threads{locality#3/pool#default/worker-thread#12}/count/cumulative-phases,1,68.398752,[s],144439
/threads{locality#3/pool#default/worker-thread#13}/count/cumulative-phases,1,68.399261,[s],138030
/threads{locality#3/pool#default/worker-thread#14}/count/cumulative-phases,1,68.403421,[s],130519
/threads{locality#3/pool#default/worker-thread#15}/count/cumulative-phases,1,68.399381,[s],138044
/threads{locality#3/pool#default/worker-thread#16}/count/cumulative-phases,1,68.398854,[s],122955
/threads{locality#3/pool#default/worker-thread#17}/count/cumulative-phases,1,68.399357,[s],127587
/threads{locality#3/pool#default/worker-thread#18}/count/cumulative-phases,1,68.403459,[s],139008
/threads{locality#3/pool#default/worker-thread#19}/count/cumulative-phases,1,68.407290,[s],143381
/threads{locality#3/pool#default/worker-thread#20}/count/cumulative-phases,1,68.399562,[s],129798
/threads{locality#3/pool#default/worker-thread#21}/count/cumulative-phases,1,68.387725,[s],136445
/threads{locality#3/pool#default/worker-thread#22}/count/cumulative-phases,1,68.403561,[s],135355
/threads{locality#3/pool#default/worker-thread#23}/count/cumulative-phases,1,68.407255,[s],131778
/threads{locality#3/pool#default/worker-thread#24}/count/cumulative-phases,1,68.407334,[s],127216
/threads{locality#3/pool#default/worker-thread#25}/count/cumulative-phases,1,68.406765,[s],126002
/threads{locality#3/pool#default/worker-thread#26}/count/cumulative-phases,1,68.407073,[s],130284
/threads{locality#3/pool#default/worker-thread#27}/count/cumulative-phases,1,68.399369,[s],134600
/threads{locality#3/pool#default/worker-thread#28}/count/cumulative-phases,1,68.391780,[s],139176
/threads{locality#3/pool#default/worker-thread#29}/count/cumulative-phases,1,68.406981,[s],129473
/threads{locality#3/pool#default/worker-thread#30}/count/cumulative-phases,1,68.399022,[s],138892
/threads{locality#3/pool#default/worker-thread#31}/count/cumulative-phases,1,68.403565,[s],134396
/octotiger{locality#0/total}/subgrids,1,68.409912,[s],5943
/octotiger{locality#1/total}/subgrids,1,68.407265,[s],5922
/octotiger{locality#2/total}/subgrids,1,68.406928,[s],5922
/octotiger{locality#3/total}/subgrids,1,68.399331,[s],5922
/octotiger{locality#0/total}/subgrid_leaves,1,68.409690,[s],5187
/octotiger{locality#1/total}/subgrid_leaves,1,68.406442,[s],5187
/octotiger{locality#2/total}/subgrid_leaves,1,68.404659,[s],5187
/octotiger{locality#3/total}/subgrid_leaves,1,68.407236,[s],5187
/octotiger{locality#0/total}/amr_bounds,1,68.409842,[s],7896
/octotiger{locality#1/total}/amr_bounds,1,68.407014,[s],7392
/octotiger{locality#2/total}/amr_bounds,1,68.404427,[s],7392
/octotiger{locality#3/total}/amr_bounds,1,68.403835,[s],7392
/threads{locality#0/total/total}/idle-rate,1,68.410349,[s],9991,[0.01%]
/threads{locality#1/total/total}/idle-rate,1,68.407375,[s],9922,[0.01%]
/threads{locality#2/total/total}/idle-rate,1,68.404913,[s],9991,[0.01%]
/threads{locality#3/total/total}/idle-rate,1,68.399972,[s],9975,[0.01%]
/threads{locality#0/pool#default/worker-thread#0}/idle-rate,1,68.410568,[s],9988,[0.01%]
/threads{locality#0/pool#default/worker-thread#1}/idle-rate,1,68.411366,[s],9991,[0.01%]
/threads{locality#0/pool#default/worker-thread#2}/idle-rate,1,68.410856,[s],9992,[0.01%]
/threads{locality#0/pool#default/worker-thread#3}/idle-rate,1,68.410664,[s],9991,[0.01%]
/threads{locality#0/pool#default/worker-thread#4}/idle-rate,1,68.413125,[s],9992,[0.01%]
/threads{locality#0/pool#default/worker-thread#5}/idle-rate,1,68.412499,[s],9990,[0.01%]
/threads{locality#0/pool#default/worker-thread#6}/idle-rate,1,68.411994,[s],9988,[0.01%]
/threads{locality#0/pool#default/worker-thread#7}/idle-rate,1,68.411804,[s],9991,[0.01%]
/threads{locality#0/pool#default/worker-thread#8}/idle-rate,1,68.412772,[s],9992,[0.01%]
/threads{locality#0/pool#default/worker-thread#9}/idle-rate,1,68.411536,[s],9989,[0.01%]
/threads{locality#0/pool#default/worker-thread#10}/idle-rate,1,68.411574,[s],9992,[0.01%]
/threads{locality#0/pool#default/worker-thread#11}/idle-rate,1,68.411941,[s],9991,[0.01%]
/threads{locality#0/pool#default/worker-thread#12}/idle-rate,1,68.412639,[s],9992,[0.01%]
/threads{locality#0/pool#default/worker-thread#13}/idle-rate,1,68.412231,[s],9991,[0.01%]
/threads{locality#0/pool#default/worker-thread#14}/idle-rate,1,68.412997,[s],9991,[0.01%]
/threads{locality#0/pool#default/worker-thread#15}/idle-rate,1,68.412138,[s],9992,[0.01%]
/threads{locality#0/pool#default/worker-thread#16}/idle-rate,1,68.412330,[s],9991,[0.01%]
/threads{locality#0/pool#default/worker-thread#17}/idle-rate,1,68.412912,[s],9992,[0.01%]
/threads{locality#0/pool#default/worker-thread#18}/idle-rate,1,68.413106,[s],9991,[0.01%]
/threads{locality#0/pool#default/worker-thread#19}/idle-rate,1,68.412466,[s],9980,[0.01%]
/threads{locality#0/pool#default/worker-thread#20}/idle-rate,1,68.411387,[s],9992,[0.01%]
/threads{locality#0/pool#default/worker-thread#21}/idle-rate,1,68.410184,[s],9991,[0.01%]
/threads{locality#0/pool#default/worker-thread#22}/idle-rate,1,68.410960,[s],9992,[0.01%]
/threads{locality#0/pool#default/worker-thread#23}/idle-rate,1,68.410440,[s],9992,[0.01%]
/threads{locality#0/pool#default/worker-thread#24}/idle-rate,1,68.410131,[s],9991,[0.01%]
/threads{locality#0/pool#default/worker-thread#25}/idle-rate,1,68.410689,[s],9991,[0.01%]
/threads{locality#0/pool#default/worker-thread#26}/idle-rate,1,68.410785,[s],9991,[0.01%]
/threads{locality#0/pool#default/worker-thread#27}/idle-rate,1,68.410906,[s],9991,[0.01%]
/threads{locality#0/pool#default/worker-thread#28}/idle-rate,1,68.410092,[s],9992,[0.01%]
/threads{locality#0/pool#default/worker-thread#29}/idle-rate,1,68.411231,[s],9991,[0.01%]
/threads{locality#0/pool#default/worker-thread#30}/idle-rate,1,68.410306,[s],9991,[0.01%]
/threads{locality#0/pool#default/worker-thread#31}/idle-rate,1,68.410534,[s],9992,[0.01%]
/threads{locality#1/pool#default/worker-thread#0}/idle-rate,1,68.405904,[s],9927,[0.01%]
/threads{locality#1/pool#default/worker-thread#1}/idle-rate,1,68.404843,[s],9926,[0.01%]
/threads{locality#1/pool#default/worker-thread#2}/idle-rate,1,68.406464,[s],9926,[0.01%]
/threads{locality#1/pool#default/worker-thread#3}/idle-rate,1,68.404796,[s],9926,[0.01%]
/threads{locality#1/pool#default/worker-thread#4}/idle-rate,1,68.405048,[s],9927,[0.01%]
/threads{locality#1/pool#default/worker-thread#5}/idle-rate,1,68.405570,[s],9926,[0.01%]
/threads{locality#1/pool#default/worker-thread#6}/idle-rate,1,68.404753,[s],9927,[0.01%]
/threads{locality#1/pool#default/worker-thread#7}/idle-rate,1,68.404808,[s],9927,[0.01%]
/threads{locality#1/pool#default/worker-thread#8}/idle-rate,1,68.406688,[s],9926,[0.01%]
/threads{locality#1/pool#default/worker-thread#9}/idle-rate,1,68.404919,[s],9926,[0.01%]
/threads{locality#1/pool#default/worker-thread#10}/idle-rate,1,68.405116,[s],9927,[0.01%]
/threads{locality#1/pool#default/worker-thread#11}/idle-rate,1,68.405566,[s],9926,[0.01%]
/threads{locality#1/pool#default/worker-thread#12}/idle-rate,1,68.404987,[s],9925,[0.01%]
/threads{locality#1/pool#default/worker-thread#13}/idle-rate,1,68.405076,[s],9927,[0.01%]
/threads{locality#1/pool#default/worker-thread#14}/idle-rate,1,68.405155,[s],9925,[0.01%]
/threads{locality#1/pool#default/worker-thread#15}/idle-rate,1,68.406973,[s],9926,[0.01%]
/threads{locality#1/pool#default/worker-thread#16}/idle-rate,1,68.408222,[s],9919,[0.01%]
/threads{locality#1/pool#default/worker-thread#17}/idle-rate,1,68.407622,[s],9919,[0.01%]
/threads{locality#1/pool#default/worker-thread#18}/idle-rate,1,68.405610,[s],9918,[0.01%]
/threads{locality#1/pool#default/worker-thread#19}/idle-rate,1,68.406619,[s],9890,[0.01%]
/threads{locality#1/pool#default/worker-thread#20}/idle-rate,1,68.407664,[s],9917,[0.01%]
/threads{locality#1/pool#default/worker-thread#21}/idle-rate,1,68.408316,[s],9919,[0.01%]
/threads{locality#1/pool#default/worker-thread#22}/idle-rate,1,68.407814,[s],9920,[0.01%]
/threads{locality#1/pool#default/worker-thread#23}/idle-rate,1,68.406717,[s],9919,[0.01%]
/threads{locality#1/pool#default/worker-thread#24}/idle-rate,1,68.408603,[s],9919,[0.01%]
/threads{locality#1/pool#default/worker-thread#25}/idle-rate,1,68.407098,[s],9919,[0.01%]
/threads{locality#1/pool#default/worker-thread#26}/idle-rate,1,68.406841,[s],9920,[0.01%]
/threads{locality#1/pool#default/worker-thread#27}/idle-rate,1,68.407009,[s],9920,[0.01%]
/threads{locality#1/pool#default/worker-thread#28}/idle-rate,1,68.407884,[s],9920,[0.01%]
/threads{locality#1/pool#default/worker-thread#29}/idle-rate,1,68.407498,[s],9919,[0.01%]
/threads{locality#1/pool#default/worker-thread#30}/idle-rate,1,68.407230,[s],9918,[0.01%]
/threads{locality#1/pool#default/worker-thread#31}/idle-rate,1,68.406943,[s],9919,[0.01%]
/threads{locality#2/pool#default/worker-thread#0}/idle-rate,1,68.407748,[s],9991,[0.01%]
/threads{locality#2/pool#default/worker-thread#1}/idle-rate,1,68.405541,[s],9991,[0.01%]
/threads{locality#2/pool#default/worker-thread#2}/idle-rate,1,68.394014,[s],9991,[0.01%]
/threads{locality#2/pool#default/worker-thread#3}/idle-rate,1,68.405897,[s],9992,[0.01%]
/threads{locality#2/pool#default/worker-thread#4}/idle-rate,1,68.405163,[s],9990,[0.01%]
/threads{locality#2/pool#default/worker-thread#5}/idle-rate,1,68.404965,[s],9990,[0.01%]
/threads{locality#2/pool#default/worker-thread#6}/idle-rate,1,68.407996,[s],9991,[0.01%]
/threads{locality#2/pool#default/worker-thread#7}/idle-rate,1,68.405234,[s],9990,[0.01%]
/threads{locality#2/pool#default/worker-thread#8}/idle-rate,1,68.404937,[s],9991,[0.01%]
/threads{locality#2/pool#default/worker-thread#9}/idle-rate,1,68.405946,[s],9991,[0.01%]
/threads{locality#2/pool#default/worker-thread#10}/idle-rate,1,68.405217,[s],9991,[0.01%]
/threads{locality#2/pool#default/worker-thread#11}/idle-rate,1,68.405004,[s],9990,[0.01%]
/threads{locality#2/pool#default/worker-thread#12}/idle-rate,1,68.405242,[s],9990,[0.01%]
/threads{locality#2/pool#default/worker-thread#13}/idle-rate,1,68.406037,[s],9990,[0.01%]
/threads{locality#2/pool#default/worker-thread#14}/idle-rate,1,68.405285,[s],9990,[0.01%]
/threads{locality#2/pool#default/worker-thread#15}/idle-rate,1,68.405054,[s],9991,[0.01%]
/threads{locality#2/pool#default/worker-thread#16}/idle-rate,1,68.405417,[s],9992,[0.01%]
/threads{locality#2/pool#default/worker-thread#17}/idle-rate,1,68.406154,[s],9992,[0.01%]
/threads{locality#2/pool#default/worker-thread#18}/idle-rate,1,68.405556,[s],9991,[0.01%]
/threads{locality#2/pool#default/worker-thread#19}/idle-rate,1,68.405239,[s],9992,[0.01%]
/threads{locality#2/pool#default/worker-thread#20}/idle-rate,1,68.405035,[s],9991,[0.01%]
/threads{locality#2/pool#default/worker-thread#21}/idle-rate,1,68.409101,[s],9992,[0.01%]
/threads{locality#2/pool#default/worker-thread#22}/idle-rate,1,68.405951,[s],9991,[0.01%]
/threads{locality#2/pool#default/worker-thread#23}/idle-rate,1,68.408837,[s],9992,[0.01%]
/threads{locality#2/pool#default/worker-thread#24}/idle-rate,1,68.394575,[s],9990,[0.01%]
/threads{locality#2/pool#default/worker-thread#25}/idle-rate,1,68.406475,[s],9992,[0.01%]
/threads{locality#2/pool#default/worker-thread#26}/idle-rate,1,68.406284,[s],9991,[0.01%]
/threads{locality#2/pool#default/worker-thread#27}/idle-rate,1,68.409531,[s],9991,[0.01%]
/threads{locality#2/pool#default/worker-thread#28}/idle-rate,1,68.405568,[s],9992,[0.01%]
/threads{locality#2/pool#default/worker-thread#29}/idle-rate,1,68.409397,[s],9992,[0.01%]
/threads{locality#2/pool#default/worker-thread#30}/idle-rate,1,68.409065,[s],9991,[0.01%]
/threads{locality#2/pool#default/worker-thread#31}/idle-rate,1,68.409257,[s],9992,[0.01%]
/threads{locality#3/pool#default/worker-thread#0}/idle-rate,1,68.405407,[s],9976,[0.01%]
/threads{locality#3/pool#default/worker-thread#1}/idle-rate,1,68.405465,[s],9975,[0.01%]
/threads{locality#3/pool#default/worker-thread#2}/idle-rate,1,68.405169,[s],9976,[0.01%]
/threads{locality#3/pool#default/worker-thread#3}/idle-rate,1,68.401041,[s],9976,[0.01%]
/threads{locality#3/pool#default/worker-thread#4}/idle-rate,1,68.401357,[s],9975,[0.01%]
/threads{locality#3/pool#default/worker-thread#5}/idle-rate,1,68.400910,[s],9975,[0.01%]
/threads{locality#3/pool#default/worker-thread#6}/idle-rate,1,68.401630,[s],9975,[0.01%]
/threads{locality#3/pool#default/worker-thread#7}/idle-rate,1,68.405455,[s],9975,[0.01%]
/threads{locality#3/pool#default/worker-thread#8}/idle-rate,1,68.400939,[s],9976,[0.01%]
/threads{locality#3/pool#default/worker-thread#9}/idle-rate,1,68.401204,[s],9976,[0.01%]
/threads{locality#3/pool#default/worker-thread#10}/idle-rate,1,68.401041,[s],9976,[0.01%]
/threads{locality#3/pool#default/worker-thread#11}/idle-rate,1,68.405604,[s],9976,[0.01%]
/threads{locality#3/pool#default/worker-thread#12}/idle-rate,1,68.401162,[s],9975,[0.01%]
/threads{locality#3/pool#default/worker-thread#13}/idle-rate,1,68.401683,[s],9975,[0.01%]
/threads{locality#3/pool#default/worker-thread#14}/idle-rate,1,68.408707,[s],9976,[0.01%]
/threads{locality#3/pool#default/worker-thread#15}/idle-rate,1,68.409124,[s],9976,[0.01%]
/threads{locality#3/pool#default/worker-thread#16}/idle-rate,1,68.409345,[s],9975,[0.01%]
/threads{locality#3/pool#default/worker-thread#17}/idle-rate,1,68.401427,[s],9975,[0.01%]
/threads{locality#3/pool#default/worker-thread#18}/idle-rate,1,68.409137,[s],9975,[0.01%]
/threads{locality#3/pool#default/worker-thread#19}/idle-rate,1,68.401001,[s],9975,[0.01%]
/threads{locality#3/pool#default/worker-thread#20}/idle-rate,1,68.409215,[s],9975,[0.01%]
/threads{locality#3/pool#default/worker-thread#21}/idle-rate,1,68.401808,[s],9975,[0.01%]
/threads{locality#3/pool#default/worker-thread#22}/idle-rate,1,68.408889,[s],9970,[0.01%]
/threads{locality#3/pool#default/worker-thread#23}/idle-rate,1,68.409185,[s],9975,[0.01%]
/threads{locality#3/pool#default/worker-thread#24}/idle-rate,1,68.393943,[s],9975,[0.01%]
/threads{locality#3/pool#default/worker-thread#25}/idle-rate,1,68.401446,[s],9975,[0.01%]
/threads{locality#3/pool#default/worker-thread#26}/idle-rate,1,68.405693,[s],9975,[0.01%]
/threads{locality#3/pool#default/worker-thread#27}/idle-rate,1,68.405776,[s],9975,[0.01%]
/threads{locality#3/pool#default/worker-thread#28}/idle-rate,1,68.409088,[s],9975,[0.01%]
/threads{locality#3/pool#default/worker-thread#29}/idle-rate,1,68.401210,[s],9975,[0.01%]
/threads{locality#3/pool#default/worker-thread#30}/idle-rate,1,68.401183,[s],9976,[0.01%]
/threads{locality#3/pool#default/worker-thread#31}/idle-rate,1,68.409512,[s],9975,[0.01%]
=> Percentage of p2p on the GPU on locality 2: 0
=> Percentage of p2p on the GPU on locality 3: 0
=> Percentage of p2p on the GPU on locality 1: 0
