Activate APEX
13:26:06 splitting files




          ___       _      _____ _                 
         / _ \  ___| |_ __|_   _(_) __ _  ___ _ __ 
        | | | |/ __| __/ _ \| | | |/ _` |/ _ \ '__|
        | |_| | (__| || (_) | | | | (_| |  __/ |   
         \___/ \___|\__\___/|_| |_|\__, |\___|_|   
      _                            |___/           
     (_)
              _ __..-;''`-
      O   (`/' ` |  \ \ \ \-.
       o /'`\ \   |  \ | \|  \
        /<7' ;  \ \  | ; ||/ `'.
       /  _.-, `,-\,__| ' ' . `'.
       `-`  f/ ;       \        \             ___.--,
           `~-'_.._     |  -~    |     _.---'`__.-( (_.
        __.--'`_.. '.__.\    '--. \_.-' ,.--'`     `""`
       ( ,.--'`   ',__ /./;   ;, '.__.'`    __
       _`) )  .---.__.' / |   |\   \__..--""  """--.,_
      `---' .'.''-._.-'`_./  /\ '.  \ _.-~~~````~~~-._`-.__.'
            | |  .' _.-' |  |  \  \  '.               `~---`
             \ \/ .'     \  \   '. '-._)
              \/ /        \  \    `=.__`~-.
              / /\         `) )    / / `"".`\
        , _.-'.'\ \        / /    ( (     / /
         `--~`   ) )    .-'.'      '.'.  | (
                (/`    ( (`          ) )  '-;
                 `      '-;         (-'





    
###########################################################
Compiled for AVX2 SIMD architectures.
###########################################################
Running
Configuration file rcb_init.ini not found!
Exiting...
/agas{locality#0/total}/count/route,1,0.115615,[s],0
/agas{locality#0/total}/time/route,1,0.115742,[s],0,[ns]
/agas{locality#0/total}/count/bind_gid,1,0.114355,[s],3
/agas{locality#0/total}/time/bind_gid,1,0.114455,[s],2099,[ns]
/agas{locality#0/total}/count/unbind_gid,1,0.115389,[s],0
/agas{locality#0/total}/time/unbind_gid,1,0.114564,[s],0,[ns]
/agas{locality#0/total}/count/resolve_gid,1,0.114910,[s],2
/agas{locality#0/total}/time/resolve_gid,1,0.115635,[s],4289,[ns]
/agas{locality#0/total}/count/increment_credit,1,0.115300,[s],0
/agas{locality#0/total}/count/decrement_credit,1,0.114381,[s],0
/agas{locality#0/total}/time/decrement_credit,1,0.114755,[s],0,[ns]
/agas{locality#0/total}/time/increment_credit,1,0.114590,[s],0,[ns]
/agas{locality#0/total}/count/allocate,1,0.114943,[s],3
/agas{locality#0/total}/time/allocate,1,0.114947,[s],844,[ns]
/agas{locality#0/total}/count/begin_migration,1,0.114502,[s],0
/agas{locality#0/total}/time/begin_migration,1,0.114610,[s],0,[ns]
/agas{locality#0/total}/count/end_migration,1,0.106355,[s],0
/agas{locality#0/total}/time/end_migration,1,0.106411,[s],0,[ns]
/agas{locality#0/total}/count/bind_prefix,1,0.113897,[s],0
/agas{locality#0/total}/time/bind_prefix,1,0.106464,[s],0,[ns]
/agas{locality#0/total}/count/bind_name,1,0.106287,[s],0
/agas{locality#0/total}/time/bind_name,1,0.106551,[s],0,[ns]
/agas{locality#0/total}/count/unbind_name,1,0.106165,[s],0
/agas{locality#0/total}/time/unbind_name,1,0.106830,[s],0,[ns]
/agas{locality#0/total}/count/resolve_id,1,0.106383,[s],0
/agas{locality#0/total}/time/resolve_id,1,0.114021,[s],0,[ns]
/agas{locality#0/total}/time/iterate_types,1,0.106700,[s],0,[ns]
/agas{locality#0/total}/count/iterate_types,1,0.106176,[s],0
/agas{locality#0/total}/count/get_component_typename,1,0.114028,[s],0
/agas{locality#0/total}/time/get_component_typename,1,0.106644,[s],0,[ns]
/agas{locality#0/total}/count/num_localities_type,1,0.106183,[s],0
/agas{locality#0/total}/time/num_localities_type,1,0.107081,[s],0,[ns]
/agas{locality#0/total}/count/free,1,0.114557,[s],0
/agas{locality#0/total}/time/free,1,0.114925,[s],0,[ns]
/agas{locality#0/total}/count/localities,1,0.114327,[s],1
/agas{locality#0/total}/time/localities,1,0.115207,[s],2943,[ns]
/agas{locality#0/total}/count/num_localities,1,0.115866,[s],174
/agas{locality#0/total}/time/num_localities,1,0.115743,[s],23236,[ns]
/agas{locality#0/total}/count/resolve_locality,1,0.115217,[s],0
/agas{locality#0/total}/time/resolve_locality,1,0.114857,[s],0,[ns]
/agas{locality#0/total}/count/num_threads,1,0.115754,[s],0
/agas{locality#0/total}/time/num_threads,1,0.115040,[s],0,[ns]
/agas{locality#0/total}/count/bind,1,0.115528,[s],133
/agas{locality#0/total}/time/bind,1,0.115130,[s],166374,[ns]
/agas{locality#0/total}/count/unbind,1,0.115142,[s],0
/agas{locality#0/total}/time/unbind,1,0.115994,[s],0,[ns]
/agas{locality#0/total}/count/resolve,1,0.115672,[s],141
/agas{locality#0/total}/time/resolve,1,0.114524,[s],122902,[ns]
/agas{locality#0/total}/count/iterate_names,1,0.114108,[s],0
/agas{locality#0/total}/time/iterate_names,1,0.106724,[s],0,[ns]
/agas{locality#0/total}/count/on_symbol_namespace_event,1,0.114224,[s],0
/agas{locality#0/total}/time/on_symbol_namespace_event,1,0.114427,[s],0,[ns]
/agas{locality#0/total}/count/cache/entries,1,0.106336,[s],0
/agas{locality#0/total}/count/cache/insertions,1,0.107170,[s],0
/agas{locality#0/total}/count/cache/evictions,1,0.114438,[s],0
/agas{locality#0/total}/count/cache/hits,1,0.106496,[s],0
/agas{locality#0/total}/count/cache/misses,1,0.106502,[s],0
/agas{locality#0/total}/count/cache/get_entry,1,0.106508,[s],0
/agas{locality#0/total}/time/cache/get_entry,1,0.106363,[s],0,[ns]
/agas{locality#0/total}/count/cache/insert_entry,1,0.106825,[s],0
/agas{locality#0/total}/time/cache/insert_entry,1,0.106575,[s],0
/agas{locality#0/total}/count/cache/update_entry,1,0.107132,[s],0
/agas{locality#0/total}/time/cache/update_entry,1,0.106976,[s],0,[ns]
/agas{locality#0/total}/count/cache/erase_entry,1,0.106707,[s],0
/agas{locality#0/total}/time/cache/erase_entry,1,0.115053,[s],0
/agas{locality#0/total}/primary/count,1,0.115138,[s],8
/agas{locality#0/total}/primary/time,1,0.115747,[s],7232,[ns]
/agas{locality#0/total}/component/count,1,0.116077,[s],0
/agas{locality#0/total}/component/time,1,0.114062,[s],0,[ns]
/agas{locality#0/total}/locality/count,1,0.115766,[s],175
/agas{locality#0/total}/locality/time,1,0.115647,[s],26179,[ns]
/agas{locality#0/total}/symbol/count,1,0.116015,[s],274
/agas{locality#0/total}/symbol/time,1,0.114090,[s],289276,[ns]
/threads{locality#0/total/total}/count/cumulative,1,0.116112,[s],648
/threads{locality#0/pool#default/worker-thread#0}/count/cumulative,1,0.115265,[s],14
/threads{locality#0/pool#default/worker-thread#1}/count/cumulative,1,0.114097,[s],34
/threads{locality#0/pool#default/worker-thread#2}/count/cumulative,1,0.115275,[s],16
/threads{locality#0/pool#default/worker-thread#3}/count/cumulative,1,0.116124,[s],18
/threads{locality#0/pool#default/worker-thread#4}/count/cumulative,1,0.115196,[s],25
/threads{locality#0/pool#default/worker-thread#5}/count/cumulative,1,0.114112,[s],14
/threads{locality#0/pool#default/worker-thread#6}/count/cumulative,1,0.114546,[s],20
/threads{locality#0/pool#default/worker-thread#7}/count/cumulative,1,0.106665,[s],22
/threads{locality#0/pool#default/worker-thread#8}/count/cumulative,1,0.106612,[s],29
/threads{locality#0/pool#default/worker-thread#9}/count/cumulative,1,0.107226,[s],22
/threads{locality#0/pool#default/worker-thread#10}/count/cumulative,1,0.107302,[s],20
/threads{locality#0/pool#default/worker-thread#11}/count/cumulative,1,0.107307,[s],17
/threads{locality#0/pool#default/worker-thread#12}/count/cumulative,1,0.106877,[s],20
/threads{locality#0/pool#default/worker-thread#13}/count/cumulative,1,0.114170,[s],21
/threads{locality#0/pool#default/worker-thread#14}/count/cumulative,1,0.106489,[s],26
/threads{locality#0/pool#default/worker-thread#15}/count/cumulative,1,0.114588,[s],16
/threads{locality#0/pool#default/worker-thread#16}/count/cumulative,1,0.106823,[s],19
/threads{locality#0/pool#default/worker-thread#17}/count/cumulative,1,0.106708,[s],22
/threads{locality#0/pool#default/worker-thread#18}/count/cumulative,1,0.107105,[s],23
/threads{locality#0/pool#default/worker-thread#19}/count/cumulative,1,0.107109,[s],29
/threads{locality#0/pool#default/worker-thread#20}/count/cumulative,1,0.106517,[s],23
/threads{locality#0/pool#default/worker-thread#21}/count/cumulative,1,0.106674,[s],24
/threads{locality#0/pool#default/worker-thread#22}/count/cumulative,1,0.115655,[s],24
/threads{locality#0/pool#default/worker-thread#23}/count/cumulative,1,0.115282,[s],17
/threads{locality#0/pool#default/worker-thread#24}/count/cumulative,1,0.116217,[s],17
/threads{locality#0/pool#default/worker-thread#25}/count/cumulative,1,0.115897,[s],19
/threads{locality#0/pool#default/worker-thread#26}/count/cumulative,1,0.116136,[s],21
/threads{locality#0/pool#default/worker-thread#27}/count/cumulative,1,0.114851,[s],20
/threads{locality#0/pool#default/worker-thread#28}/count/cumulative,1,0.115677,[s],19
/threads{locality#0/pool#default/worker-thread#29}/count/cumulative,1,0.114758,[s],21
/threads{locality#0/pool#default/worker-thread#30}/count/cumulative,1,0.114969,[s],17
/threads{locality#0/pool#default/worker-thread#31}/count/cumulative,1,0.114768,[s],20
/threads{locality#0/total/total}/count/cumulative-phases,1,0.115924,[s],992
/threads{locality#0/pool#default/worker-thread#0}/count/cumulative-phases,1,0.115804,[s],24
/threads{locality#0/pool#default/worker-thread#1}/count/cumulative-phases,1,0.114236,[s],44
/threads{locality#0/pool#default/worker-thread#2}/count/cumulative-phases,1,0.115245,[s],31
/threads{locality#0/pool#default/worker-thread#3}/count/cumulative-phases,1,0.115813,[s],29
/threads{locality#0/pool#default/worker-thread#4}/count/cumulative-phases,1,0.114650,[s],41
/threads{locality#0/pool#default/worker-thread#5}/count/cumulative-phases,1,0.114484,[s],27
/threads{locality#0/pool#default/worker-thread#6}/count/cumulative-phases,1,0.106741,[s],31
/threads{locality#0/pool#default/worker-thread#7}/count/cumulative-phases,1,0.114691,[s],30
/threads{locality#0/pool#default/worker-thread#8}/count/cumulative-phases,1,0.107059,[s],38
/threads{locality#0/pool#default/worker-thread#9}/count/cumulative-phases,1,0.107360,[s],32
/threads{locality#0/pool#default/worker-thread#10}/count/cumulative-phases,1,0.114500,[s],28
/threads{locality#0/pool#default/worker-thread#11}/count/cumulative-phases,1,0.106940,[s],25
/threads{locality#0/pool#default/worker-thread#12}/count/cumulative-phases,1,0.107375,[s],30
/threads{locality#0/pool#default/worker-thread#13}/count/cumulative-phases,1,0.114714,[s],31
/threads{locality#0/pool#default/worker-thread#14}/count/cumulative-phases,1,0.106621,[s],35
/threads{locality#0/pool#default/worker-thread#15}/count/cumulative-phases,1,0.107383,[s],25
/threads{locality#0/pool#default/worker-thread#16}/count/cumulative-phases,1,0.114521,[s],35
/threads{locality#0/pool#default/worker-thread#17}/count/cumulative-phases,1,0.114725,[s],28
/threads{locality#0/pool#default/worker-thread#18}/count/cumulative-phases,1,0.107091,[s],29
/threads{locality#0/pool#default/worker-thread#19}/count/cumulative-phases,1,0.114321,[s],42
/threads{locality#0/pool#default/worker-thread#20}/count/cumulative-phases,1,0.106963,[s],40
/threads{locality#0/pool#default/worker-thread#21}/count/cumulative-phases,1,0.115999,[s],34
/threads{locality#0/pool#default/worker-thread#22}/count/cumulative-phases,1,0.115223,[s],34
/threads{locality#0/pool#default/worker-thread#23}/count/cumulative-phases,1,0.116117,[s],27
/threads{locality#0/pool#default/worker-thread#24}/count/cumulative-phases,1,0.116013,[s],31
/threads{locality#0/pool#default/worker-thread#25}/count/cumulative-phases,1,0.115494,[s],33
/threads{locality#0/pool#default/worker-thread#26}/count/cumulative-phases,1,0.116020,[s],29
/threads{locality#0/pool#default/worker-thread#27}/count/cumulative-phases,1,0.114730,[s],28
/threads{locality#0/pool#default/worker-thread#28}/count/cumulative-phases,1,0.115506,[s],30
/threads{locality#0/pool#default/worker-thread#29}/count/cumulative-phases,1,0.116269,[s],34
/threads{locality#0/pool#default/worker-thread#30}/count/cumulative-phases,1,0.116037,[s],26
/threads{locality#0/pool#default/worker-thread#31}/count/cumulative-phases,1,0.116366,[s],32
/octotiger{locality#0/total}/subgrids,1,0.116155,[s],0
/octotiger{locality#0/total}/subgrid_leaves,1,0.115527,[s],0
/octotiger{locality#0/total}/amr_bounds,1,0.115270,[s],0
/threads{locality#0/total/total}/idle-rate,1,0.115005,[s],9661,[0.01%]
/threads{locality#0/pool#default/worker-thread#0}/idle-rate,1,0.114764,[s],9934,[0.01%]
/threads{locality#0/pool#default/worker-thread#1}/idle-rate,1,0.107541,[s],9902,[0.01%]
/threads{locality#0/pool#default/worker-thread#2}/idle-rate,1,0.107173,[s],9859,[0.01%]
/threads{locality#0/pool#default/worker-thread#3}/idle-rate,1,0.114813,[s],9932,[0.01%]
/threads{locality#0/pool#default/worker-thread#4}/idle-rate,1,0.114408,[s],9911,[0.01%]
/threads{locality#0/pool#default/worker-thread#5}/idle-rate,1,0.107127,[s],9935,[0.01%]
/threads{locality#0/pool#default/worker-thread#6}/idle-rate,1,0.114417,[s],8242,[0.01%]
/threads{locality#0/pool#default/worker-thread#7}/idle-rate,1,0.114519,[s],9934,[0.01%]
/threads{locality#0/pool#default/worker-thread#8}/idle-rate,1,0.107135,[s],9929,[0.01%]
/threads{locality#0/pool#default/worker-thread#9}/idle-rate,1,0.107572,[s],9928,[0.01%]
/threads{locality#0/pool#default/worker-thread#10}/idle-rate,1,0.106820,[s],9905,[0.01%]
/threads{locality#0/pool#default/worker-thread#11}/idle-rate,1,0.114435,[s],9943,[0.01%]
/threads{locality#0/pool#default/worker-thread#12}/idle-rate,1,0.107221,[s],3234,[0.01%]
/threads{locality#0/pool#default/worker-thread#13}/idle-rate,1,0.106911,[s],9939,[0.01%]
/threads{locality#0/pool#default/worker-thread#14}/idle-rate,1,0.106839,[s],9920,[0.01%]
/threads{locality#0/pool#default/worker-thread#15}/idle-rate,1,0.106919,[s],9945,[0.01%]
/threads{locality#0/pool#default/worker-thread#16}/idle-rate,1,0.107172,[s],9902,[0.01%]
/threads{locality#0/pool#default/worker-thread#17}/idle-rate,1,0.116136,[s],9933,[0.01%]
/threads{locality#0/pool#default/worker-thread#18}/idle-rate,1,0.115364,[s],9910,[0.01%]
/threads{locality#0/pool#default/worker-thread#19}/idle-rate,1,0.116258,[s],9901,[0.01%]
/threads{locality#0/pool#default/worker-thread#20}/idle-rate,1,0.116028,[s],9915,[0.01%]
/threads{locality#0/pool#default/worker-thread#21}/idle-rate,1,0.115736,[s],9917,[0.01%]
/threads{locality#0/pool#default/worker-thread#22}/idle-rate,1,0.115006,[s],9899,[0.01%]
/threads{locality#0/pool#default/worker-thread#23}/idle-rate,1,0.115563,[s],9921,[0.01%]
/threads{locality#0/pool#default/worker-thread#24}/idle-rate,1,0.116411,[s],9926,[0.01%]
/threads{locality#0/pool#default/worker-thread#25}/idle-rate,1,0.115025,[s],9945,[0.01%]
/threads{locality#0/pool#default/worker-thread#26}/idle-rate,1,0.115398,[s],9942,[0.01%]
/threads{locality#0/pool#default/worker-thread#27}/idle-rate,1,0.115146,[s],9920,[0.01%]
/threads{locality#0/pool#default/worker-thread#28}/idle-rate,1,0.115677,[s],9936,[0.01%]
/threads{locality#0/pool#default/worker-thread#29}/idle-rate,1,0.115588,[s],9930,[0.01%]
/threads{locality#0/pool#default/worker-thread#30}/idle-rate,1,0.115414,[s],9938,[0.01%]
/threads{locality#0/pool#default/worker-thread#31}/idle-rate,1,0.116524,[s],9922,[0.01%]
13:26:06 launching octotiger




          ___       _      _____ _                 
         / _ \  ___| |_ __|_   _(_) __ _  ___ _ __ 
        | | | |/ __| __/ _ \| | | |/ _` |/ _ \ '__|
        | |_| | (__| || (_) | | | | (_| |  __/ |   
         \___/ \___|\__\___/|_| |_|\__, |\___|_|   
      _                            |___/           
     (_)
              _ __..-;''`-
      O   (`/' ` |  \ \ \ \-.
       o /'`\ \   |  \ | \|  \
        /<7' ;  \ \  | ; ||/ `'.
       /  _.-, `,-\,__| ' ' . `'.
       `-`  f/ ;       \        \             ___.--,
           `~-'_.._     |  -~    |     _.---'`__.-( (_.
        __.--'`_.. '.__.\    '--. \_.-' ,.--'`     `""`
       ( ,.--'`   ',__ /./;   ;, '.__.'`    __
       _`) )  .---.__.' / |   |\   \__..--""  """--.,_
      `---' .'.''-._.-'`_./  /\ '.  \ _.-~~~````~~~-._`-.__.'
            | |  .' _.-' |  |  \  \  '.               `~---`
             \ \/ .'     \  \   '. '-._)
              \/ /        \  \    `=.__`~-.
              / /\         `) )    / / `"".`\
        , _.-'.'\ \        / /    ( (     / /
         `--~`   ) )    .-'.'      '.'.  | (
                (/`    ( (`          ) )  '-;
                 `      '-;         (-'





    
###########################################################
Compiled for AVX2 SIMD architectures.
###########################################################
Running
----------Normalized constants
1.989000e+33 3.230000e+09 1.593453e+01 1.000000e+00
A = 1.000000e+00 | B = 1.000000e+00 | G = 1.000000e+00 | kb = 1.689369e-66 | c = 1.478963e+02 | mh = 8.412770e-58 | sigma = 1.153466e-34 | h = 5.088101e-78
atomic_number=6.857000,2.000000,2.000000,2.000000,1.000000,
atomic_mass=13.714000,4.000000,4.000000,4.000000,1.000000,
X=0.000000,0.000000,0.000000,0.000000,1.000000,
Z=1.000000,0.000000,0.000000,0.000000,0.000000,
accretor_refine = 0
amrbnd_order = 1
bench = F
cdisc_detect = T
cfl = 4.000000e-01
config_file = rcb.ini
core_refine = F
correct_am_grav = T
correct_am_hydro = T
code_to_cm = 3.230000e+09
code_to_g = 1.989000e+33
code_to_s = 1.593453e+01
cuda_streams_per_locality = 0
cuda_streams_per_gpu = 0
data_dir = ./
disable_output = F
driving_rate = 0.000000e+00
driving_time = 0.000000e+00
donor_refine = 0
dual_energy_sw1 = 1.000000e-03
dual_energy_sw2 = 1.000000e-01
eos = IDEAL
entropy_driving_rate = 0.000000e+00
entropy_driving_time = 0.000000e+00
future_wait_time = -1
hard_dt = -1.000000e+00
hydro = T
input_file = 
m2m_kernel_type = SOA_CPU
max_level = 10
n_species = 5
ngrids = -1
omega = 9.291966e-01
output_dt = 4.000000e-02
output_filename = 
p2m_kernel_type = SOA_CPU
p2p_kernel_type = SOA_CPU
problem = DWD
rad_implicit = T
radiation = F
refinement_floor = 1.000000e-06
restart_filename = restart.silo
rotating_star_amr = F
rotating_star_x = 0.000000e+00
scf_output_frequency = 25
silo_num_groups = 1
stop_step = 20
stop_time = 1.797693e+308
theta = 3.400000e-01
unigrid = F
v1309 = F
idle_rates = T
xscale = 1.280000e+02
Normalized constants
1.989000e+33 3.230000e+09 1.593453e+01 1.000000e+00
A = 1.000000e+00 | B = 1.000000e+00 | G = 1.000000e+00 | kb = 1.689369e-66 | c = 1.478963e+02 | mh = 8.412770e-58 | sigma = 1.153466e-34 | h = 5.088101e-78
SCF option file found
async1= -0.000000e+00
async2= -0.000000e+00
equal_struct_eos= 1.000000e+00
M1= 5.000000e-01
M2= 3.500000e-01
nc1= 1.500000e+00
nc2= 1.500000e+00
ne1= 1.500000e+00
ne2= 1.500000e+00
mu1= 1.000000e+00
mu2= 1.000000e+00
a= 1.000000e+00
core_frac1= 7.500000e-01
core_frac2= 9.000000e-01
fill1= 1.000000e+00
fill2= 1.000000e+00
contact_fill= 0.000000e+00
Normalized constants
1.989000e+33 3.230000e+09 1.593453e+01 1.000000e+00
A = 1.000000e+00 | B = 1.000000e+00 | G = 1.000000e+00 | kb = 1.689369e-66 | c = 1.478963e+02 | mh = 8.412770e-58 | sigma = 1.153466e-34 | h = 5.088101e-78
OS-thread 16 on locality 0: Initialized thread_local memory!

Subgrid side-length is 8
Minimal allowed theta is 0.34
Stencil maximal allowed half side-length is 5 (Total length 11)
Total number of stencil elements (stencil size): 1074

OS-thread 0 on locality 0: Initialized thread_local memory!
OS-thread 5 on locality 0: Initialized thread_local memory!
OS-thread 25 on locality 0: Initialized thread_local memory!
OS-thread 17 on locality 0: Initialized thread_local memory!
OS-thread 23 on locality 0: Initialized thread_local memory!
OS-thread 3 on locality 0: Initialized thread_local memory!
OS-thread 10 on locality 0: Initialized thread_local memory!
OS-thread 4 on locality 0: Initialized thread_local memory!
OS-thread 28 on locality 0: Initialized thread_local memory!
OS-thread 29 on locality 0: Initialized thread_local memory!
OS-thread 21 on locality 0: Initialized thread_local memory!
OS-thread 11 on locality 0: Initialized thread_local memory!
OS-thread 6 on locality 0: Initialized thread_local memory!
OS-thread 22 on locality 0: Initialized thread_local memory!
OS-thread 2 on locality 0: Initialized thread_local memory!
OS-thread 18 on locality 0: Initialized thread_local memory!
OS-thread 31 on locality 0: Initialized thread_local memory!
OS-thread 12 on locality 0: Initialized thread_local memory!
OS-thread 8 on locality 0: Initialized thread_local memory!
OS-thread 14 on locality 0: Initialized thread_local memory!
OS-thread 7 on locality 0: Initialized thread_local memory!
OS-thread 30 on locality 0: Initialized thread_local memory!
OS-thread 19 on locality 0: Initialized thread_local memory!
OS-thread 15 on locality 0: Initialized thread_local memory!
OS-thread 27 on locality 0: Initialized thread_local memory!
OS-thread 9 on locality 0: Initialized thread_local memory!
OS-thread 24 on locality 0: Initialized thread_local memory!
OS-thread 13 on locality 0: Initialized thread_local memory!
OS-thread 1 on locality 0: Initialized thread_local memory!
OS-thread 20 on locality 0: Initialized thread_local memory!
OS-thread 26 on locality 0: Initialized thread_local memory!
Initializing cell_geometry 3 8 14
Loading from restart.silo ...
Reading restart.silo
----------Normalized constants
1.989000e+33 3.230000e+09 1.593453e+01 1.000000e+00
A = 1.000000e+00 | B = 1.000000e+00 | G = 1.000000e+00 | kb = 1.689369e-66 | c = 1.478963e+02 | mh = 8.412770e-58 | sigma = 1.153466e-34 | h = 5.088101e-78
Read took 21 seconds
Re-grid
-----------------------------------------------
regridding
Regridded tree in 0.013232 seconds
rebalancing 1129 nodes with 988 leaves
Rebalanced tree in 0.009014 seconds
forming tree connections
1432 amr boundaries
Formed tree in 0.084543 seconds
solving gravity
regrid done in 0.336832 seconds
---------------------------------------
Done. 
solving gravity------------
...done
Starting run...
Solving gravity
-----------------------------------------------
checking for refinement
regridding
Regridded tree in 0.010502 seconds
rebalancing 1129 nodes with 988 leaves
Rebalanced tree in 0.012306 seconds
forming tree connections
1432 amr boundaries
Formed tree in 0.082559 seconds
solving gravity
regrid done in 0.459468 seconds
---------------------------------------
OMEGA = 9.291966e-01, output_dt = 4.000000e-02
0.000000e+00 4.000000e-02
dwd step...
1 6.877714e-03 6.877714e-03 3.036287e+00 6.390749e-03
2 1.030088e-02 3.423169e-03 2.983492e+00 9.571546e-03
3 1.718295e-02 6.882063e-03 3.032668e+00 1.596634e-02
4 2.406468e-02 6.881732e-03 2.920827e+00 2.236082e-02
5 3.094568e-02 6.881003e-03 3.020874e+00 2.875462e-02
New Omega = 9.291966e-01
-----------------------------------------------
checking for refinement
4 3.094568e-02 6.881003e-03 1.500720e+01 2.875462e-02 0.000000e+00 0.000000e+00 9.291966e-01 0.000000e+00
regridding
Regridded tree in 0.012099 seconds
rebalancing 1129 nodes with 988 leaves
Rebalanced tree in 0.009434 seconds
forming tree connections
1432 amr boundaries
Formed tree in 0.085385 seconds
solving gravity
regrid done in 0.449863 seconds
---------------------------------------
dwd step...
6 3.782569e-02 6.880012e-03 3.000954e+00 3.514751e-02
7 4.470449e-02 6.878800e-03 3.019412e+00 4.153926e-02
8 5.158172e-02 6.877224e-03 3.080933e+00 4.792956e-02
9 5.845748e-02 6.875766e-03 3.022818e+00 5.431849e-02
10 6.533225e-02 6.874768e-03 3.016440e+00 6.070651e-02
New Omega = 9.291966e-01
-----------------------------------------------
checking for refinement
9 6.533225e-02 6.874768e-03 1.517020e+01 6.070651e-02 0.000000e+00 0.000000e+00 9.291966e-01 0.000000e+00
regridding
Regridded tree in 0.010002 seconds
rebalancing 1129 nodes with 988 leaves
Rebalanced tree in 0.012643 seconds
forming tree connections
1432 amr boundaries
Formed tree in 0.085255 seconds
solving gravity
regrid done in 0.466044 seconds
---------------------------------------
dwd step...
11 7.220589e-02 6.873644e-03 3.005535e+00 6.709347e-02
12 7.907780e-02 6.871904e-03 3.057627e+00 7.347882e-02
13 8.594796e-02 6.870161e-03 3.037864e+00 7.986255e-02
14 9.281640e-02 6.868443e-03 3.056622e+00 8.624469e-02
15 9.968295e-02 6.866550e-03 2.971980e+00 9.262506e-02
New Omega = 9.291966e-01
-----------------------------------------------
checking for refinement
14 9.968295e-02 6.866550e-03 1.514357e+01 9.262506e-02 0.000000e+00 0.000000e+00 9.291966e-01 0.000000e+00
regridding
Regridded tree in 0.010455 seconds
rebalancing 1129 nodes with 988 leaves
Rebalanced tree in 0.014569 seconds
forming tree connections
1432 amr boundaries
Formed tree in 0.087215 seconds
solving gravity
regrid done in 0.450875 seconds
---------------------------------------
dwd step...
16 1.065476e-01 6.864619e-03 3.045373e+00 9.900364e-02
17 1.134103e-01 6.862720e-03 3.105481e+00 1.053805e-01
18 1.202711e-01 6.860831e-03 3.030000e+00 1.117555e-01
19 1.271298e-01 6.858706e-03 3.070338e+00 1.181286e-01
20 1.339851e-01 6.855228e-03 3.011427e+00 1.244985e-01
New Omega = 9.291966e-01
-----------------------------------------------
checking for refinement
19 1.339851e-01 6.855228e-03 1.529306e+01 1.244985e-01 0.000000e+00 0.000000e+00 9.291966e-01 0.000000e+00
regridding
Regridded tree in 0.011549 seconds
rebalancing 1129 nodes with 988 leaves
Rebalanced tree in 0.018633 seconds
forming tree connections
1432 amr boundaries
Formed tree in 0.086775 seconds
solving gravity
regrid done in 0.463700 seconds
---------------------------------------
dwd step...
21 1.408368e-01 6.851706e-03 3.035978e+00 1.308650e-01
New Omega = 9.291966e-01
doing silo out...
20 1.408368e-01 6.851706e-03 3.043157e+00 1.308650e-01 0.000000e+00 0.000000e+00 9.291966e-01 0.000000e+00
Writing final.silo
Writing 988 total sub-grids
Write took 17 seconds
...:
   Total: 65.488
   Computation: 63.5627 (97.0601%)
   Regrid: 2.29002 (3.49685%)
   Computation + Regrid: 65.8527 (100.557%)
----------------------------------------
Total multipole launches on locality 0: 9940
CPU multipole launches on locality 0: 9940
CUDA multipole launches on locality 0: 0
=> Percentage of multipole on the GPU on locality 0: 0
----------------------------------------
Total non-rho-multipole launches on locality 0: 8820
CPU non-rho-multipole launches on locality 0: 8820
CUDA non-rho-multipole launches on locality 0: 0
=> Percentage of non-rho-multipole on the GPU on locality 0: 0
----------------------------------------
Total p2p launches on locality 0: 132392
CPU p2p launches on locality 0: 132392
CUDA p2p launches on locality 0: 0
=> Percentage of p2p on the GPU on locality 0: 0
========================================
========================================
Total multipole launches: 9940
CPU multipole launches: 9940
CUDA multipole launches: 0
=> Percentage of multipole on the GPU: 0
========================================
Total non-rho-multipole launches: 8820
CPU non-rho-multipole launches: 8820
CUDA non-rho-multipole launches: 0
=> Percentage of non-rho-multipole on the GPU: 0
========================================
Total p2p launches: 132392
CPU p2p launches: 132392
CUDA p2p launches: 0
=> Percentage of p2p on the GPU: 0
Exiting...
/agas{locality#0/total}/count/route,1,105.828953,[s],0
/agas{locality#0/total}/time/route,1,105.828363,[s],0,[ns]
/agas{locality#0/total}/count/bind_gid,1,105.829046,[s],72
/agas{locality#0/total}/time/bind_gid,1,105.827919,[s],1.79432e+06,[ns]
/agas{locality#0/total}/count/unbind_gid,1,105.828466,[s],56
/agas{locality#0/total}/time/unbind_gid,1,105.827780,[s],3.78862e+06,[ns]
/agas{locality#0/total}/count/resolve_gid,1,105.827978,[s],5.77983e+06
/agas{locality#0/total}/time/resolve_gid,1,105.828544,[s],1.35464e+12,[ns]
/agas{locality#0/total}/count/increment_credit,1,105.833466,[s],0
/agas{locality#0/total}/count/decrement_credit,1,105.833306,[s],17
/agas{locality#0/total}/time/decrement_credit,1,105.834132,[s],3.21882e+06,[ns]
/agas{locality#0/total}/time/increment_credit,1,105.834568,[s],0,[ns]
/agas{locality#0/total}/count/allocate,1,105.833399,[s],15
/agas{locality#0/total}/time/allocate,1,105.834443,[s],7049,[ns]
/agas{locality#0/total}/count/begin_migration,1,105.829275,[s],0
/agas{locality#0/total}/time/begin_migration,1,105.834145,[s],0,[ns]
/agas{locality#0/total}/count/end_migration,1,105.833830,[s],0
/agas{locality#0/total}/time/end_migration,1,105.834361,[s],0,[ns]
/agas{locality#0/total}/count/bind_prefix,1,105.834164,[s],0
/agas{locality#0/total}/time/bind_prefix,1,105.829226,[s],0,[ns]
/agas{locality#0/total}/count/bind_name,1,105.833761,[s],0
/agas{locality#0/total}/time/bind_name,1,105.834568,[s],0,[ns]
/agas{locality#0/total}/count/unbind_name,1,105.834628,[s],0
/agas{locality#0/total}/time/unbind_name,1,105.833463,[s],0,[ns]
/agas{locality#0/total}/count/resolve_id,1,105.829054,[s],0
/agas{locality#0/total}/time/resolve_id,1,105.828557,[s],0,[ns]
/agas{locality#0/total}/time/iterate_types,1,105.828015,[s],0,[ns]
/agas{locality#0/total}/count/iterate_types,1,105.828569,[s],0
/agas{locality#0/total}/count/get_component_typename,1,105.828118,[s],0
/agas{locality#0/total}/time/get_component_typename,1,105.828972,[s],0,[ns]
/agas{locality#0/total}/count/num_localities_type,1,105.827977,[s],0
/agas{locality#0/total}/time/num_localities_type,1,105.827891,[s],0,[ns]
/agas{locality#0/total}/count/free,1,105.828195,[s],0
/agas{locality#0/total}/time/free,1,105.827899,[s],0,[ns]
/agas{locality#0/total}/count/localities,1,105.828991,[s],4
/agas{locality#0/total}/time/localities,1,105.828213,[s],5317,[ns]
/agas{locality#0/total}/count/num_localities,1,105.828366,[s],174
/agas{locality#0/total}/time/num_localities,1,105.828153,[s],23645,[ns]
/agas{locality#0/total}/count/resolve_locality,1,105.827967,[s],0
/agas{locality#0/total}/time/resolve_locality,1,105.828224,[s],0,[ns]
/agas{locality#0/total}/count/num_threads,1,105.833848,[s],0
/agas{locality#0/total}/time/num_threads,1,105.833714,[s],0,[ns]
/agas{locality#0/total}/count/bind,1,105.834329,[s],134
/agas{locality#0/total}/time/bind,1,105.833455,[s],171424,[ns]
/agas{locality#0/total}/count/unbind,1,105.834059,[s],0
/agas{locality#0/total}/time/unbind,1,105.833461,[s],0,[ns]
/agas{locality#0/total}/count/resolve,1,105.834495,[s],142
/agas{locality#0/total}/time/resolve,1,105.834604,[s],124412,[ns]
/agas{locality#0/total}/count/iterate_names,1,105.834177,[s],0
/agas{locality#0/total}/time/iterate_names,1,105.834745,[s],0,[ns]
/agas{locality#0/total}/count/on_symbol_namespace_event,1,105.833493,[s],0
/agas{locality#0/total}/time/on_symbol_namespace_event,1,105.834754,[s],0,[ns]
/agas{locality#0/total}/count/cache/entries,1,105.834100,[s],0
/agas{locality#0/total}/count/cache/insertions,1,105.834328,[s],0
/agas{locality#0/total}/count/cache/evictions,1,105.834764,[s],0
/agas{locality#0/total}/count/cache/hits,1,105.829391,[s],0
/agas{locality#0/total}/count/cache/misses,1,105.828297,[s],0
/agas{locality#0/total}/count/cache/get_entry,1,105.829189,[s],0
/agas{locality#0/total}/time/cache/get_entry,1,105.828765,[s],0,[ns]
/agas{locality#0/total}/count/cache/insert_entry,1,105.828155,[s],0
/agas{locality#0/total}/time/cache/insert_entry,1,105.828772,[s],0
/agas{locality#0/total}/count/cache/update_entry,1,105.828916,[s],0
/agas{locality#0/total}/time/cache/update_entry,1,105.829295,[s],0,[ns]
/agas{locality#0/total}/count/cache/erase_entry,1,105.828471,[s],0
/agas{locality#0/total}/time/cache/erase_entry,1,105.828023,[s],0
/agas{locality#0/total}/primary/count,1,105.829215,[s],5.77999e+06
/agas{locality#0/total}/primary/time,1,105.828228,[s],1.35465e+12,[ns]
/agas{locality#0/total}/component/count,1,105.828333,[s],0
/agas{locality#0/total}/component/time,1,105.828336,[s],0,[ns]
/agas{locality#0/total}/locality/count,1,105.828799,[s],178
/agas{locality#0/total}/locality/time,1,105.828731,[s],28962,[ns]
/agas{locality#0/total}/symbol/count,1,105.828639,[s],276
/agas{locality#0/total}/symbol/time,1,105.833725,[s],295836,[ns]
/threads{locality#0/total/total}/count/cumulative,1,105.834592,[s],3.13655e+06
/threads{locality#0/pool#default/worker-thread#0}/count/cumulative,1,105.834697,[s],95475
/threads{locality#0/pool#default/worker-thread#1}/count/cumulative,1,105.829456,[s],98303
/threads{locality#0/pool#default/worker-thread#2}/count/cumulative,1,105.833740,[s],97356
/threads{locality#0/pool#default/worker-thread#3}/count/cumulative,1,105.833987,[s],97715
/threads{locality#0/pool#default/worker-thread#4}/count/cumulative,1,105.834607,[s],99433
/threads{locality#0/pool#default/worker-thread#5}/count/cumulative,1,105.834278,[s],96500
/threads{locality#0/pool#default/worker-thread#6}/count/cumulative,1,105.834613,[s],99650
/threads{locality#0/pool#default/worker-thread#7}/count/cumulative,1,105.834617,[s],99290
/threads{locality#0/pool#default/worker-thread#8}/count/cumulative,1,105.833685,[s],99315
/threads{locality#0/pool#default/worker-thread#9}/count/cumulative,1,105.834810,[s],98010
/threads{locality#0/pool#default/worker-thread#10}/count/cumulative,1,105.833873,[s],97087
/threads{locality#0/pool#default/worker-thread#11}/count/cumulative,1,105.834434,[s],97423
/threads{locality#0/pool#default/worker-thread#12}/count/cumulative,1,105.834870,[s],96565
/threads{locality#0/pool#default/worker-thread#13}/count/cumulative,1,105.834643,[s],98501
/threads{locality#0/pool#default/worker-thread#14}/count/cumulative,1,105.828256,[s],99605
/threads{locality#0/pool#default/worker-thread#15}/count/cumulative,1,105.828708,[s],98291
/threads{locality#0/pool#default/worker-thread#16}/count/cumulative,1,105.828419,[s],91436
/threads{locality#0/pool#default/worker-thread#17}/count/cumulative,1,105.828269,[s],99187
/threads{locality#0/pool#default/worker-thread#18}/count/cumulative,1,105.828576,[s],98309
/threads{locality#0/pool#default/worker-thread#19}/count/cumulative,1,105.828130,[s],97942
/threads{locality#0/pool#default/worker-thread#20}/count/cumulative,1,105.828729,[s],99396
/threads{locality#0/pool#default/worker-thread#21}/count/cumulative,1,105.828335,[s],100129
/threads{locality#0/pool#default/worker-thread#22}/count/cumulative,1,105.829053,[s],99190
/threads{locality#0/pool#default/worker-thread#23}/count/cumulative,1,105.828353,[s],99135
/threads{locality#0/pool#default/worker-thread#24}/count/cumulative,1,105.828666,[s],99195
/threads{locality#0/pool#default/worker-thread#25}/count/cumulative,1,105.829439,[s],97820
/threads{locality#0/pool#default/worker-thread#26}/count/cumulative,1,105.828362,[s],99047
/threads{locality#0/pool#default/worker-thread#27}/count/cumulative,1,105.828216,[s],96966
/threads{locality#0/pool#default/worker-thread#28}/count/cumulative,1,105.828263,[s],97249
/threads{locality#0/pool#default/worker-thread#29}/count/cumulative,1,105.829260,[s],96931
/threads{locality#0/pool#default/worker-thread#30}/count/cumulative,1,105.834825,[s],96739
/threads{locality#0/pool#default/worker-thread#31}/count/cumulative,1,105.834526,[s],99374
/threads{locality#0/total/total}/count/cumulative-phases,1,105.834398,[s],2.22315e+07
/threads{locality#0/pool#default/worker-thread#0}/count/cumulative-phases,1,105.833871,[s],680069
/threads{locality#0/pool#default/worker-thread#1}/count/cumulative-phases,1,105.834403,[s],717050
/threads{locality#0/pool#default/worker-thread#2}/count/cumulative-phases,1,105.833801,[s],691581
/threads{locality#0/pool#default/worker-thread#3}/count/cumulative-phases,1,105.833719,[s],705228
/threads{locality#0/pool#default/worker-thread#4}/count/cumulative-phases,1,105.829607,[s],713628
/threads{locality#0/pool#default/worker-thread#5}/count/cumulative-phases,1,105.834551,[s],711693
/threads{locality#0/pool#default/worker-thread#6}/count/cumulative-phases,1,105.834426,[s],730923
/threads{locality#0/pool#default/worker-thread#7}/count/cumulative-phases,1,105.829621,[s],726350
/threads{locality#0/pool#default/worker-thread#8}/count/cumulative-phases,1,105.829698,[s],718084
/threads{locality#0/pool#default/worker-thread#9}/count/cumulative-phases,1,105.834012,[s],696037
/threads{locality#0/pool#default/worker-thread#10}/count/cumulative-phases,1,105.829704,[s],692563
/threads{locality#0/pool#default/worker-thread#11}/count/cumulative-phases,1,105.834879,[s],707618
/threads{locality#0/pool#default/worker-thread#12}/count/cumulative-phases,1,105.835013,[s],705621
/threads{locality#0/pool#default/worker-thread#13}/count/cumulative-phases,1,105.828334,[s],700647
/threads{locality#0/pool#default/worker-thread#14}/count/cumulative-phases,1,105.828844,[s],691301
/threads{locality#0/pool#default/worker-thread#15}/count/cumulative-phases,1,105.829015,[s],721772
/threads{locality#0/pool#default/worker-thread#16}/count/cumulative-phases,1,105.828711,[s],662381
/threads{locality#0/pool#default/worker-thread#17}/count/cumulative-phases,1,105.829025,[s],695060
/threads{locality#0/pool#default/worker-thread#18}/count/cumulative-phases,1,105.828568,[s],680573
/threads{locality#0/pool#default/worker-thread#19}/count/cumulative-phases,1,105.828961,[s],668308
/threads{locality#0/pool#default/worker-thread#20}/count/cumulative-phases,1,105.828725,[s],689704
/threads{locality#0/pool#default/worker-thread#21}/count/cumulative-phases,1,105.829038,[s],680456
/threads{locality#0/pool#default/worker-thread#22}/count/cumulative-phases,1,105.828972,[s],688798
/threads{locality#0/pool#default/worker-thread#23}/count/cumulative-phases,1,105.828374,[s],690111
/threads{locality#0/pool#default/worker-thread#24}/count/cumulative-phases,1,105.828588,[s],690691
/threads{locality#0/pool#default/worker-thread#25}/count/cumulative-phases,1,105.829378,[s],682333
/threads{locality#0/pool#default/worker-thread#26}/count/cumulative-phases,1,105.829056,[s],696636
/threads{locality#0/pool#default/worker-thread#27}/count/cumulative-phases,1,105.828390,[s],679118
/threads{locality#0/pool#default/worker-thread#28}/count/cumulative-phases,1,105.828900,[s],682655
/threads{locality#0/pool#default/worker-thread#29}/count/cumulative-phases,1,105.834232,[s],679160
/threads{locality#0/pool#default/worker-thread#30}/count/cumulative-phases,1,105.834521,[s],664102
/threads{locality#0/pool#default/worker-thread#31}/count/cumulative-phases,1,105.834857,[s],691268
/octotiger{locality#0/total}/subgrids,1,105.834719,[s],23709
/octotiger{locality#0/total}/subgrid_leaves,1,105.829724,[s],20748
/octotiger{locality#0/total}/amr_bounds,1,105.834253,[s],30072
/threads{locality#0/total/total}/idle-rate,1,105.834015,[s],9995,[0.01%]
/threads{locality#0/pool#default/worker-thread#0}/idle-rate,1,105.833939,[s],9995,[0.01%]
/threads{locality#0/pool#default/worker-thread#1}/idle-rate,1,105.834984,[s],9995,[0.01%]
/threads{locality#0/pool#default/worker-thread#2}/idle-rate,1,105.834740,[s],9996,[0.01%]
/threads{locality#0/pool#default/worker-thread#3}/idle-rate,1,105.835074,[s],9996,[0.01%]
/threads{locality#0/pool#default/worker-thread#4}/idle-rate,1,105.833868,[s],9994,[0.01%]
/threads{locality#0/pool#default/worker-thread#5}/idle-rate,1,105.829757,[s],9996,[0.01%]
/threads{locality#0/pool#default/worker-thread#6}/idle-rate,1,105.834148,[s],9995,[0.01%]
/threads{locality#0/pool#default/worker-thread#7}/idle-rate,1,105.834380,[s],9996,[0.01%]
/threads{locality#0/pool#default/worker-thread#8}/idle-rate,1,105.835096,[s],9995,[0.01%]
/threads{locality#0/pool#default/worker-thread#9}/idle-rate,1,105.828419,[s],9995,[0.01%]
/threads{locality#0/pool#default/worker-thread#10}/idle-rate,1,105.828830,[s],9995,[0.01%]
/threads{locality#0/pool#default/worker-thread#11}/idle-rate,1,105.829286,[s],9994,[0.01%]
/threads{locality#0/pool#default/worker-thread#12}/idle-rate,1,105.828892,[s],9995,[0.01%]
/threads{locality#0/pool#default/worker-thread#13}/idle-rate,1,105.828988,[s],9996,[0.01%]
/threads{locality#0/pool#default/worker-thread#14}/idle-rate,1,105.828542,[s],9996,[0.01%]
/threads{locality#0/pool#default/worker-thread#15}/idle-rate,1,105.829088,[s],9995,[0.01%]
/threads{locality#0/pool#default/worker-thread#16}/idle-rate,1,105.828448,[s],9995,[0.01%]
/threads{locality#0/pool#default/worker-thread#17}/idle-rate,1,105.829095,[s],9995,[0.01%]
/threads{locality#0/pool#default/worker-thread#18}/idle-rate,1,105.828409,[s],9995,[0.01%]
/threads{locality#0/pool#default/worker-thread#19}/idle-rate,1,105.828863,[s],9995,[0.01%]
/threads{locality#0/pool#default/worker-thread#20}/idle-rate,1,105.829604,[s],9996,[0.01%]
/threads{locality#0/pool#default/worker-thread#21}/idle-rate,1,105.828507,[s],9995,[0.01%]
/threads{locality#0/pool#default/worker-thread#22}/idle-rate,1,105.829610,[s],9996,[0.01%]
/threads{locality#0/pool#default/worker-thread#23}/idle-rate,1,105.828426,[s],9995,[0.01%]
/threads{locality#0/pool#default/worker-thread#24}/idle-rate,1,105.828519,[s],9994,[0.01%]
/threads{locality#0/pool#default/worker-thread#25}/idle-rate,1,105.834446,[s],9996,[0.01%]
/threads{locality#0/pool#default/worker-thread#26}/idle-rate,1,105.835211,[s],9996,[0.01%]
/threads{locality#0/pool#default/worker-thread#27}/idle-rate,1,105.834362,[s],9995,[0.01%]
/threads{locality#0/pool#default/worker-thread#28}/idle-rate,1,105.834233,[s],9995,[0.01%]
/threads{locality#0/pool#default/worker-thread#29}/idle-rate,1,105.834658,[s],9994,[0.01%]
/threads{locality#0/pool#default/worker-thread#30}/idle-rate,1,105.834237,[s],9995,[0.01%]
/threads{locality#0/pool#default/worker-thread#31}/idle-rate,1,105.835100,[s],9996,[0.01%]
