Activate APEX
13:26:06 splitting files




          ___       _      _____ _                 
         / _ \  ___| |_ __|_   _(_) __ _  ___ _ __ 
        | | | |/ __| __/ _ \| | | |/ _` |/ _ \ '__|
        | |_| | (__| || (_) | | | | (_| |  __/ |   
         \___/ \___|\__\___/|_| |_|\__, |\___|_|   
      _                            |___/           
     (_)
              _ __..-;''`-
      O   (`/' ` |  \ \ \ \-.
       o /'`\ \   |  \ | \|  \
        /<7' ;  \ \  | ; ||/ `'.
       /  _.-, `,-\,__| ' ' . `'.
       `-`  f/ ;       \        \             ___.--,
           `~-'_.._     |  -~    |     _.---'`__.-( (_.
        __.--'`_.. '.__.\    '--. \_.-' ,.--'`     `""`
       ( ,.--'`   ',__ /./;   ;, '.__.'`    __
       _`) )  .---.__.' / |   |\   \__..--""  """--.,_
      `---' .'.''-._.-'`_./  /\ '.  \ _.-~~~````~~~-._`-.__.'
            | |  .' _.-' |  |  \  \  '.               `~---`
             \ \/ .'     \  \   '. '-._)
              \/ /        \  \    `=.__`~-.
              / /\         `) )    / / `"".`\
        , _.-'.'\ \        / /    ( (     / /
         `--~`   ) )    .-'.'      '.'.  | (
                (/`    ( (`          ) )  '-;
                 `      '-;         (-'





    
###########################################################
Compiled for AVX2 SIMD architectures.
###########################################################
Running
Configuration file rcb_init.ini not found!
Exiting...
/agas{locality#0/total}/count/route,1,0.185806,[s],0
/agas{locality#1/total}/count/route,1,0.161194,[s],0
/agas{locality#0/total}/time/route,1,0.185599,[s],0,[ns]
/agas{locality#1/total}/time/route,1,0.160701,[s],0,[ns]
/agas{locality#0/total}/count/bind_gid,1,0.182758,[s],2
/agas{locality#1/total}/count/bind_gid,1,0.161397,[s],0
/agas{locality#0/total}/time/bind_gid,1,0.185781,[s],2010,[ns]
/agas{locality#1/total}/time/bind_gid,1,0.160886,[s],0,[ns]
/agas{locality#0/total}/count/unbind_gid,1,0.185956,[s],0
/agas{locality#1/total}/count/unbind_gid,1,0.161902,[s],0
/agas{locality#0/total}/time/unbind_gid,1,0.186099,[s],0,[ns]
/agas{locality#1/total}/time/unbind_gid,1,0.161511,[s],0,[ns]
/agas{locality#0/total}/count/resolve_gid,1,0.167097,[s],149
/agas{locality#1/total}/count/resolve_gid,1,0.160430,[s],0
/agas{locality#0/total}/time/resolve_gid,1,0.182298,[s],22915,[ns]
/agas{locality#1/total}/time/resolve_gid,1,0.160888,[s],0,[ns]
/agas{locality#0/total}/count/increment_credit,1,0.167159,[s],0
/agas{locality#1/total}/count/increment_credit,1,0.161288,[s],0
/agas{locality#0/total}/count/decrement_credit,1,0.185927,[s],0
/agas{locality#1/total}/count/decrement_credit,1,0.161740,[s],0
/agas{locality#0/total}/time/decrement_credit,1,0.182492,[s],0,[ns]
/agas{locality#1/total}/time/decrement_credit,1,0.161785,[s],0,[ns]
/agas{locality#0/total}/time/increment_credit,1,0.174828,[s],0,[ns]
/agas{locality#1/total}/time/increment_credit,1,0.161017,[s],0,[ns]
/agas{locality#0/total}/count/allocate,1,0.182471,[s],2
/agas{locality#1/total}/count/allocate,1,0.161893,[s],0
/agas{locality#0/total}/time/allocate,1,0.182952,[s],735,[ns]
/agas{locality#1/total}/time/allocate,1,0.162156,[s],0,[ns]
/agas{locality#0/total}/count/begin_migration,1,0.175050,[s],0
/agas{locality#1/total}/count/begin_migration,1,0.162186,[s],0
/agas{locality#0/total}/time/begin_migration,1,0.175071,[s],0,[ns]
/agas{locality#1/total}/time/begin_migration,1,0.165205,[s],0,[ns]
/agas{locality#0/total}/count/end_migration,1,0.183232,[s],0
/agas{locality#1/total}/count/end_migration,1,0.161632,[s],0
/agas{locality#0/total}/time/end_migration,1,0.175296,[s],0,[ns]
/agas{locality#1/total}/time/end_migration,1,0.165326,[s],0,[ns]
/agas{locality#0/total}/count/bind_prefix,1,0.183000,[s],0
/agas{locality#0/total}/time/bind_prefix,1,0.183342,[s],0,[ns]
/agas{locality#0/total}/count/bind_name,1,0.183206,[s],0
/agas{locality#0/total}/time/bind_name,1,0.175100,[s],0,[ns]
/agas{locality#0/total}/count/unbind_name,1,0.182499,[s],0
/agas{locality#0/total}/time/unbind_name,1,0.183218,[s],0,[ns]
/agas{locality#0/total}/count/resolve_id,1,0.175045,[s],0
/agas{locality#0/total}/time/resolve_id,1,0.175048,[s],0,[ns]
/agas{locality#0/total}/time/iterate_types,1,0.182818,[s],0,[ns]
/agas{locality#0/total}/count/iterate_types,1,0.183170,[s],0
/agas{locality#0/total}/count/get_component_typename,1,0.167427,[s],0
/agas{locality#0/total}/time/get_component_typename,1,0.186043,[s],0,[ns]
/agas{locality#0/total}/count/num_localities_type,1,0.182874,[s],0
/agas{locality#0/total}/time/num_localities_type,1,0.171525,[s],0,[ns]
/agas{locality#0/total}/count/free,1,0.186472,[s],0
/agas{locality#0/total}/time/free,1,0.182634,[s],0,[ns]
/agas{locality#0/total}/count/localities,1,0.186193,[s],1
/agas{locality#0/total}/time/localities,1,0.182958,[s],1706,[ns]
/agas{locality#0/total}/count/num_localities,1,0.171542,[s],303
/agas{locality#0/total}/time/num_localities,1,0.183201,[s],48758,[ns]
/agas{locality#0/total}/count/resolve_locality,1,0.186498,[s],0
/agas{locality#0/total}/time/resolve_locality,1,0.175374,[s],0,[ns]
/agas{locality#0/total}/count/num_threads,1,0.186087,[s],0
/agas{locality#0/total}/time/num_threads,1,0.183278,[s],0,[ns]
/agas{locality#0/total}/count/bind,1,0.183373,[s],136
/agas{locality#1/total}/count/bind,1,0.164835,[s],126
/agas{locality#0/total}/time/bind,1,0.183394,[s],220549,[ns]
/agas{locality#1/total}/time/bind,1,0.161196,[s],235912,[ns]
/agas{locality#0/total}/count/unbind,1,0.183062,[s],0
/agas{locality#1/total}/count/unbind,1,0.162392,[s],0
/agas{locality#0/total}/time/unbind,1,0.175493,[s],0,[ns]
/agas{locality#1/total}/time/unbind,1,0.161262,[s],0,[ns]
/agas{locality#0/total}/count/resolve,1,0.175194,[s],153
/agas{locality#1/total}/count/resolve,1,0.165457,[s],122
/agas{locality#0/total}/time/resolve,1,0.182836,[s],173701,[ns]
/agas{locality#1/total}/time/resolve,1,0.165057,[s],110962,[ns]
/agas{locality#0/total}/count/iterate_names,1,0.183414,[s],0
/agas{locality#1/total}/count/iterate_names,1,0.162471,[s],0
/agas{locality#0/total}/time/iterate_names,1,0.183302,[s],0,[ns]
/agas{locality#1/total}/time/iterate_names,1,0.165590,[s],0,[ns]
/agas{locality#0/total}/count/on_symbol_namespace_event,1,0.175390,[s],0
/agas{locality#1/total}/count/on_symbol_namespace_event,1,0.162532,[s],0
/agas{locality#0/total}/time/on_symbol_namespace_event,1,0.183208,[s],0,[ns]
/agas{locality#1/total}/time/on_symbol_namespace_event,1,0.165721,[s],0,[ns]
/agas{locality#0/total}/count/cache/entries,1,0.183243,[s],148
/agas{locality#1/total}/count/cache/entries,1,0.161196,[s],1
/agas{locality#0/total}/count/cache/insertions,1,0.183393,[s],148
/agas{locality#1/total}/count/cache/insertions,1,0.161658,[s],1
/agas{locality#0/total}/count/cache/evictions,1,0.175703,[s],0
/agas{locality#1/total}/count/cache/evictions,1,0.161330,[s],0
/agas{locality#0/total}/count/cache/hits,1,0.183644,[s],179
/agas{locality#1/total}/count/cache/hits,1,0.161379,[s],3
/agas{locality#0/total}/count/cache/misses,1,0.171879,[s],150
/agas{locality#1/total}/count/cache/misses,1,0.161304,[s],4
/agas{locality#0/total}/count/cache/get_entry,1,0.186703,[s],183
/agas{locality#1/total}/count/cache/get_entry,1,0.162450,[s],4
/agas{locality#0/total}/time/cache/get_entry,1,0.171895,[s],82918,[ns]
/agas{locality#1/total}/time/cache/get_entry,1,0.161832,[s],762,[ns]
/agas{locality#0/total}/count/cache/insert_entry,1,0.183747,[s],148
/agas{locality#1/total}/count/cache/insert_entry,1,0.162794,[s],1
/agas{locality#0/total}/time/cache/insert_entry,1,0.183284,[s],68006
/agas{locality#1/total}/time/cache/insert_entry,1,0.162754,[s],766
/agas{locality#0/total}/count/cache/update_entry,1,0.186465,[s],148
/agas{locality#1/total}/count/cache/update_entry,1,0.162502,[s],3
/agas{locality#0/total}/time/cache/update_entry,1,0.186472,[s],117041,[ns]
/agas{locality#1/total}/time/cache/update_entry,1,0.161498,[s],3321,[ns]
/agas{locality#0/total}/count/cache/erase_entry,1,0.186478,[s],0
/agas{locality#1/total}/count/cache/erase_entry,1,0.162716,[s],0
/agas{locality#0/total}/time/cache/erase_entry,1,0.186714,[s],0
/agas{locality#1/total}/time/cache/erase_entry,1,0.163048,[s],0
/agas{locality#0/total}/primary/count,1,0.183423,[s],153
/agas{locality#1/total}/primary/count,1,0.162794,[s],0
/agas{locality#0/total}/primary/time,1,0.183861,[s],25660,[ns]
/agas{locality#1/total}/primary/time,1,0.162523,[s],0,[ns]
/agas{locality#0/total}/component/count,1,0.186719,[s],0
/agas{locality#0/total}/component/time,1,0.186587,[s],0,[ns]
/agas{locality#0/total}/locality/count,1,0.187006,[s],304
/agas{locality#0/total}/locality/time,1,0.175878,[s],50464,[ns]
/agas{locality#0/total}/symbol/count,1,0.183375,[s],289
/agas{locality#1/total}/symbol/count,1,0.161592,[s],248
/agas{locality#0/total}/symbol/time,1,0.183927,[s],394250,[ns]
/agas{locality#1/total}/symbol/time,1,0.162049,[s],346874,[ns]
/threads{locality#0/total/total}/count/cumulative,1,0.175737,[s],901
/threads{locality#1/total/total}/count/cumulative,1,0.151330,[s],842
/threads{locality#0/pool#default/worker-thread#0}/count/cumulative,1,0.175747,[s],24
/threads{locality#0/pool#default/worker-thread#1}/count/cumulative,1,0.183729,[s],19
/threads{locality#0/pool#default/worker-thread#2}/count/cumulative,1,0.183860,[s],25
/threads{locality#0/pool#default/worker-thread#3}/count/cumulative,1,0.175992,[s],32
/threads{locality#0/pool#default/worker-thread#4}/count/cumulative,1,0.175996,[s],47
/threads{locality#0/pool#default/worker-thread#5}/count/cumulative,1,0.183957,[s],27
/threads{locality#0/pool#default/worker-thread#6}/count/cumulative,1,0.175810,[s],24
/threads{locality#0/pool#default/worker-thread#7}/count/cumulative,1,0.176036,[s],23
/threads{locality#0/pool#default/worker-thread#8}/count/cumulative,1,0.183614,[s],30
/threads{locality#0/pool#default/worker-thread#9}/count/cumulative,1,0.176047,[s],25
/threads{locality#0/pool#default/worker-thread#10}/count/cumulative,1,0.183892,[s],39
/threads{locality#0/pool#default/worker-thread#11}/count/cumulative,1,0.183895,[s],25
/threads{locality#0/pool#default/worker-thread#12}/count/cumulative,1,0.183398,[s],28
/threads{locality#0/pool#default/worker-thread#13}/count/cumulative,1,0.183144,[s],28
/threads{locality#0/pool#default/worker-thread#14}/count/cumulative,1,0.186716,[s],41
/threads{locality#0/pool#default/worker-thread#15}/count/cumulative,1,0.183294,[s],25
/threads{locality#0/pool#default/worker-thread#16}/count/cumulative,1,0.184020,[s],21
/threads{locality#0/pool#default/worker-thread#17}/count/cumulative,1,0.186941,[s],27
/threads{locality#0/pool#default/worker-thread#18}/count/cumulative,1,0.183554,[s],29
/threads{locality#0/pool#default/worker-thread#19}/count/cumulative,1,0.183557,[s],25
/threads{locality#0/pool#default/worker-thread#20}/count/cumulative,1,0.183310,[s],32
/threads{locality#0/pool#default/worker-thread#21}/count/cumulative,1,0.183628,[s],21
/threads{locality#0/pool#default/worker-thread#22}/count/cumulative,1,0.183314,[s],25
/threads{locality#0/pool#default/worker-thread#23}/count/cumulative,1,0.183316,[s],36
/threads{locality#0/pool#default/worker-thread#24}/count/cumulative,1,0.186875,[s],30
/threads{locality#0/pool#default/worker-thread#25}/count/cumulative,1,0.183526,[s],36
/threads{locality#0/pool#default/worker-thread#26}/count/cumulative,1,0.183528,[s],28
/threads{locality#0/pool#default/worker-thread#27}/count/cumulative,1,0.184046,[s],35
/threads{locality#0/pool#default/worker-thread#28}/count/cumulative,1,0.184048,[s],30
/threads{locality#0/pool#default/worker-thread#29}/count/cumulative,1,0.183330,[s],28
/threads{locality#0/pool#default/worker-thread#30}/count/cumulative,1,0.175962,[s],28
/threads{locality#0/pool#default/worker-thread#31}/count/cumulative,1,0.175885,[s],23
/threads{locality#1/pool#default/worker-thread#0}/count/cumulative,1,0.162597,[s],32
/threads{locality#1/pool#default/worker-thread#1}/count/cumulative,1,0.151394,[s],24
/threads{locality#1/pool#default/worker-thread#2}/count/cumulative,1,0.166021,[s],26
/threads{locality#1/pool#default/worker-thread#3}/count/cumulative,1,0.151404,[s],25
/threads{locality#1/pool#default/worker-thread#4}/count/cumulative,1,0.163030,[s],38
/threads{locality#1/pool#default/worker-thread#5}/count/cumulative,1,0.151419,[s],34
/threads{locality#1/pool#default/worker-thread#6}/count/cumulative,1,0.165994,[s],28
/threads{locality#1/pool#default/worker-thread#7}/count/cumulative,1,0.162780,[s],22
/threads{locality#1/pool#default/worker-thread#8}/count/cumulative,1,0.162256,[s],22
/threads{locality#1/pool#default/worker-thread#9}/count/cumulative,1,0.166282,[s],18
/threads{locality#1/pool#default/worker-thread#10}/count/cumulative,1,0.162715,[s],25
/threads{locality#1/pool#default/worker-thread#11}/count/cumulative,1,0.166118,[s],24
/threads{locality#1/pool#default/worker-thread#12}/count/cumulative,1,0.151506,[s],21
/threads{locality#1/pool#default/worker-thread#13}/count/cumulative,1,0.166317,[s],30
/threads{locality#1/pool#default/worker-thread#14}/count/cumulative,1,0.163070,[s],30
/threads{locality#1/pool#default/worker-thread#15}/count/cumulative,1,0.163042,[s],25
/threads{locality#1/pool#default/worker-thread#16}/count/cumulative,1,0.163011,[s],25
/threads{locality#1/pool#default/worker-thread#17}/count/cumulative,1,0.163323,[s],29
/threads{locality#1/pool#default/worker-thread#18}/count/cumulative,1,0.163077,[s],17
/threads{locality#1/pool#default/worker-thread#19}/count/cumulative,1,0.163343,[s],31
/threads{locality#1/pool#default/worker-thread#20}/count/cumulative,1,0.163049,[s],35
/threads{locality#1/pool#default/worker-thread#21}/count/cumulative,1,0.162701,[s],22
/threads{locality#1/pool#default/worker-thread#22}/count/cumulative,1,0.163489,[s],28
/threads{locality#1/pool#default/worker-thread#23}/count/cumulative,1,0.162528,[s],25
/threads{locality#1/pool#default/worker-thread#24}/count/cumulative,1,0.163301,[s],38
/threads{locality#1/pool#default/worker-thread#25}/count/cumulative,1,0.162907,[s],30
/threads{locality#1/pool#default/worker-thread#26}/count/cumulative,1,0.162647,[s],29
/threads{locality#1/pool#default/worker-thread#27}/count/cumulative,1,0.163200,[s],24
/threads{locality#1/pool#default/worker-thread#28}/count/cumulative,1,0.161999,[s],27
/threads{locality#1/pool#default/worker-thread#29}/count/cumulative,1,0.163101,[s],23
/threads{locality#1/pool#default/worker-thread#30}/count/cumulative,1,0.151689,[s],19
/threads{locality#1/pool#default/worker-thread#31}/count/cumulative,1,0.162914,[s],25
/threads{locality#0/total/total}/count/cumulative-phases,1,0.184253,[s],7798
/threads{locality#1/total/total}/count/cumulative-phases,1,0.166629,[s],7606
/threads{locality#0/pool#default/worker-thread#0}/count/cumulative-phases,1,0.184187,[s],153
/threads{locality#0/pool#default/worker-thread#1}/count/cumulative-phases,1,0.183891,[s],322
/threads{locality#0/pool#default/worker-thread#2}/count/cumulative-phases,1,0.176414,[s],218
/threads{locality#0/pool#default/worker-thread#3}/count/cumulative-phases,1,0.184198,[s],174
/threads{locality#0/pool#default/worker-thread#4}/count/cumulative-phases,1,0.183902,[s],248
/threads{locality#0/pool#default/worker-thread#5}/count/cumulative-phases,1,0.184204,[s],252
/threads{locality#0/pool#default/worker-thread#6}/count/cumulative-phases,1,0.184408,[s],245
/threads{locality#0/pool#default/worker-thread#7}/count/cumulative-phases,1,0.176302,[s],230
/threads{locality#0/pool#default/worker-thread#8}/count/cumulative-phases,1,0.176570,[s],191
/threads{locality#0/pool#default/worker-thread#9}/count/cumulative-phases,1,0.176574,[s],166
/threads{locality#0/pool#default/worker-thread#10}/count/cumulative-phases,1,0.183920,[s],256
/threads{locality#0/pool#default/worker-thread#11}/count/cumulative-phases,1,0.184061,[s],226
/threads{locality#0/pool#default/worker-thread#12}/count/cumulative-phases,1,0.168623,[s],258
/threads{locality#0/pool#default/worker-thread#13}/count/cumulative-phases,1,0.172714,[s],189
/threads{locality#0/pool#default/worker-thread#14}/count/cumulative-phases,1,0.187106,[s],242
/threads{locality#0/pool#default/worker-thread#15}/count/cumulative-phases,1,0.187249,[s],152
/threads{locality#0/pool#default/worker-thread#16}/count/cumulative-phases,1,0.172726,[s],236
/threads{locality#0/pool#default/worker-thread#17}/count/cumulative-phases,1,0.168639,[s],322
/threads{locality#0/pool#default/worker-thread#18}/count/cumulative-phases,1,0.187388,[s],333
/threads{locality#0/pool#default/worker-thread#19}/count/cumulative-phases,1,0.183679,[s],322
/threads{locality#0/pool#default/worker-thread#20}/count/cumulative-phases,1,0.184087,[s],262
/threads{locality#0/pool#default/worker-thread#21}/count/cumulative-phases,1,0.184155,[s],144
/threads{locality#0/pool#default/worker-thread#22}/count/cumulative-phases,1,0.183686,[s],213
/threads{locality#0/pool#default/worker-thread#23}/count/cumulative-phases,1,0.183843,[s],244
/threads{locality#0/pool#default/worker-thread#24}/count/cumulative-phases,1,0.172745,[s],277
/threads{locality#0/pool#default/worker-thread#25}/count/cumulative-phases,1,0.184599,[s],224
/threads{locality#0/pool#default/worker-thread#26}/count/cumulative-phases,1,0.184262,[s],408
/threads{locality#0/pool#default/worker-thread#27}/count/cumulative-phases,1,0.176358,[s],317
/threads{locality#0/pool#default/worker-thread#28}/count/cumulative-phases,1,0.183908,[s],213
/threads{locality#0/pool#default/worker-thread#29}/count/cumulative-phases,1,0.176490,[s],292
/threads{locality#0/pool#default/worker-thread#30}/count/cumulative-phases,1,0.176493,[s],259
/threads{locality#0/pool#default/worker-thread#31}/count/cumulative-phases,1,0.183980,[s],223
/threads{locality#1/pool#default/worker-thread#0}/count/cumulative-phases,1,0.166522,[s],317
/threads{locality#1/pool#default/worker-thread#1}/count/cumulative-phases,1,0.163531,[s],159
/threads{locality#1/pool#default/worker-thread#2}/count/cumulative-phases,1,0.166085,[s],251
/threads{locality#1/pool#default/worker-thread#3}/count/cumulative-phases,1,0.151752,[s],195
/threads{locality#1/pool#default/worker-thread#4}/count/cumulative-phases,1,0.166125,[s],260
/threads{locality#1/pool#default/worker-thread#5}/count/cumulative-phases,1,0.166561,[s],277
/threads{locality#1/pool#default/worker-thread#6}/count/cumulative-phases,1,0.163607,[s],192
/threads{locality#1/pool#default/worker-thread#7}/count/cumulative-phases,1,0.166779,[s],255
/threads{locality#1/pool#default/worker-thread#8}/count/cumulative-phases,1,0.166675,[s],368
/threads{locality#1/pool#default/worker-thread#9}/count/cumulative-phases,1,0.163152,[s],235
/threads{locality#1/pool#default/worker-thread#10}/count/cumulative-phases,1,0.166670,[s],260
/threads{locality#1/pool#default/worker-thread#11}/count/cumulative-phases,1,0.166777,[s],278
/threads{locality#1/pool#default/worker-thread#12}/count/cumulative-phases,1,0.162604,[s],737
/threads{locality#1/pool#default/worker-thread#13}/count/cumulative-phases,1,0.163764,[s],227
/threads{locality#1/pool#default/worker-thread#14}/count/cumulative-phases,1,0.163062,[s],250
/threads{locality#1/pool#default/worker-thread#15}/count/cumulative-phases,1,0.162462,[s],290
/threads{locality#1/pool#default/worker-thread#16}/count/cumulative-phases,1,0.162328,[s],122
/threads{locality#1/pool#default/worker-thread#17}/count/cumulative-phases,1,0.163295,[s],202
/threads{locality#1/pool#default/worker-thread#18}/count/cumulative-phases,1,0.163799,[s],154
/threads{locality#1/pool#default/worker-thread#19}/count/cumulative-phases,1,0.163276,[s],264
/threads{locality#1/pool#default/worker-thread#20}/count/cumulative-phases,1,0.167582,[s],310
/threads{locality#1/pool#default/worker-thread#21}/count/cumulative-phases,1,0.164186,[s],194
/threads{locality#1/pool#default/worker-thread#22}/count/cumulative-phases,1,0.164671,[s],295
/threads{locality#1/pool#default/worker-thread#23}/count/cumulative-phases,1,0.163652,[s],257
/threads{locality#1/pool#default/worker-thread#24}/count/cumulative-phases,1,0.163133,[s],222
/threads{locality#1/pool#default/worker-thread#25}/count/cumulative-phases,1,0.163856,[s],208
/threads{locality#1/pool#default/worker-thread#26}/count/cumulative-phases,1,0.163542,[s],165
/threads{locality#1/pool#default/worker-thread#27}/count/cumulative-phases,1,0.162398,[s],202
/threads{locality#1/pool#default/worker-thread#28}/count/cumulative-phases,1,0.163233,[s],296
/threads{locality#1/pool#default/worker-thread#29}/count/cumulative-phases,1,0.163718,[s],196
/threads{locality#1/pool#default/worker-thread#30}/count/cumulative-phases,1,0.162786,[s],163
/threads{locality#1/pool#default/worker-thread#31}/count/cumulative-phases,1,0.162977,[s],188
/octotiger{locality#0/total}/subgrids,1,0.184528,[s],0
/octotiger{locality#1/total}/subgrids,1,0.162374,[s],0
/octotiger{locality#0/total}/subgrid_leaves,1,0.176873,[s],0
/octotiger{locality#1/total}/subgrid_leaves,1,0.162305,[s],0
/octotiger{locality#0/total}/amr_bounds,1,0.187611,[s],0
/octotiger{locality#1/total}/amr_bounds,1,0.166648,[s],0
/threads{locality#0/total/total}/idle-rate,1,0.184312,[s],9793,[0.01%]
/threads{locality#1/total/total}/idle-rate,1,0.163000,[s],9853,[0.01%]
/threads{locality#0/pool#default/worker-thread#0}/idle-rate,1,0.176736,[s],9910,[0.01%]
/threads{locality#0/pool#default/worker-thread#1}/idle-rate,1,0.176864,[s],9890,[0.01%]
/threads{locality#0/pool#default/worker-thread#2}/idle-rate,1,0.176742,[s],9916,[0.01%]
/threads{locality#0/pool#default/worker-thread#3}/idle-rate,1,0.184853,[s],9896,[0.01%]
/threads{locality#0/pool#default/worker-thread#4}/idle-rate,1,0.184994,[s],9868,[0.01%]
/threads{locality#0/pool#default/worker-thread#5}/idle-rate,1,0.176685,[s],9878,[0.01%]
/threads{locality#0/pool#default/worker-thread#6}/idle-rate,1,0.176754,[s],9899,[0.01%]
/threads{locality#0/pool#default/worker-thread#7}/idle-rate,1,0.184951,[s],9904,[0.01%]
/threads{locality#0/pool#default/worker-thread#8}/idle-rate,1,0.176697,[s],9880,[0.01%]
/threads{locality#0/pool#default/worker-thread#9}/idle-rate,1,0.184675,[s],9910,[0.01%]
/threads{locality#0/pool#default/worker-thread#10}/idle-rate,1,0.185018,[s],7495,[0.01%]
/threads{locality#0/pool#default/worker-thread#11}/idle-rate,1,0.185021,[s],9921,[0.01%]
/threads{locality#0/pool#default/worker-thread#12}/idle-rate,1,0.187912,[s],9877,[0.01%]
/threads{locality#0/pool#default/worker-thread#13}/idle-rate,1,0.184120,[s],8994,[0.01%]
/threads{locality#0/pool#default/worker-thread#14}/idle-rate,1,0.187917,[s],9885,[0.01%]
/threads{locality#0/pool#default/worker-thread#15}/idle-rate,1,0.185001,[s],9921,[0.01%]
/threads{locality#0/pool#default/worker-thread#16}/idle-rate,1,0.187920,[s],9904,[0.01%]
/threads{locality#0/pool#default/worker-thread#17}/idle-rate,1,0.187922,[s],9895,[0.01%]
/threads{locality#0/pool#default/worker-thread#18}/idle-rate,1,0.187924,[s],9890,[0.01%]
/threads{locality#0/pool#default/worker-thread#19}/idle-rate,1,0.187927,[s],9861,[0.01%]
/threads{locality#0/pool#default/worker-thread#20}/idle-rate,1,0.173187,[s],9898,[0.01%]
/threads{locality#0/pool#default/worker-thread#21}/idle-rate,1,0.187933,[s],9928,[0.01%]
/threads{locality#0/pool#default/worker-thread#22}/idle-rate,1,0.184504,[s],9898,[0.01%]
/threads{locality#0/pool#default/worker-thread#23}/idle-rate,1,0.187724,[s],9849,[0.01%]
/threads{locality#0/pool#default/worker-thread#24}/idle-rate,1,0.184302,[s],9908,[0.01%]
/threads{locality#0/pool#default/worker-thread#25}/idle-rate,1,0.177017,[s],9896,[0.01%]
/threads{locality#0/pool#default/worker-thread#26}/idle-rate,1,0.176814,[s],9886,[0.01%]
/threads{locality#0/pool#default/worker-thread#27}/idle-rate,1,0.185065,[s],9882,[0.01%]
/threads{locality#0/pool#default/worker-thread#28}/idle-rate,1,0.185068,[s],9917,[0.01%]
/threads{locality#0/pool#default/worker-thread#29}/idle-rate,1,0.184433,[s],9906,[0.01%]
/threads{locality#0/pool#default/worker-thread#30}/idle-rate,1,0.184178,[s],9909,[0.01%]
/threads{locality#0/pool#default/worker-thread#31}/idle-rate,1,0.184670,[s],9910,[0.01%]
/threads{locality#1/pool#default/worker-thread#0}/idle-rate,1,0.166719,[s],8980,[0.01%]
/threads{locality#1/pool#default/worker-thread#1}/idle-rate,1,0.166684,[s],9893,[0.01%]
/threads{locality#1/pool#default/worker-thread#2}/idle-rate,1,0.163494,[s],9881,[0.01%]
/threads{locality#1/pool#default/worker-thread#3}/idle-rate,1,0.164093,[s],9903,[0.01%]
/threads{locality#1/pool#default/worker-thread#4}/idle-rate,1,0.167133,[s],9832,[0.01%]
/threads{locality#1/pool#default/worker-thread#5}/idle-rate,1,0.164188,[s],9669,[0.01%]
/threads{locality#1/pool#default/worker-thread#6}/idle-rate,1,0.163045,[s],9866,[0.01%]
/threads{locality#1/pool#default/worker-thread#7}/idle-rate,1,0.164261,[s],9896,[0.01%]
/threads{locality#1/pool#default/worker-thread#8}/idle-rate,1,0.164190,[s],9890,[0.01%]
/threads{locality#1/pool#default/worker-thread#9}/idle-rate,1,0.166972,[s],9912,[0.01%]
/threads{locality#1/pool#default/worker-thread#10}/idle-rate,1,0.164244,[s],9904,[0.01%]
/threads{locality#1/pool#default/worker-thread#11}/idle-rate,1,0.167086,[s],9895,[0.01%]
/threads{locality#1/pool#default/worker-thread#12}/idle-rate,1,0.163915,[s],9900,[0.01%]
/threads{locality#1/pool#default/worker-thread#13}/idle-rate,1,0.162892,[s],9881,[0.01%]
/threads{locality#1/pool#default/worker-thread#14}/idle-rate,1,0.163859,[s],9878,[0.01%]
/threads{locality#1/pool#default/worker-thread#15}/idle-rate,1,0.164170,[s],9853,[0.01%]
/threads{locality#1/pool#default/worker-thread#16}/idle-rate,1,0.164372,[s],9894,[0.01%]
/threads{locality#1/pool#default/worker-thread#17}/idle-rate,1,0.163051,[s],9889,[0.01%]
/threads{locality#1/pool#default/worker-thread#18}/idle-rate,1,0.164531,[s],9919,[0.01%]
/threads{locality#1/pool#default/worker-thread#19}/idle-rate,1,0.163564,[s],9851,[0.01%]
/threads{locality#1/pool#default/worker-thread#20}/idle-rate,1,0.163074,[s],9875,[0.01%]
/threads{locality#1/pool#default/worker-thread#21}/idle-rate,1,0.162877,[s],9885,[0.01%]
/threads{locality#1/pool#default/worker-thread#22}/idle-rate,1,0.162894,[s],9897,[0.01%]
/threads{locality#1/pool#default/worker-thread#23}/idle-rate,1,0.163596,[s],9892,[0.01%]
/threads{locality#1/pool#default/worker-thread#24}/idle-rate,1,0.162922,[s],9854,[0.01%]
/threads{locality#1/pool#default/worker-thread#25}/idle-rate,1,0.164461,[s],9890,[0.01%]
/threads{locality#1/pool#default/worker-thread#26}/idle-rate,1,0.162941,[s],9873,[0.01%]
/threads{locality#1/pool#default/worker-thread#27}/idle-rate,1,0.152711,[s],9907,[0.01%]
/threads{locality#1/pool#default/worker-thread#28}/idle-rate,1,0.163197,[s],9871,[0.01%]
/threads{locality#1/pool#default/worker-thread#29}/idle-rate,1,0.164621,[s],9913,[0.01%]
/threads{locality#1/pool#default/worker-thread#30}/idle-rate,1,0.164549,[s],9901,[0.01%]
/threads{locality#1/pool#default/worker-thread#31}/idle-rate,1,0.163971,[s],9883,[0.01%]
13:26:06 launching octotiger




          ___       _      _____ _                 
         / _ \  ___| |_ __|_   _(_) __ _  ___ _ __ 
        | | | |/ __| __/ _ \| | | |/ _` |/ _ \ '__|
        | |_| | (__| || (_) | | | | (_| |  __/ |   
         \___/ \___|\__\___/|_| |_|\__, |\___|_|   
      _                            |___/           
     (_)
              _ __..-;''`-
      O   (`/' ` |  \ \ \ \-.
       o /'`\ \   |  \ | \|  \
        /<7' ;  \ \  | ; ||/ `'.
       /  _.-, `,-\,__| ' ' . `'.
       `-`  f/ ;       \        \             ___.--,
           `~-'_.._     |  -~    |     _.---'`__.-( (_.
        __.--'`_.. '.__.\    '--. \_.-' ,.--'`     `""`
       ( ,.--'`   ',__ /./;   ;, '.__.'`    __
       _`) )  .---.__.' / |   |\   \__..--""  """--.,_
      `---' .'.''-._.-'`_./  /\ '.  \ _.-~~~````~~~-._`-.__.'
            | |  .' _.-' |  |  \  \  '.               `~---`
             \ \/ .'     \  \   '. '-._)
              \/ /        \  \    `=.__`~-.
              / /\         `) )    / / `"".`\
        , _.-'.'\ \        / /    ( (     / /
         `--~`   ) )    .-'.'      '.'.  | (
                (/`    ( (`          ) )  '-;
                 `      '-;         (-'





    
OS-thread 24 on locality 1: Initialized thread_local memory!
OS-thread 29 on locality 1: Initialized thread_local memory!
OS-thread 20 on locality 1: Initialized thread_local memory!
OS-thread 27 on locality 1: Initialized thread_local memory!
OS-thread 12 on locality 1: Initialized thread_local memory!
OS-thread 8 on locality 1: Initialized thread_local memory!
OS-thread 22 on locality 1: Initialized thread_local memory!
OS-thread 2 on locality 1: Initialized thread_local memory!
OS-thread 11 on locality 1: Initialized thread_local memory!

Subgrid side-length is 8
Minimal allowed theta is 0.34
Stencil maximal allowed half side-length is 5 (Total length 11)
Total number of stencil elements (stencil size): 1074

###########################################################
Compiled for AVX2 SIMD architectures.
###########################################################
Running
----------Normalized constants
1.989000e+33 3.230000e+09 1.593453e+01 1.000000e+00
A = 1.000000e+00 | B = 1.000000e+00 | G = 1.000000e+00 | kb = 1.689369e-66 | c = 1.478963e+02 | mh = 8.412770e-58 | sigma = 1.153466e-34 | h = 5.088101e-78
atomic_number=6.857000,2.000000,2.000000,2.000000,1.000000,
atomic_mass=13.714000,4.000000,4.000000,4.000000,1.000000,
X=0.000000,0.000000,0.000000,0.000000,1.000000,
Z=1.000000,0.000000,0.000000,0.000000,0.000000,
accretor_refine = 0
amrbnd_order = 1
bench = F
cdisc_detect = T
cfl = 4.000000e-01
config_file = rcb.ini
core_refine = F
correct_am_grav = T
correct_am_hydro = T
code_to_cm = 3.230000e+09
code_to_g = 1.989000e+33
code_to_s = 1.593453e+01
cuda_streams_per_locality = 0
cuda_streams_per_gpu = 0
data_dir = ./
disable_output = F
driving_rate = 0.000000e+00
driving_time = 0.000000e+00
donor_refine = 0
dual_energy_sw1 = 1.000000e-03
dual_energy_sw2 = 1.000000e-01
eos = IDEAL
entropy_driving_rate = 0.000000e+00
entropy_driving_time = 0.000000e+00
future_wait_time = -1
hard_dt = -1.000000e+00
hydro = T
input_file = 
m2m_kernel_type = SOA_CPU
max_level = 10
n_species = 5
ngrids = -1
omega = 9.291966e-01
output_dt = 4.000000e-02
output_filename = 
p2m_kernel_type = SOA_CPU
p2p_kernel_type = SOA_CPU
problem = DWD
rad_implicit = T
radiation = F
refinement_floor = 1.000000e-06
restart_filename = restart.silo
rotating_star_amr = F
rotating_star_x = 0.000000e+00
scf_output_frequency = 25
silo_num_groups = 2
stop_step = 20
stop_time = 1.797693e+308
theta = 3.400000e-01
unigrid = F
v1309 = F
idle_rates = T
xscale = 1.280000e+02
Normalized constants
1.989000e+33 3.230000e+09 1.593453e+01 1.000000e+00
A = 1.000000e+00 | B = 1.000000e+00 | G = 1.000000e+00 | kb = 1.689369e-66 | c = 1.478963e+02 | mh = 8.412770e-58 | sigma = 1.153466e-34 | h = 5.088101e-78
SCF option file found
async1= -0.000000e+00
async2= -0.000000e+00
equal_struct_eos= 1.000000e+00
M1= 5.000000e-01
M2= 3.500000e-01
nc1= 1.500000e+00
nc2= 1.500000e+00
ne1= 1.500000e+00
ne2= 1.500000e+00
mu1= 1.000000e+00
mu2= 1.000000e+00
a= 1.000000e+00
core_frac1= 7.500000e-01
core_frac2= 9.000000e-01
fill1= 1.000000e+00
fill2= 1.000000e+00
contact_fill= 0.000000e+00
Normalized constants
1.989000e+33 3.230000e+09 1.593453e+01 1.000000e+00
A = 1.000000e+00 | B = 1.000000e+00 | G = 1.000000e+00 | kb = 1.689369e-66 | c = 1.478963e+02 | mh = 8.412770e-58 | sigma = 1.153466e-34 | h = 5.088101e-78
OS-thread OS-thread 18 on locality  on locality 00: Initialized thread_local memory!
: Initialized thread_local memory!
OS-thread 6 on locality 0: Initialized thread_local memory!
OS-thread 2 on locality 0: Initialized thread_local memory!
OS-thread 19 on locality 0: Initialized thread_local memory!
OS-thread 21 on locality 0: Initialized thread_local memory!
OS-thread 14 on locality 0: Initialized thread_local memory!
OS-thread 31 on locality 0: Initialized thread_local memory!
OS-thread 30 on locality 0: Initialized thread_local memory!
OS-thread 25 on locality 0: Initialized thread_local memory!
OS-thread 24 on locality 0: Initialized thread_local memory!
OS-thread 13 on locality 0: Initialized thread_local memory!
OS-thread 26 on locality 0: Initialized thread_local memory!
OS-thread 11 on locality 0: Initialized thread_local memory!
OS-thread 3 on locality 0: Initialized thread_local memory!
OS-thread 12 on locality 0: Initialized thread_local memory!
OS-thread 23 on locality 0: Initialized thread_local memory!
OS-thread 18 on locality 0: Initialized thread_local memory!
OS-thread 22 on locality 0: Initialized thread_local memory!
OS-thread 16 on locality 0: Initialized thread_local memory!

Subgrid side-length is 8
Minimal allowed theta is 0.34
Stencil maximal allowed half side-length is 5 (Total length 11)
Total number of stencil elements (stencil size): 1074

OS-thread 0 on locality 0: Initialized thread_local memory!
OS-thread 4 on locality 0: Initialized thread_local memory!
OS-thread 17 on locality 0: Initialized thread_local memory!
OS-thread 28 on locality 0: Initialized thread_local memory!
OS-thread 5 on locality 0: Initialized thread_local memory!
OS-thread 20 on locality 0: Initialized thread_local memory!
OS-thread 27 on locality 0: Initialized thread_local memory!
OS-thread 29 on locality 0: Initialized thread_local memory!
OS-thread 15 on locality 0: Initialized thread_local memory!
OS-thread OS-thread 79 on locality  on locality 0: Initialized thread_local memory!
0: Initialized thread_local memory!
OS-thread 10 on locality 0: Initialized thread_local memory!
Initializing cell_geometry 3 8 14
Loading from restart.silo ...
Reading restart.silo
----------Normalized constants
1.989000e+33 3.230000e+09 1.593453e+01 1.000000e+00
A = 1.000000e+00 | B = 1.000000e+00 | G = 1.000000e+00 | kb = 1.689369e-66 | c = 1.478963e+02 | mh = 8.412770e-58 | sigma = 1.153466e-34 | h = 5.088101e-78
Read took 24 seconds
Re-grid
-----------------------------------------------
regridding
Regridded tree in 0.005950 seconds
rebalancing 1129 nodes with 988 leaves
Rebalanced tree in 0.005778 seconds
forming tree connections
1127 amr boundaries
Formed tree in 0.145976 seconds
solving gravity
regrid done in 0.310224 seconds
---------------------------------------
Done. 
solving gravity------------
...done
Starting run...
Solving gravity
-----------------------------------------------
checking for refinement
regridding
Regridded tree in 0.004930 seconds
rebalancing 1129 nodes with 988 leaves
Rebalanced tree in 0.007045 seconds
forming tree connections
1432 amr boundaries
Formed tree in 0.148271 seconds
solving gravity
regrid done in 0.372883 seconds
---------------------------------------
OMEGA = 9.291966e-01, output_dt = 4.000000e-02
0.000000e+00 4.000000e-02
dwd step...
1 6.877714e-03 6.877714e-03 1.800750e+00 6.390749e-03
2 1.030088e-02 3.423169e-03 1.827997e+00 9.571546e-03
3 1.718295e-02 6.882063e-03 1.945693e+00 1.596634e-02
4 2.406468e-02 6.881732e-03 2.023591e+00 2.236082e-02
5 3.094568e-02 6.881003e-03 2.170520e+00 2.875462e-02
New Omega = 9.291966e-01
-----------------------------------------------
checking for refinement
4 3.094568e-02 6.881003e-03 9.814149e+00 2.875462e-02 0.000000e+00 0.000000e+00 9.291966e-01 0.000000e+00
regridding
Regridded tree in 0.005094 seconds
rebalancing 1129 nodes with 988 leaves
Rebalanced tree in 0.006533 seconds
forming tree connections
1432 amr boundaries
Formed tree in 0.166944 seconds
solving gravity
regrid done in 0.534565 seconds
---------------------------------------
dwd step...
6 3.782569e-02 6.880012e-03 2.272468e+00 3.514751e-02
7 4.470449e-02 6.878800e-03 2.197248e+00 4.153926e-02
8 5.158172e-02 6.877224e-03 2.370333e+00 4.792956e-02
9 5.845748e-02 6.875766e-03 2.258389e+00 5.431849e-02
10 6.533225e-02 6.874768e-03 2.388826e+00 6.070651e-02
New Omega = 9.291966e-01
-----------------------------------------------
checking for refinement
9 6.533225e-02 6.874768e-03 1.167758e+01 6.070651e-02 0.000000e+00 0.000000e+00 9.291966e-01 0.000000e+00
regridding
Regridded tree in 0.007106 seconds
rebalancing 1129 nodes with 988 leaves
Rebalanced tree in 0.009210 seconds
forming tree connections
1432 amr boundaries
Formed tree in 0.146340 seconds
solving gravity
regrid done in 0.570639 seconds
---------------------------------------
dwd step...
11 7.220589e-02 6.873644e-03 2.385740e+00 6.709347e-02
12 7.907780e-02 6.871904e-03 2.344781e+00 7.347882e-02
13 8.594796e-02 6.870161e-03 2.433970e+00 7.986255e-02
14 9.281640e-02 6.868443e-03 2.381771e+00 8.624469e-02
15 9.968295e-02 6.866550e-03 2.549349e+00 9.262506e-02
New Omega = 9.291966e-01
-----------------------------------------------
checking for refinement
14 9.968295e-02 6.866550e-03 1.234483e+01 9.262506e-02 0.000000e+00 0.000000e+00 9.291966e-01 0.000000e+00
regridding
Regridded tree in 0.008071 seconds
rebalancing 1129 nodes with 988 leaves
Rebalanced tree in 0.010470 seconds
forming tree connections
1432 amr boundaries
Formed tree in 0.147305 seconds
solving gravity
regrid done in 0.591756 seconds
---------------------------------------
dwd step...
16 1.065476e-01 6.864619e-03 2.366394e+00 9.900364e-02
17 1.134103e-01 6.862720e-03 2.487824e+00 1.053805e-01
18 1.202711e-01 6.860831e-03 2.533412e+00 1.117555e-01
19 1.271298e-01 6.858706e-03 2.576837e+00 1.181286e-01
20 1.339851e-01 6.855228e-03 2.727853e+00 1.244985e-01
New Omega = 9.291966e-01
-----------------------------------------------
checking for refinement
19 1.339851e-01 6.855228e-03 1.283189e+01 1.244985e-01 0.000000e+00 0.000000e+00 9.291966e-01 0.000000e+00
regridding
Regridded tree in 0.008152 seconds
rebalancing 1129 nodes with 988 leaves
Rebalanced tree in 0.010803 seconds
forming tree connections
1432 amr boundaries
Formed tree in 0.144013 seconds
solving gravity
regrid done in 0.619631 seconds
---------------------------------------
dwd step...
21 1.408368e-01 6.851706e-03 2.548484e+00 1.308650e-01
New Omega = 9.291966e-01
doing silo out...
Writing final.silo
20 1.408368e-01 6.851706e-03 2.566278e+00 1.308650e-01 0.000000e+00 0.000000e+00 9.291966e-01 0.000000e+00
Writing 988 total sub-grids
Write took 51 seconds
...:
   Total: 51.5517
   Computation: 48.5921 (94.2589%)
   Regrid: 2.68952 (5.21714%)
   Computation + Regrid: 51.2816 (99.476%)
----------------------------------------
Total multipole launches on locality 0: 4970
CPU multipole launches on locality 0: 4970
CUDA multipole launches on locality 0: 0
=> Percentage of multipole on the GPU on locality 0: 0
----------------------------------------
Total non-rho-multipole launches on locality 0: 4410
CPU non-rho-multipole launches on locality 0: 4410
CUDA non-rho-multipole launches on locality 0: 0
=> Percentage of non-rho-multipole on the GPU on locality 0: 0
----------------------------------------
Total p2p launches on locality 0: 66196
CPU p2p launches on locality 0: 66196
CUDA p2p launches on locality 0: 0
OS-thread 0 on locality 1: Initialized thread_local memory!
OS-thread 3 on locality 1: Initialized thread_local memory!
OS-thread 1 on locality 1: Initialized thread_local memory!
OS-thread 14 on locality 1: Initialized thread_local memory!
OS-thread 15 on locality 1: Initialized thread_local memory!
OS-thread 19 on locality 1: Initialized thread_local memory!
OS-thread 17 on locality 1: Initialized thread_local memory!
OS-thread 31 on locality 1: Initialized thread_local memory!
OS-thread 13 on locality 1: Initialized thread_local memory!
OS-thread 18 on locality 1: Initialized thread_local memory!
OS-thread 4 on locality 1: Initialized thread_local memory!
OS-thread 28 on locality 1: Initialized thread_local memory!
OS-thread 16 on locality 1: Initialized thread_local memory!
OS-thread 30 on locality 1: Initialized thread_local memory!
OS-thread 25 on locality 1: Initialized thread_local memory!
OS-thread 5 on locality 1: Initialized thread_local memory!
=> Percentage of p2p on the GPU on locality 0: 0
========================================
========================================
Total multipole launches: 9940
CPU multipole launches: 9940
CUDA multipole launches: 0
=> Percentage of multipole on the GPU: 0
========================================
Total non-rho-multipole launches: 8820
CPU non-rho-multipole launches: 8820
CUDA non-rho-multipole launches: 0
=> Percentage of non-rho-multipole on the GPU: 0
========================================
Total p2p launches: 132392
CPU p2p launches: 132392
CUDA p2p launches: 0
OS-thread 26 on locality 1: Initialized thread_local memory!
OS-thread 23 on locality 1: Initialized thread_local memory!
OS-thread 21 on locality 1: Initialized thread_local memory!
OS-thread 10 on locality 1: Initialized thread_local memory!
OS-thread 7 on locality 1: Initialized thread_local memory!
OS-thread 6 on locality 1: Initialized thread_local memory!
OS-thread 9 on locality 1: Initialized thread_local memory!
Initializing cell_geometry 3 8 14
----------------------------------------
Total multipole launches on locality 1: 4970
CPU multipole launches on locality 1: 4970
CUDA multipole launches on locality 1: 0
=> Percentage of multipole on the GPU on locality 1: 0
----------------------------------------
Total non-rho-multipole launches on locality 1: 4410
CPU non-rho-multipole launches on locality 1: 4410
CUDA non-rho-multipole launches on locality 1: 0
=> Percentage of non-rho-multipole on the GPU on locality 1: 0
----------------------------------------
Total p2p launches on locality 1: 66196
CPU p2p launches on locality 1: 66196
CUDA p2p launches on locality 1: 0
=> Percentage of p2p on the GPU: 0
Exiting...
/agas{locality#0/total}/count/route,1,128.564188,[s],4
/agas{locality#1/total}/count/route,1,128.549493,[s],4
/agas{locality#0/total}/time/route,1,128.564384,[s],153606,[ns]
/agas{locality#1/total}/time/route,1,128.550104,[s],138158,[ns]
/agas{locality#0/total}/count/bind_gid,1,128.553672,[s],44
/agas{locality#1/total}/count/bind_gid,1,128.540551,[s],38
/agas{locality#0/total}/time/bind_gid,1,128.564452,[s],166504,[ns]
/agas{locality#1/total}/time/bind_gid,1,128.550044,[s],80247,[ns]
/agas{locality#0/total}/count/unbind_gid,1,128.563995,[s],28
/agas{locality#1/total}/count/unbind_gid,1,128.549288,[s],28
/agas{locality#0/total}/time/unbind_gid,1,128.553131,[s],50686,[ns]
/agas{locality#1/total}/time/unbind_gid,1,128.549333,[s],31563,[ns]
/agas{locality#0/total}/count/resolve_gid,1,128.553553,[s],2.44108e+06
/agas{locality#1/total}/count/resolve_gid,1,128.549945,[s],2.4324e+06
/agas{locality#0/total}/time/resolve_gid,1,128.552587,[s],3.40952e+11,[ns]
/agas{locality#1/total}/time/resolve_gid,1,128.549569,[s],1.84394e+11,[ns]
/agas{locality#0/total}/count/increment_credit,1,128.564059,[s],245
/agas{locality#1/total}/count/increment_credit,1,128.551108,[s],244
/agas{locality#0/total}/count/decrement_credit,1,128.564543,[s],50
/agas{locality#1/total}/count/decrement_credit,1,128.551040,[s],70
/agas{locality#0/total}/time/decrement_credit,1,128.552370,[s],7.32866e+06,[ns]
/agas{locality#1/total}/time/decrement_credit,1,128.551245,[s],1.48296e+06,[ns]
/agas{locality#0/total}/time/increment_credit,1,128.552635,[s],377285,[ns]
/agas{locality#1/total}/time/increment_credit,1,128.545948,[s],335033,[ns]
/agas{locality#0/total}/count/allocate,1,128.553744,[s],17
/agas{locality#1/total}/count/allocate,1,128.550792,[s],11
/agas{locality#0/total}/time/allocate,1,128.552817,[s],8705,[ns]
/agas{locality#1/total}/time/allocate,1,128.551341,[s],6042,[ns]
/agas{locality#0/total}/count/begin_migration,1,128.552983,[s],0
/agas{locality#1/total}/count/begin_migration,1,128.546119,[s],0
/agas{locality#0/total}/time/begin_migration,1,128.553637,[s],0,[ns]
/agas{locality#1/total}/time/begin_migration,1,128.551322,[s],0,[ns]
/agas{locality#0/total}/count/end_migration,1,128.552946,[s],0
/agas{locality#1/total}/count/end_migration,1,128.545840,[s],0
/agas{locality#0/total}/time/end_migration,1,128.553660,[s],0,[ns]
/agas{locality#1/total}/time/end_migration,1,128.545821,[s],0,[ns]
/agas{locality#0/total}/count/bind_prefix,1,128.553924,[s],0
/agas{locality#0/total}/time/bind_prefix,1,128.552847,[s],0,[ns]
/agas{locality#0/total}/count/bind_name,1,128.553675,[s],0
/agas{locality#0/total}/time/bind_name,1,128.553778,[s],0,[ns]
/agas{locality#0/total}/count/unbind_name,1,128.552562,[s],0
/agas{locality#0/total}/time/unbind_name,1,128.553890,[s],0,[ns]
/agas{locality#0/total}/count/resolve_id,1,128.553183,[s],0
/agas{locality#0/total}/time/resolve_id,1,128.553589,[s],0,[ns]
/agas{locality#0/total}/time/iterate_types,1,128.552755,[s],0,[ns]
/agas{locality#0/total}/count/iterate_types,1,128.553330,[s],0
/agas{locality#0/total}/count/get_component_typename,1,128.553869,[s],0
/agas{locality#0/total}/time/get_component_typename,1,128.552873,[s],0,[ns]
/agas{locality#0/total}/count/num_localities_type,1,128.554054,[s],0
/agas{locality#0/total}/time/num_localities_type,1,128.564812,[s],0,[ns]
/agas{locality#0/total}/count/free,1,128.553471,[s],0
/agas{locality#0/total}/time/free,1,128.552718,[s],0,[ns]
/agas{locality#0/total}/count/localities,1,128.553412,[s],4
/agas{locality#0/total}/time/localities,1,128.553967,[s],7433,[ns]
/agas{locality#0/total}/count/num_localities,1,128.564803,[s],303
/agas{locality#0/total}/time/num_localities,1,128.564750,[s],52998,[ns]
/agas{locality#0/total}/count/resolve_locality,1,128.564362,[s],0
/agas{locality#0/total}/time/resolve_locality,1,128.564438,[s],0,[ns]
/agas{locality#0/total}/count/num_threads,1,128.564652,[s],0
/agas{locality#0/total}/time/num_threads,1,128.564654,[s],0,[ns]
/agas{locality#0/total}/count/bind,1,128.552990,[s],137
/agas{locality#1/total}/count/bind,1,128.545907,[s],127
/agas{locality#0/total}/time/bind,1,128.553612,[s],221114,[ns]
/agas{locality#1/total}/time/bind,1,128.546019,[s],220489,[ns]
/agas{locality#0/total}/count/unbind,1,128.552898,[s],0
/agas{locality#1/total}/count/unbind,1,128.546278,[s],0
/agas{locality#0/total}/time/unbind,1,128.552986,[s],0,[ns]
/agas{locality#1/total}/time/unbind,1,128.545780,[s],0,[ns]
/agas{locality#0/total}/count/resolve,1,128.554050,[s],154
/agas{locality#1/total}/count/resolve,1,128.545431,[s],123
/agas{locality#0/total}/time/resolve,1,128.553171,[s],175141,[ns]
/agas{locality#1/total}/time/resolve,1,128.545369,[s],119790,[ns]
/agas{locality#0/total}/count/iterate_names,1,128.553316,[s],0
/agas{locality#1/total}/count/iterate_names,1,128.545869,[s],0
/agas{locality#0/total}/time/iterate_names,1,128.554016,[s],0,[ns]
/agas{locality#1/total}/time/iterate_names,1,128.546157,[s],0,[ns]
/agas{locality#0/total}/count/on_symbol_namespace_event,1,128.553887,[s],0
/agas{locality#1/total}/count/on_symbol_namespace_event,1,128.545859,[s],0
/agas{locality#0/total}/time/on_symbol_namespace_event,1,128.553950,[s],0,[ns]
/agas{locality#1/total}/time/on_symbol_namespace_event,1,128.546234,[s],0,[ns]
/agas{locality#0/total}/count/cache/entries,1,128.553461,[s],149
/agas{locality#1/total}/count/cache/entries,1,128.546135,[s],2
/agas{locality#0/total}/count/cache/insertions,1,128.553835,[s],149
/agas{locality#1/total}/count/cache/insertions,1,128.545824,[s],2
/agas{locality#0/total}/count/cache/evictions,1,128.553916,[s],0
/agas{locality#1/total}/count/cache/evictions,1,128.546732,[s],0
/agas{locality#0/total}/count/cache/hits,1,128.553409,[s],456718
/agas{locality#1/total}/count/cache/hits,1,128.551807,[s],450002
/agas{locality#0/total}/count/cache/misses,1,128.552930,[s],163
/agas{locality#1/total}/count/cache/misses,1,128.546368,[s],17
/agas{locality#0/total}/count/cache/get_entry,1,128.554314,[s],456731
/agas{locality#1/total}/count/cache/get_entry,1,128.542867,[s],450012
/agas{locality#0/total}/time/cache/get_entry,1,128.564793,[s],1.46217e+08,[ns]
/agas{locality#1/total}/time/cache/get_entry,1,128.551601,[s],8.48968e+07,[ns]
/agas{locality#0/total}/count/cache/insert_entry,1,128.553169,[s],149
/agas{locality#1/total}/count/cache/insert_entry,1,128.552182,[s],2
/agas{locality#0/total}/time/cache/insert_entry,1,128.565157,[s],58625
/agas{locality#1/total}/time/cache/insert_entry,1,128.542979,[s],2502
/agas{locality#0/total}/count/cache/update_entry,1,128.554493,[s],152
/agas{locality#1/total}/count/cache/update_entry,1,128.552382,[s],7
/agas{locality#0/total}/time/cache/update_entry,1,128.565244,[s],113559,[ns]
/agas{locality#1/total}/time/cache/update_entry,1,128.552276,[s],7954,[ns]
/agas{locality#0/total}/count/cache/erase_entry,1,128.553347,[s],0
/agas{locality#1/total}/count/cache/erase_entry,1,128.552309,[s],0
/agas{locality#0/total}/time/cache/erase_entry,1,128.554015,[s],0
/agas{locality#1/total}/time/cache/erase_entry,1,128.552708,[s],0
/agas{locality#0/total}/primary/count,1,128.565132,[s],2.44147e+06
/agas{locality#1/total}/primary/count,1,128.546993,[s],2.43279e+06
/agas{locality#0/total}/primary/time,1,128.565325,[s],3.4096e+11,[ns]
/agas{locality#1/total}/primary/time,1,128.552332,[s],1.84396e+11,[ns]
/agas{locality#0/total}/component/count,1,128.554051,[s],0
/agas{locality#0/total}/component/time,1,128.554483,[s],0,[ns]
/agas{locality#0/total}/locality/count,1,128.553931,[s],307
/agas{locality#0/total}/locality/time,1,128.554409,[s],60431,[ns]
/agas{locality#0/total}/symbol/count,1,128.553885,[s],291
/agas{locality#1/total}/symbol/count,1,128.552574,[s],250
/agas{locality#0/total}/symbol/time,1,128.564912,[s],396255,[ns]
/agas{locality#1/total}/symbol/time,1,128.552168,[s],340279,[ns]
/threads{locality#0/total/total}/count/cumulative,1,128.565009,[s],1.98111e+06
/threads{locality#1/total/total}/count/cumulative,1,128.552427,[s],1.99047e+06
/threads{locality#0/pool#default/worker-thread#0}/count/cumulative,1,128.554249,[s],61376
/threads{locality#0/pool#default/worker-thread#1}/count/cumulative,1,128.554565,[s],62099
/threads{locality#0/pool#default/worker-thread#2}/count/cumulative,1,128.554463,[s],62932
/threads{locality#0/pool#default/worker-thread#3}/count/cumulative,1,128.554199,[s],61454
/threads{locality#0/pool#default/worker-thread#4}/count/cumulative,1,128.553481,[s],60854
/threads{locality#0/pool#default/worker-thread#5}/count/cumulative,1,128.554379,[s],62594
/threads{locality#0/pool#default/worker-thread#6}/count/cumulative,1,128.553809,[s],61102
/threads{locality#0/pool#default/worker-thread#7}/count/cumulative,1,128.554638,[s],61271
/threads{locality#0/pool#default/worker-thread#8}/count/cumulative,1,128.553697,[s],62764
/threads{locality#0/pool#default/worker-thread#9}/count/cumulative,1,128.553890,[s],62071
/threads{locality#0/pool#default/worker-thread#10}/count/cumulative,1,128.553574,[s],62502
/threads{locality#0/pool#default/worker-thread#11}/count/cumulative,1,128.553645,[s],61545
/threads{locality#0/pool#default/worker-thread#12}/count/cumulative,1,128.553578,[s],61532
/threads{locality#0/pool#default/worker-thread#13}/count/cumulative,1,128.554362,[s],61689
/threads{locality#0/pool#default/worker-thread#14}/count/cumulative,1,128.553782,[s],63073
/threads{locality#0/pool#default/worker-thread#15}/count/cumulative,1,128.553299,[s],61283
/threads{locality#0/pool#default/worker-thread#16}/count/cumulative,1,128.565489,[s],60771
/threads{locality#0/pool#default/worker-thread#17}/count/cumulative,1,128.553489,[s],61269
/threads{locality#0/pool#default/worker-thread#18}/count/cumulative,1,128.553492,[s],61929
/threads{locality#0/pool#default/worker-thread#19}/count/cumulative,1,128.565539,[s],62614
/threads{locality#0/pool#default/worker-thread#20}/count/cumulative,1,128.565516,[s],61707
/threads{locality#0/pool#default/worker-thread#21}/count/cumulative,1,128.565467,[s],62442
/threads{locality#0/pool#default/worker-thread#22}/count/cumulative,1,128.554798,[s],61775
/threads{locality#0/pool#default/worker-thread#23}/count/cumulative,1,128.553622,[s],61788
/threads{locality#0/pool#default/worker-thread#24}/count/cumulative,1,128.554273,[s],61842
/threads{locality#0/pool#default/worker-thread#25}/count/cumulative,1,128.565380,[s],62981
/threads{locality#0/pool#default/worker-thread#26}/count/cumulative,1,128.553472,[s],61612
/threads{locality#0/pool#default/worker-thread#27}/count/cumulative,1,128.554718,[s],62188
/threads{locality#0/pool#default/worker-thread#28}/count/cumulative,1,128.553485,[s],61657
/threads{locality#0/pool#default/worker-thread#29}/count/cumulative,1,128.554671,[s],62592
/threads{locality#0/pool#default/worker-thread#30}/count/cumulative,1,128.554179,[s],61742
/threads{locality#0/pool#default/worker-thread#31}/count/cumulative,1,128.554158,[s],62061
/threads{locality#1/pool#default/worker-thread#0}/count/cumulative,1,128.547218,[s],62783
/threads{locality#1/pool#default/worker-thread#1}/count/cumulative,1,128.552234,[s],62383
/threads{locality#1/pool#default/worker-thread#2}/count/cumulative,1,128.547099,[s],62037
/threads{locality#1/pool#default/worker-thread#3}/count/cumulative,1,128.546279,[s],61489
/threads{locality#1/pool#default/worker-thread#4}/count/cumulative,1,128.547017,[s],60710
/threads{locality#1/pool#default/worker-thread#5}/count/cumulative,1,128.546645,[s],64098
/threads{locality#1/pool#default/worker-thread#6}/count/cumulative,1,128.547394,[s],63129
/threads{locality#1/pool#default/worker-thread#7}/count/cumulative,1,128.547095,[s],63141
/threads{locality#1/pool#default/worker-thread#8}/count/cumulative,1,128.547213,[s],61425
/threads{locality#1/pool#default/worker-thread#9}/count/cumulative,1,128.546846,[s],62195
/threads{locality#1/pool#default/worker-thread#10}/count/cumulative,1,128.546969,[s],62738
/threads{locality#1/pool#default/worker-thread#11}/count/cumulative,1,128.546923,[s],62279
/threads{locality#1/pool#default/worker-thread#12}/count/cumulative,1,128.547507,[s],61977
/threads{locality#1/pool#default/worker-thread#13}/count/cumulative,1,128.547115,[s],61504
/threads{locality#1/pool#default/worker-thread#14}/count/cumulative,1,128.547307,[s],62256
/threads{locality#1/pool#default/worker-thread#15}/count/cumulative,1,128.547168,[s],61175
/threads{locality#1/pool#default/worker-thread#16}/count/cumulative,1,128.546268,[s],58933
/threads{locality#1/pool#default/worker-thread#17}/count/cumulative,1,128.543591,[s],62361
/threads{locality#1/pool#default/worker-thread#18}/count/cumulative,1,128.552509,[s],61963
/threads{locality#1/pool#default/worker-thread#19}/count/cumulative,1,128.553123,[s],62377
/threads{locality#1/pool#default/worker-thread#20}/count/cumulative,1,128.552809,[s],62509
/threads{locality#1/pool#default/worker-thread#21}/count/cumulative,1,128.552701,[s],62633
/threads{locality#1/pool#default/worker-thread#22}/count/cumulative,1,128.552854,[s],61634
/threads{locality#1/pool#default/worker-thread#23}/count/cumulative,1,128.552815,[s],62264
/threads{locality#1/pool#default/worker-thread#24}/count/cumulative,1,128.552255,[s],62677
/threads{locality#1/pool#default/worker-thread#25}/count/cumulative,1,128.552638,[s],61460
/threads{locality#1/pool#default/worker-thread#26}/count/cumulative,1,128.553204,[s],63863
/threads{locality#1/pool#default/worker-thread#27}/count/cumulative,1,128.547467,[s],63131
/threads{locality#1/pool#default/worker-thread#28}/count/cumulative,1,128.552458,[s],62101
/threads{locality#1/pool#default/worker-thread#29}/count/cumulative,1,128.552728,[s],62222
/threads{locality#1/pool#default/worker-thread#30}/count/cumulative,1,128.547478,[s],62830
/threads{locality#1/pool#default/worker-thread#31}/count/cumulative,1,128.552111,[s],62195
/threads{locality#0/total/total}/count/cumulative-phases,1,128.554265,[s],5.08827e+06
/threads{locality#1/total/total}/count/cumulative-phases,1,128.547484,[s],5.1167e+06
/threads{locality#0/pool#default/worker-thread#0}/count/cumulative-phases,1,128.553886,[s],143397
/threads{locality#0/pool#default/worker-thread#1}/count/cumulative-phases,1,128.554617,[s],185708
/threads{locality#0/pool#default/worker-thread#2}/count/cumulative-phases,1,128.554036,[s],158985
/threads{locality#0/pool#default/worker-thread#3}/count/cumulative-phases,1,128.553583,[s],159404
/threads{locality#0/pool#default/worker-thread#4}/count/cumulative-phases,1,128.554799,[s],151140
/threads{locality#0/pool#default/worker-thread#5}/count/cumulative-phases,1,128.554110,[s],150193
/threads{locality#0/pool#default/worker-thread#6}/count/cumulative-phases,1,128.553689,[s],155095
/threads{locality#0/pool#default/worker-thread#7}/count/cumulative-phases,1,128.554241,[s],128573
/threads{locality#0/pool#default/worker-thread#8}/count/cumulative-phases,1,128.553928,[s],163570
/threads{locality#0/pool#default/worker-thread#9}/count/cumulative-phases,1,128.554720,[s],147887
/threads{locality#0/pool#default/worker-thread#10}/count/cumulative-phases,1,128.554130,[s],163713
/threads{locality#0/pool#default/worker-thread#11}/count/cumulative-phases,1,128.553621,[s],137382
/threads{locality#0/pool#default/worker-thread#12}/count/cumulative-phases,1,128.554790,[s],141809
/threads{locality#0/pool#default/worker-thread#13}/count/cumulative-phases,1,128.555051,[s],167473
/threads{locality#0/pool#default/worker-thread#14}/count/cumulative-phases,1,128.554159,[s],170065
/threads{locality#0/pool#default/worker-thread#15}/count/cumulative-phases,1,128.555202,[s],154477
/threads{locality#0/pool#default/worker-thread#16}/count/cumulative-phases,1,128.565959,[s],153514
/threads{locality#0/pool#default/worker-thread#17}/count/cumulative-phases,1,128.553923,[s],144924
/threads{locality#0/pool#default/worker-thread#18}/count/cumulative-phases,1,128.553931,[s],173780
/threads{locality#0/pool#default/worker-thread#19}/count/cumulative-phases,1,128.565572,[s],169064
/threads{locality#0/pool#default/worker-thread#20}/count/cumulative-phases,1,128.565504,[s],152890
/threads{locality#0/pool#default/worker-thread#21}/count/cumulative-phases,1,128.565954,[s],168921
/threads{locality#0/pool#default/worker-thread#22}/count/cumulative-phases,1,128.554050,[s],175217
/threads{locality#0/pool#default/worker-thread#23}/count/cumulative-phases,1,128.565904,[s],176027
/threads{locality#0/pool#default/worker-thread#24}/count/cumulative-phases,1,128.554703,[s],149731
/threads{locality#0/pool#default/worker-thread#25}/count/cumulative-phases,1,128.565807,[s],163787
/threads{locality#0/pool#default/worker-thread#26}/count/cumulative-phases,1,128.555149,[s],176129
/threads{locality#0/pool#default/worker-thread#27}/count/cumulative-phases,1,128.553924,[s],158292
/threads{locality#0/pool#default/worker-thread#28}/count/cumulative-phases,1,128.555136,[s],158930
/threads{locality#0/pool#default/worker-thread#29}/count/cumulative-phases,1,128.554630,[s],160606
/threads{locality#0/pool#default/worker-thread#30}/count/cumulative-phases,1,128.554610,[s],164753
/threads{locality#0/pool#default/worker-thread#31}/count/cumulative-phases,1,128.554088,[s],162842
/threads{locality#1/pool#default/worker-thread#0}/count/cumulative-phases,1,128.546251,[s],170107
/threads{locality#1/pool#default/worker-thread#1}/count/cumulative-phases,1,128.548417,[s],147574
/threads{locality#1/pool#default/worker-thread#2}/count/cumulative-phases,1,128.547898,[s],168209
/threads{locality#1/pool#default/worker-thread#3}/count/cumulative-phases,1,128.547732,[s],169233
/threads{locality#1/pool#default/worker-thread#4}/count/cumulative-phases,1,128.548353,[s],161757
/threads{locality#1/pool#default/worker-thread#5}/count/cumulative-phases,1,128.548568,[s],162555
/threads{locality#1/pool#default/worker-thread#6}/count/cumulative-phases,1,128.548866,[s],166798
/threads{locality#1/pool#default/worker-thread#7}/count/cumulative-phases,1,128.547882,[s],178715
/threads{locality#1/pool#default/worker-thread#8}/count/cumulative-phases,1,128.548072,[s],150572
/threads{locality#1/pool#default/worker-thread#9}/count/cumulative-phases,1,128.548672,[s],152080
/threads{locality#1/pool#default/worker-thread#10}/count/cumulative-phases,1,128.548263,[s],156759
/threads{locality#1/pool#default/worker-thread#11}/count/cumulative-phases,1,128.548907,[s],151437
/threads{locality#1/pool#default/worker-thread#12}/count/cumulative-phases,1,128.549842,[s],146697
/threads{locality#1/pool#default/worker-thread#13}/count/cumulative-phases,1,128.549245,[s],144356
/threads{locality#1/pool#default/worker-thread#14}/count/cumulative-phases,1,128.550404,[s],167227
/threads{locality#1/pool#default/worker-thread#15}/count/cumulative-phases,1,128.549096,[s],155685
/threads{locality#1/pool#default/worker-thread#16}/count/cumulative-phases,1,128.548773,[s],142061
/threads{locality#1/pool#default/worker-thread#17}/count/cumulative-phases,1,128.548396,[s],169395
/threads{locality#1/pool#default/worker-thread#18}/count/cumulative-phases,1,128.548446,[s],161175
/threads{locality#1/pool#default/worker-thread#19}/count/cumulative-phases,1,128.545315,[s],156664
/threads{locality#1/pool#default/worker-thread#20}/count/cumulative-phases,1,128.548300,[s],162273
/threads{locality#1/pool#default/worker-thread#21}/count/cumulative-phases,1,128.554601,[s],156315
/threads{locality#1/pool#default/worker-thread#22}/count/cumulative-phases,1,128.554508,[s],155497
/threads{locality#1/pool#default/worker-thread#23}/count/cumulative-phases,1,128.554942,[s],152450
/threads{locality#1/pool#default/worker-thread#24}/count/cumulative-phases,1,128.554275,[s],164558
/threads{locality#1/pool#default/worker-thread#25}/count/cumulative-phases,1,128.554474,[s],160614
/threads{locality#1/pool#default/worker-thread#26}/count/cumulative-phases,1,128.549336,[s],178352
/threads{locality#1/pool#default/worker-thread#27}/count/cumulative-phases,1,128.548473,[s],177219
/threads{locality#1/pool#default/worker-thread#28}/count/cumulative-phases,1,128.548706,[s],151090
/threads{locality#1/pool#default/worker-thread#29}/count/cumulative-phases,1,128.549422,[s],166504
/threads{locality#1/pool#default/worker-thread#30}/count/cumulative-phases,1,128.553985,[s],144014
/threads{locality#1/pool#default/worker-thread#31}/count/cumulative-phases,1,128.554958,[s],169000
/octotiger{locality#0/total}/subgrids,1,128.569153,[s],11865
/octotiger{locality#1/total}/subgrids,1,128.554547,[s],11844
/octotiger{locality#0/total}/subgrid_leaves,1,128.557257,[s],10374
/octotiger{locality#1/total}/subgrid_leaves,1,128.554352,[s],10374
/octotiger{locality#0/total}/amr_bounds,1,128.557099,[s],15288
/octotiger{locality#1/total}/amr_bounds,1,128.545525,[s],14784
/threads{locality#0/total/total}/idle-rate,1,128.569035,[s],9996,[0.01%]
/threads{locality#1/total/total}/idle-rate,1,128.548786,[s],9992,[0.01%]
/threads{locality#0/pool#default/worker-thread#0}/idle-rate,1,128.558489,[s],9996,[0.01%]
/threads{locality#0/pool#default/worker-thread#1}/idle-rate,1,128.557311,[s],9996,[0.01%]
/threads{locality#0/pool#default/worker-thread#2}/idle-rate,1,128.557841,[s],9995,[0.01%]
/threads{locality#0/pool#default/worker-thread#3}/idle-rate,1,128.557263,[s],9996,[0.01%]
/threads{locality#0/pool#default/worker-thread#4}/idle-rate,1,128.558108,[s],9996,[0.01%]
/threads{locality#0/pool#default/worker-thread#5}/idle-rate,1,128.558060,[s],9996,[0.01%]
/threads{locality#0/pool#default/worker-thread#6}/idle-rate,1,128.557595,[s],9996,[0.01%]
/threads{locality#0/pool#default/worker-thread#7}/idle-rate,1,128.557669,[s],9996,[0.01%]
/threads{locality#0/pool#default/worker-thread#8}/idle-rate,1,128.558383,[s],9995,[0.01%]
/threads{locality#0/pool#default/worker-thread#9}/idle-rate,1,128.558182,[s],9996,[0.01%]
/threads{locality#0/pool#default/worker-thread#10}/idle-rate,1,128.558284,[s],9995,[0.01%]
/threads{locality#0/pool#default/worker-thread#11}/idle-rate,1,128.557497,[s],9995,[0.01%]
/threads{locality#0/pool#default/worker-thread#12}/idle-rate,1,128.558029,[s],9996,[0.01%]
/threads{locality#0/pool#default/worker-thread#13}/idle-rate,1,128.557565,[s],9996,[0.01%]
/threads{locality#0/pool#default/worker-thread#14}/idle-rate,1,128.557377,[s],9996,[0.01%]
/threads{locality#0/pool#default/worker-thread#15}/idle-rate,1,128.556994,[s],9992,[0.01%]
/threads{locality#0/pool#default/worker-thread#16}/idle-rate,1,128.557458,[s],9996,[0.01%]
/threads{locality#0/pool#default/worker-thread#17}/idle-rate,1,128.558470,[s],9995,[0.01%]
/threads{locality#0/pool#default/worker-thread#18}/idle-rate,1,128.557101,[s],9995,[0.01%]
/threads{locality#0/pool#default/worker-thread#19}/idle-rate,1,128.557986,[s],9996,[0.01%]
/threads{locality#0/pool#default/worker-thread#20}/idle-rate,1,128.568933,[s],9995,[0.01%]
/threads{locality#0/pool#default/worker-thread#21}/idle-rate,1,128.569150,[s],9996,[0.01%]
/threads{locality#0/pool#default/worker-thread#22}/idle-rate,1,128.558407,[s],9996,[0.01%]
/threads{locality#0/pool#default/worker-thread#23}/idle-rate,1,128.557935,[s],9996,[0.01%]
/threads{locality#0/pool#default/worker-thread#24}/idle-rate,1,128.557309,[s],9996,[0.01%]
/threads{locality#0/pool#default/worker-thread#25}/idle-rate,1,128.568880,[s],9996,[0.01%]
/threads{locality#0/pool#default/worker-thread#26}/idle-rate,1,128.557261,[s],9996,[0.01%]
/threads{locality#0/pool#default/worker-thread#27}/idle-rate,1,128.558075,[s],9996,[0.01%]
/threads{locality#0/pool#default/worker-thread#28}/idle-rate,1,128.569281,[s],9996,[0.01%]
/threads{locality#0/pool#default/worker-thread#29}/idle-rate,1,128.569337,[s],9995,[0.01%]
/threads{locality#0/pool#default/worker-thread#30}/idle-rate,1,128.557903,[s],9996,[0.01%]
/threads{locality#0/pool#default/worker-thread#31}/idle-rate,1,128.558622,[s],9995,[0.01%]
/threads{locality#1/pool#default/worker-thread#0}/idle-rate,1,128.554765,[s],9992,[0.01%]
/threads{locality#1/pool#default/worker-thread#1}/idle-rate,1,128.545539,[s],9992,[0.01%]
/threads{locality#1/pool#default/worker-thread#2}/idle-rate,1,128.554082,[s],9992,[0.01%]
/threads{locality#1/pool#default/worker-thread#3}/idle-rate,1,128.554501,[s],9992,[0.01%]
/threads{locality#1/pool#default/worker-thread#4}/idle-rate,1,128.555250,[s],9992,[0.01%]
/threads{locality#1/pool#default/worker-thread#5}/idle-rate,1,128.548956,[s],9992,[0.01%]
/threads{locality#1/pool#default/worker-thread#6}/idle-rate,1,128.548851,[s],9992,[0.01%]
/threads{locality#1/pool#default/worker-thread#7}/idle-rate,1,128.548954,[s],9992,[0.01%]
/threads{locality#1/pool#default/worker-thread#8}/idle-rate,1,128.548779,[s],9992,[0.01%]
/threads{locality#1/pool#default/worker-thread#9}/idle-rate,1,128.549824,[s],9992,[0.01%]
/threads{locality#1/pool#default/worker-thread#10}/idle-rate,1,128.549483,[s],9992,[0.01%]
/threads{locality#1/pool#default/worker-thread#11}/idle-rate,1,128.548648,[s],9992,[0.01%]
/threads{locality#1/pool#default/worker-thread#12}/idle-rate,1,128.549537,[s],9992,[0.01%]
/threads{locality#1/pool#default/worker-thread#13}/idle-rate,1,128.549478,[s],9992,[0.01%]
/threads{locality#1/pool#default/worker-thread#14}/idle-rate,1,128.550047,[s],9992,[0.01%]
/threads{locality#1/pool#default/worker-thread#15}/idle-rate,1,128.549600,[s],9992,[0.01%]
/threads{locality#1/pool#default/worker-thread#16}/idle-rate,1,128.555357,[s],9992,[0.01%]
/threads{locality#1/pool#default/worker-thread#17}/idle-rate,1,128.555420,[s],9991,[0.01%]
/threads{locality#1/pool#default/worker-thread#18}/idle-rate,1,128.555802,[s],9992,[0.01%]
/threads{locality#1/pool#default/worker-thread#19}/idle-rate,1,128.555527,[s],9991,[0.01%]
/threads{locality#1/pool#default/worker-thread#20}/idle-rate,1,128.555282,[s],9992,[0.01%]
/threads{locality#1/pool#default/worker-thread#21}/idle-rate,1,128.555761,[s],9992,[0.01%]
/threads{locality#1/pool#default/worker-thread#22}/idle-rate,1,128.555915,[s],9992,[0.01%]
/threads{locality#1/pool#default/worker-thread#23}/idle-rate,1,128.546331,[s],9991,[0.01%]
/threads{locality#1/pool#default/worker-thread#24}/idle-rate,1,128.550200,[s],9992,[0.01%]
/threads{locality#1/pool#default/worker-thread#25}/idle-rate,1,128.555986,[s],9992,[0.01%]
/threads{locality#1/pool#default/worker-thread#26}/idle-rate,1,128.546408,[s],9992,[0.01%]
/threads{locality#1/pool#default/worker-thread#27}/idle-rate,1,128.555885,[s],9991,[0.01%]
/threads{locality#1/pool#default/worker-thread#28}/idle-rate,1,128.555977,[s],9992,[0.01%]
/threads{locality#1/pool#default/worker-thread#29}/idle-rate,1,128.555724,[s],9990,[0.01%]
/threads{locality#1/pool#default/worker-thread#30}/idle-rate,1,128.546493,[s],9992,[0.01%]
/threads{locality#1/pool#default/worker-thread#31}/idle-rate,1,128.555520,[s],9992,[0.01%]
=> Percentage of p2p on the GPU on locality 1: 0
