Activate APEX
19:06:07 launching octotiger




          ___       _      _____ _                 
         / _ \  ___| |_ __|_   _(_) __ _  ___ _ __ 
        | | | |/ __| __/ _ \| | | |/ _` |/ _ \ '__|
        | |_| | (__| || (_) | | | | (_| |  __/ |   
         \___/ \___|\__\___/|_| |_|\__, |\___|_|   
      _                            |___/           
     (_)
              _ __..-;''`-
      O   (`/' ` |  \ \ \ \-.
       o /'`\ \   |  \ | \|  \
        /<7' ;  \ \  | ; ||/ `'.
       /  _.-, `,-\,__| ' ' . `'.
       `-`  f/ ;       \        \             ___.--,
           `~-'_.._     |  -~    |     _.---'`__.-( (_.
        __.--'`_.. '.__.\    '--. \_.-' ,.--'`     `""`
       ( ,.--'`   ',__ /./;   ;, '.__.'`    __
       _`) )  .---.__.' / |   |\   \__..--""  """--.,_
      `---' .'.''-._.-'`_./  /\ '.  \ _.-~~~````~~~-._`-.__.'
            | |  .' _.-' |  |  \  \  '.               `~---`
             \ \/ .'     \  \   '. '-._)
              \/ /        \  \    `=.__`~-.
              / /\         `) )    / / `"".`\
        , _.-'.'\ \        / /    ( (     / /
         `--~`   ) )    .-'.'      '.'.  | (
                (/`    ( (`          ) )  '-;
                 `      '-;         (-'





    
###########################################################
Compiled for AVX2 SIMD architectures.
###########################################################
Running
----------Normalized constants
1.989000e+33 3.230000e+09 1.593453e+01 1.000000e+00
A = 1.000000e+00 | B = 1.000000e+00 | G = 1.000000e+00 | kb = 1.689369e-66 | c = 1.478963e+02 | mh = 8.412770e-58 | sigma = 1.153466e-34 | h = 5.088101e-78
atomic_number=6.857000,2.000000,2.000000,2.000000,1.000000,
atomic_mass=13.714000,4.000000,4.000000,4.000000,1.000000,
X=0.000000,0.000000,0.000000,0.000000,1.000000,
Z=1.000000,0.000000,0.000000,0.000000,0.000000,
accretor_refine = 0
amrbnd_order = 1
bench = F
cdisc_detect = T
cfl = 4.000000e-01
config_file = rcb.ini
core_refine = F
correct_am_grav = T
correct_am_hydro = T
code_to_cm = 3.230000e+09
code_to_g = 1.989000e+33
code_to_s = 1.593453e+01
cuda_streams_per_locality = 0
cuda_streams_per_gpu = 0
data_dir = ./
disable_output = F
driving_rate = 0.000000e+00
driving_time = 0.000000e+00
donor_refine = 0
dual_energy_sw1 = 1.000000e-03
dual_energy_sw2 = 1.000000e-01
eos = IDEAL
entropy_driving_rate = 0.000000e+00
entropy_driving_time = 0.000000e+00
future_wait_time = -1
hard_dt = -1.000000e+00
hydro = T
input_file = 
m2m_kernel_type = SOA_CPU
max_level = 10
n_species = 5
ngrids = -1
omega = 9.291966e-01
output_dt = 4.000000e-02
output_filename = 
p2m_kernel_type = SOA_CPU
p2p_kernel_type = SOA_CPU
problem = DWD
rad_implicit = T
radiation = F
refinement_floor = 1.000000e-06
restart_filename = restart.silo
rotating_star_amr = F
rotating_star_x = 0.000000e+00
scf_output_frequency = 25
silo_num_groups = 1
stop_step = 20
stop_time = 1.797693e+308
theta = 3.400000e-01
unigrid = F
v1309 = F
idle_rates = T
xscale = 1.280000e+02
Normalized constants
1.989000e+33 3.230000e+09 1.593453e+01 1.000000e+00
A = 1.000000e+00 | B = 1.000000e+00 | G = 1.000000e+00 | kb = 1.689369e-66 | c = 1.478963e+02 | mh = 8.412770e-58 | sigma = 1.153466e-34 | h = 5.088101e-78
SCF option file found
async1= -0.000000e+00
async2= -0.000000e+00
equal_struct_eos= 1.000000e+00
M1= 5.000000e-01
M2= 3.500000e-01
nc1= 1.500000e+00
nc2= 1.500000e+00
ne1= 1.500000e+00
ne2= 1.500000e+00
mu1= 1.000000e+00
mu2= 1.000000e+00
a= 1.000000e+00
core_frac1= 7.500000e-01
core_frac2= 9.000000e-01
fill1= 1.000000e+00
fill2= 1.000000e+00
contact_fill= 0.000000e+00
Normalized constants
1.989000e+33 3.230000e+09 1.593453e+01 1.000000e+00
A = 1.000000e+00 | B = 1.000000e+00 | G = 1.000000e+00 | kb = 1.689369e-66 | c = 1.478963e+02 | mh = 8.412770e-58 | sigma = 1.153466e-34 | h = 5.088101e-78
OS-thread 3 on locality 0: Initialized thread_local memory!
OS-thread 17 on locality 0: Initialized thread_local memory!

Subgrid side-length is 8
Minimal allowed theta is 0.34
Stencil maximal allowed half side-length is 5 (Total length 11)
Total number of stencil elements (stencil size): 1074

OS-thread 15 on locality 1: Initialized thread_local memory!
OS-thread 21 on locality 1: Initialized thread_local memory!
OS-thread 14 on locality 1: Initialized thread_local memory!
OS-thread 3 on locality 1: Initialized thread_local memory!
OS-thread 9 on locality 1: Initialized thread_local memory!
OS-thread 31 on locality 1: Initialized thread_local memory!
OS-thread 23 on locality 1: Initialized thread_local memory!
OS-thread 29 on locality 1: Initialized thread_local memory!
OS-thread 28 on locality 1: Initialized thread_local memory!
OS-thread 17 on locality 1: Initialized thread_local memory!
OS-thread 4 on locality 1: Initialized thread_local memory!
OS-thread 1 on locality 1: Initialized thread_local memory!
OS-thread 5 on locality 1: Initialized thread_local memory!

Subgrid side-length is 8
Minimal allowed theta is 0.34
Stencil maximal allowed half side-length is 5 (Total length 11)
Total number of stencil elements (stencil size): 1074

OS-thread 0 on locality 0: Initialized thread_local memory!
OS-thread 1 on locality 0: Initialized thread_local memory!
OS-thread 4 on locality 0: Initialized thread_local memory!
OS-thread 9 on locality 0: Initialized thread_local memory!
OS-thread 21 on locality 0: Initialized thread_local memory!
OS-thread 7 on locality 0: Initialized thread_local memory!
OS-thread 23 on locality 0: Initialized thread_local memory!
OS-thread 28 on locality 0: Initialized thread_local memory!
OS-thread 6 on locality 0: Initialized thread_local memory!
OS-thread 8 on locality 0: Initialized thread_local memory!
OS-thread 26 on locality 0: Initialized thread_local memory!
OS-thread 29 on locality 0: Initialized thread_local memory!
OS-thread 12 on locality 0: Initialized thread_local memory!
OS-thread 14 on locality 0: Initialized thread_local memory!
OS-thread 2 on locality 0: Initialized thread_local memory!
OS-thread 27 on locality 0: Initialized thread_local memory!
OS-thread 19 on locality 0: Initialized thread_local memory!
OS-thread 31 on locality 0: Initialized thread_local memory!
OS-thread 25 on locality 0: Initialized thread_local memory!
OS-thread 13 on locality 0: Initialized thread_local memory!
OS-thread 30 on locality 0: Initialized thread_local memory!
OS-thread 11 on locality 0: Initialized thread_local memory!
OS-thread 16 on locality 0: Initialized thread_local memory!
OS-thread 15 on locality 0: Initialized thread_local memory!
OS-thread 18 on locality 0: Initialized thread_local memory!
OS-thread 5 on locality 0: Initialized thread_local memory!
OS-thread 22 on locality 0: Initialized thread_local memory!
OS-thread 20 on locality 0: Initialized thread_local memory!
OS-thread 24 on locality 0: Initialized thread_local memory!
OS-thread 10 on locality 0: Initialized thread_local memory!
Initializing cell_geometry 3 8 14
Loading from restart.silo ...
Reading restart.silo
----------Normalized constants
1.989000e+33 3.230000e+09 1.593453e+01 1.000000e+00
A = 1.000000e+00 | B = 1.000000e+00 | G = 1.000000e+00 | kb = 1.689369e-66 | c = 1.478963e+02 | mh = 8.412770e-58 | sigma = 1.153466e-34 | h = 5.088101e-78
Read took 15 seconds
Re-grid
-----------------------------------------------
regridding
Regridded tree in 0.001898 seconds
rebalancing 1129 nodes with 988 leaves
Rebalanced tree in 0.001441 seconds
forming tree connections
1196 amr boundaries
Formed tree in 0.133851 seconds
solving gravity
regrid done in 0.291197 seconds
---------------------------------------
Done. 
solving gravity------------
...done
Starting run...
Solving gravity
-----------------------------------------------
checking for refinement
regridding
Regridded tree in 0.002807 seconds
rebalancing 1129 nodes with 988 leaves
Rebalanced tree in 0.003779 seconds
forming tree connections
1432 amr boundaries
Formed tree in 0.129370 seconds
solving gravity
regrid done in 0.360781 seconds
---------------------------------------
OMEGA = 9.291966e-01, output_dt = 4.000000e-02
0.000000e+00 4.000000e-02
dwd step...
1 6.877714e-03 6.877714e-03 1.784242e+00 6.390749e-03
2 1.030088e-02 3.423169e-03 1.867822e+00 9.571546e-03
3 1.718295e-02 6.882063e-03 1.985560e+00 1.596634e-02
4 2.406468e-02 6.881732e-03 1.948198e+00 2.236082e-02
5 3.094568e-02 6.881003e-03 2.005772e+00 2.875462e-02
New Omega = 9.291966e-01
-----------------------------------------------
checking for refinement
4 3.094568e-02 6.881003e-03 9.606705e+00 2.875462e-02 0.000000e+00 0.000000e+00 9.291966e-01 0.000000e+00
regridding
Regridded tree in 0.003618 seconds
rebalancing 1129 nodes with 988 leaves
Rebalanced tree in 0.006631 seconds
forming tree connections
1432 amr boundaries
Formed tree in 0.126679 seconds
solving gravity
regrid done in 0.456009 seconds
---------------------------------------
dwd step...
6 3.782569e-02 6.880012e-03 2.049807e+00 3.514751e-02
7 4.470449e-02 6.878800e-03 2.186343e+00 4.153926e-02
8 5.158172e-02 6.877224e-03 2.089628e+00 4.792956e-02
9 5.845748e-02 6.875766e-03 2.178669e+00 5.431849e-02
10 6.533225e-02 6.874768e-03 2.265485e+00 6.070651e-02
New Omega = 9.291966e-01
OS-thread 0 on locality 1: Initialized thread_local memory!
OS-thread 16 on locality 1: Initialized thread_local memory!
OS-thread 20 on locality 1: Initialized thread_local memory!
OS-thread 8 on locality 1: Initialized thread_local memory!
OS-thread 6 on locality 1: Initialized thread_local memory!
OS-thread 7 on locality 1: Initialized thread_local memory!
OS-thread 10 on locality 1: Initialized thread_local memory!
OS-thread 27 on locality 1: Initialized thread_local memory!
OS-thread 18 on locality 1: Initialized thread_local memory!
OS-thread 30 on locality 1: Initialized thread_local memory!
OS-thread 24 on locality 1: Initialized thread_local memory!
OS-thread 11 on locality 1: Initialized thread_local memory!
OS-thread 2 on locality 1: Initialized thread_local memory!
OS-thread 26 on locality 1: Initialized thread_local memory!
OS-thread 12 on locality 1: Initialized thread_local memory!
OS-thread 22 on locality 1: Initialized thread_local memory!
OS-thread 25 on locality 1: Initialized thread_local memory!
OS-thread 13 on locality 1: Initialized thread_local memory!
OS-thread 19 on locality 1: Initialized thread_local memory!
Initializing cell_geometry 3 8 14
----------------------------------------
Total multipole launches on locality 1: 4970
CPU multipole launches on locality 1: 4970
CUDA multipole launches on locality 1: 0
=> Percentage of multipole on the GPU on locality 1: 0
----------------------------------------
Total non-rho-multipole launches on locality 1: 4410
CPU non-rho-multipole launches on locality 1: 4410
CUDA non-rho-multipole launches on locality 1: 0
=> Percentage of non-rho-multipole on the GPU on locality 1: 0
----------------------------------------
Total p2p launches on locality 1: 66196
CPU p2p launches on locality 1: 66196
CUDA p2p launches on locality 1: 0
-----------------------------------------------
checking for refinement
9 6.533225e-02 6.874768e-03 1.085932e+01 6.070651e-02 0.000000e+00 0.000000e+00 9.291966e-01 0.000000e+00
regridding
Regridded tree in 0.005723 seconds
rebalancing 1129 nodes with 988 leaves
Rebalanced tree in 0.007513 seconds
forming tree connections
1432 amr boundaries
Formed tree in 0.139566 seconds
solving gravity
regrid done in 0.501878 seconds
---------------------------------------
dwd step...
11 7.220589e-02 6.873644e-03 2.286068e+00 6.709347e-02
12 7.907780e-02 6.871904e-03 2.222268e+00 7.347882e-02
13 8.594796e-02 6.870161e-03 2.267008e+00 7.986255e-02
14 9.281640e-02 6.868443e-03 2.339181e+00 8.624469e-02
15 9.968295e-02 6.866550e-03 2.464103e+00 9.262506e-02
New Omega = 9.291966e-01
-----------------------------------------------
checking for refinement
14 9.968295e-02 6.866550e-03 1.172952e+01 9.262506e-02 0.000000e+00 0.000000e+00 9.291966e-01 0.000000e+00
regridding
Regridded tree in 0.006686 seconds
rebalancing 1129 nodes with 988 leaves
Rebalanced tree in 0.009260 seconds
forming tree connections
1432 amr boundaries
Formed tree in 0.152894 seconds
solving gravity
regrid done in 0.572731 seconds
---------------------------------------
dwd step...
16 1.065476e-01 6.864619e-03 2.292693e+00 9.900364e-02
17 1.134103e-01 6.862720e-03 2.427727e+00 1.053805e-01
18 1.202711e-01 6.860831e-03 2.429228e+00 1.117555e-01
19 1.271298e-01 6.858706e-03 2.296572e+00 1.181286e-01
20 1.339851e-01 6.855228e-03 2.519562e+00 1.244985e-01
New Omega = 9.291966e-01
-----------------------------------------------
checking for refinement
19 1.339851e-01 6.855228e-03 1.215438e+01 1.244985e-01 0.000000e+00 0.000000e+00 9.291966e-01 0.000000e+00
regridding
Regridded tree in 0.007039 seconds
rebalancing 1129 nodes with 988 leaves
Rebalanced tree in 0.008966 seconds
forming tree connections
1432 amr boundaries
Formed tree in 0.150589 seconds
solving gravity
regrid done in 0.571757 seconds
---------------------------------------
dwd step...
21 1.408368e-01 6.851706e-03 2.389062e+00 1.308650e-01
New Omega = 9.291966e-01
doing silo out...
Writing final.silo
20 1.408368e-01 6.851706e-03 2.399549e+00 1.308650e-01 0.000000e+00 0.000000e+00 9.291966e-01 0.000000e+00
Writing 988 total sub-grids
Write took 22 seconds
...:
   Total: 71.4392
   I/O:         36.7525 (51.4458%)
   Computation: 46.2948 (64.8031%)
   Gravity:     31.5257 (44.1294%)
   Hydro: 14.7691 (0.206737%)
   Regrid: 2.46321 (3.44798%)
   Compare Analytic: 22.054 (30.871%)
   Find Localities: 0 (0%)
----------------------------------------
Total multipole launches on locality 0: 4970
CPU multipole launches on locality 0: 4970
CUDA multipole launches on locality 0: 0
=> Percentage of multipole on the GPU on locality 0: 0
----------------------------------------
Total non-rho-multipole launches on locality 0: 4410
CPU non-rho-multipole launches on locality 0: 4410
CUDA non-rho-multipole launches on locality 0: 0
=> Percentage of non-rho-multipole on the GPU on locality 0: 0
----------------------------------------
Total p2p launches on locality 0: 66196
CPU p2p launches on locality 0: 66196
CUDA p2p launches on locality 0: 0
=> Percentage of p2p on the GPU on locality 0: 0
========================================
========================================
Total multipole launches: 9940
CPU multipole launches: 9940
CUDA multipole launches: 0
=> Percentage of multipole on the GPU: 0
========================================
Total non-rho-multipole launches: 8820
CPU non-rho-multipole launches: 8820
CUDA non-rho-multipole launches: 0
=> Percentage of non-rho-multipole on the GPU: 0
========================================
Total p2p launches: 132392
CPU p2p launches: 132392
CUDA p2p launches: 0
=> Percentage of p2p on the GPU: 0
Exiting...
/agas{locality#0/total}/count/route,1,87.613224,[s],4
/agas{locality#1/total}/count/route,1,87.609829,[s],4
/agas{locality#0/total}/time/route,1,87.612725,[s],235335,[ns]
/agas{locality#1/total}/time/route,1,87.605706,[s],177201,[ns]
/agas{locality#0/total}/count/bind_gid,1,87.612319,[s],46
/agas{locality#1/total}/count/bind_gid,1,87.606203,[s],41
/agas{locality#0/total}/time/bind_gid,1,87.612454,[s],118846,[ns]
/agas{locality#1/total}/time/bind_gid,1,87.605696,[s],151875,[ns]
/agas{locality#0/total}/count/unbind_gid,1,87.612695,[s],31
/agas{locality#1/total}/count/unbind_gid,1,87.606558,[s],30
/agas{locality#0/total}/time/unbind_gid,1,87.612751,[s],69248,[ns]
/agas{locality#1/total}/time/unbind_gid,1,87.609672,[s],33994,[ns]
/agas{locality#0/total}/count/resolve_gid,1,87.612181,[s],2.44108e+06
/agas{locality#1/total}/count/resolve_gid,1,87.606826,[s],2.4324e+06
/agas{locality#0/total}/time/resolve_gid,1,87.612317,[s],3.13936e+11,[ns]
/agas{locality#1/total}/time/resolve_gid,1,87.605968,[s],1.61005e+11,[ns]
/agas{locality#0/total}/count/increment_credit,1,87.612118,[s],245
/agas{locality#1/total}/count/increment_credit,1,87.605238,[s],247
/agas{locality#0/total}/count/decrement_credit,1,87.612910,[s],49
/agas{locality#1/total}/count/decrement_credit,1,87.605788,[s],61
/agas{locality#0/total}/time/decrement_credit,1,87.615287,[s],7.59709e+06,[ns]
/agas{locality#1/total}/time/decrement_credit,1,87.605372,[s],1.58151e+06,[ns]
/agas{locality#0/total}/time/increment_credit,1,87.615147,[s],344936,[ns]
/agas{locality#1/total}/time/increment_credit,1,87.604906,[s],355626,[ns]
/agas{locality#0/total}/count/allocate,1,87.613756,[s],19
/agas{locality#1/total}/count/allocate,1,87.604753,[s],13
/agas{locality#0/total}/time/allocate,1,87.613710,[s],10816,[ns]
/agas{locality#1/total}/time/allocate,1,87.605641,[s],7969,[ns]
/agas{locality#0/total}/count/begin_migration,1,87.614837,[s],0
/agas{locality#1/total}/count/begin_migration,1,87.606105,[s],0
/agas{locality#0/total}/time/begin_migration,1,87.614194,[s],0,[ns]
/agas{locality#1/total}/time/begin_migration,1,87.610270,[s],0,[ns]
/agas{locality#0/total}/count/end_migration,1,87.614244,[s],0
/agas{locality#1/total}/count/end_migration,1,87.606232,[s],0
/agas{locality#0/total}/time/end_migration,1,87.615221,[s],0,[ns]
/agas{locality#1/total}/time/end_migration,1,87.610295,[s],0,[ns]
/agas{locality#0/total}/count/bind_prefix,1,87.615361,[s],0
/agas{locality#0/total}/time/bind_prefix,1,87.615509,[s],0,[ns]
/agas{locality#0/total}/count/bind_name,1,87.613883,[s],0
/agas{locality#0/total}/time/bind_name,1,87.614110,[s],0,[ns]
/agas{locality#0/total}/count/unbind_name,1,87.614853,[s],0
/agas{locality#0/total}/time/unbind_name,1,87.615059,[s],0,[ns]
/agas{locality#0/total}/count/resolve_id,1,87.614639,[s],0
/agas{locality#0/total}/time/resolve_id,1,87.613184,[s],0,[ns]
/agas{locality#0/total}/time/iterate_types,1,87.612402,[s],0,[ns]
/agas{locality#0/total}/count/iterate_types,1,87.613007,[s],0
/agas{locality#0/total}/count/get_component_typename,1,87.612846,[s],0
/agas{locality#0/total}/time/get_component_typename,1,87.612497,[s],0,[ns]
/agas{locality#0/total}/count/num_localities_type,1,87.613850,[s],0
/agas{locality#0/total}/time/num_localities_type,1,87.613730,[s],0,[ns]
/agas{locality#0/total}/count/free,1,87.612743,[s],0
/agas{locality#0/total}/time/free,1,87.612798,[s],0,[ns]
/agas{locality#0/total}/count/localities,1,87.612957,[s],4
/agas{locality#0/total}/time/localities,1,87.613683,[s],3836,[ns]
/agas{locality#0/total}/count/num_localities,1,87.612597,[s],303
/agas{locality#0/total}/time/num_localities,1,87.613116,[s],50296,[ns]
/agas{locality#0/total}/count/resolve_locality,1,87.612666,[s],0
/agas{locality#0/total}/time/resolve_locality,1,87.613276,[s],0,[ns]
/agas{locality#0/total}/count/num_threads,1,87.615330,[s],0
/agas{locality#0/total}/time/num_threads,1,87.614366,[s],0,[ns]
/agas{locality#0/total}/count/bind,1,87.614676,[s],137
/agas{locality#1/total}/count/bind,1,87.606263,[s],127
/agas{locality#0/total}/time/bind,1,87.614002,[s],252483,[ns]
/agas{locality#1/total}/time/bind,1,87.610331,[s],236898,[ns]
/agas{locality#0/total}/count/unbind,1,87.614752,[s],0
/agas{locality#1/total}/count/unbind,1,87.610414,[s],0
/agas{locality#0/total}/time/unbind,1,87.614596,[s],0,[ns]
/agas{locality#1/total}/time/unbind,1,87.604785,[s],0,[ns]
/agas{locality#0/total}/count/resolve,1,87.615033,[s],154
/agas{locality#1/total}/count/resolve,1,87.604740,[s],123
/agas{locality#0/total}/time/resolve,1,87.615822,[s],195939,[ns]
/agas{locality#1/total}/time/resolve,1,87.604656,[s],124613,[ns]
/agas{locality#0/total}/count/iterate_names,1,87.615145,[s],0
/agas{locality#1/total}/count/iterate_names,1,87.605423,[s],0
/agas{locality#0/total}/time/iterate_names,1,87.615024,[s],0,[ns]
/agas{locality#1/total}/time/iterate_names,1,87.605515,[s],0,[ns]
/agas{locality#0/total}/count/on_symbol_namespace_event,1,87.615776,[s],0
/agas{locality#1/total}/count/on_symbol_namespace_event,1,87.605937,[s],0
/agas{locality#0/total}/time/on_symbol_namespace_event,1,87.614245,[s],0,[ns]
/agas{locality#1/total}/time/on_symbol_namespace_event,1,87.605326,[s],0,[ns]
/agas{locality#0/total}/count/cache/entries,1,87.614324,[s],149
/agas{locality#1/total}/count/cache/entries,1,87.605266,[s],2
/agas{locality#0/total}/count/cache/insertions,1,87.615731,[s],149
/agas{locality#1/total}/count/cache/insertions,1,87.610768,[s],2
/agas{locality#0/total}/count/cache/evictions,1,87.616001,[s],0
/agas{locality#1/total}/count/cache/evictions,1,87.605058,[s],0
/agas{locality#0/total}/count/cache/hits,1,87.615012,[s],456718
/agas{locality#1/total}/count/cache/hits,1,87.604936,[s],450002
/agas{locality#0/total}/count/cache/misses,1,87.613475,[s],163
/agas{locality#1/total}/count/cache/misses,1,87.610161,[s],17
/agas{locality#0/total}/count/cache/get_entry,1,87.614140,[s],456731
/agas{locality#1/total}/count/cache/get_entry,1,87.606605,[s],450012
/agas{locality#0/total}/time/cache/get_entry,1,87.614267,[s],1.50393e+08,[ns]
/agas{locality#1/total}/time/cache/get_entry,1,87.606469,[s],8.48569e+07,[ns]
/agas{locality#0/total}/count/cache/insert_entry,1,87.613071,[s],149
/agas{locality#1/total}/count/cache/insert_entry,1,87.610739,[s],2
/agas{locality#0/total}/time/cache/insert_entry,1,87.613318,[s],86179
/agas{locality#1/total}/time/cache/insert_entry,1,87.607304,[s],4214
/agas{locality#0/total}/count/cache/update_entry,1,87.614407,[s],152
/agas{locality#1/total}/count/cache/update_entry,1,87.607218,[s],7
/agas{locality#0/total}/time/cache/update_entry,1,87.613884,[s],131667,[ns]
/agas{locality#1/total}/time/cache/update_entry,1,87.606683,[s],8918,[ns]
/agas{locality#0/total}/count/cache/erase_entry,1,87.614107,[s],0
/agas{locality#1/total}/count/cache/erase_entry,1,87.610418,[s],0
/agas{locality#0/total}/time/cache/erase_entry,1,87.613163,[s],0
/agas{locality#1/total}/time/cache/erase_entry,1,87.607604,[s],0
/agas{locality#0/total}/primary/count,1,87.614516,[s],2.44147e+06
/agas{locality#1/total}/primary/count,1,87.610915,[s],2.43279e+06
/agas{locality#0/total}/primary/time,1,87.613183,[s],3.13944e+11,[ns]
/agas{locality#1/total}/primary/time,1,87.606851,[s],1.61007e+11,[ns]
/agas{locality#0/total}/component/count,1,87.613278,[s],0
/agas{locality#0/total}/component/time,1,87.614207,[s],0,[ns]
/agas{locality#0/total}/locality/count,1,87.613921,[s],307
/agas{locality#0/total}/locality/time,1,87.613569,[s],54132,[ns]
/agas{locality#0/total}/symbol/count,1,87.615333,[s],291
/agas{locality#1/total}/symbol/count,1,87.606923,[s],250
/agas{locality#0/total}/symbol/time,1,87.615410,[s],448422,[ns]
/agas{locality#1/total}/symbol/time,1,87.611107,[s],361511,[ns]
/threads{locality#0/total/total}/count/cumulative,1,87.616476,[s],1.99021e+06
/threads{locality#1/total/total}/count/cumulative,1,87.607004,[s],2.00029e+06
/threads{locality#0/pool#default/worker-thread#0}/count/cumulative,1,87.615911,[s],61590
/threads{locality#0/pool#default/worker-thread#1}/count/cumulative,1,87.614894,[s],62396
/threads{locality#0/pool#default/worker-thread#2}/count/cumulative,1,87.615500,[s],61661
/threads{locality#0/pool#default/worker-thread#3}/count/cumulative,1,87.616124,[s],62129
/threads{locality#0/pool#default/worker-thread#4}/count/cumulative,1,87.615306,[s],62626
/threads{locality#0/pool#default/worker-thread#5}/count/cumulative,1,87.614852,[s],61440
/threads{locality#0/pool#default/worker-thread#6}/count/cumulative,1,87.614785,[s],62600
/threads{locality#0/pool#default/worker-thread#7}/count/cumulative,1,87.616415,[s],61575
/threads{locality#0/pool#default/worker-thread#8}/count/cumulative,1,87.615185,[s],61774
/threads{locality#0/pool#default/worker-thread#9}/count/cumulative,1,87.616426,[s],62599
/threads{locality#0/pool#default/worker-thread#10}/count/cumulative,1,87.613894,[s],63056
/threads{locality#0/pool#default/worker-thread#11}/count/cumulative,1,87.613302,[s],62428
/threads{locality#0/pool#default/worker-thread#12}/count/cumulative,1,87.613518,[s],62131
/threads{locality#0/pool#default/worker-thread#13}/count/cumulative,1,87.613616,[s],62232
/threads{locality#0/pool#default/worker-thread#14}/count/cumulative,1,87.613677,[s],62484
/threads{locality#0/pool#default/worker-thread#15}/count/cumulative,1,87.614749,[s],62458
/threads{locality#0/pool#default/worker-thread#16}/count/cumulative,1,87.614112,[s],60664
/threads{locality#0/pool#default/worker-thread#17}/count/cumulative,1,87.613995,[s],62468
/threads{locality#0/pool#default/worker-thread#18}/count/cumulative,1,87.613852,[s],61730
/threads{locality#0/pool#default/worker-thread#19}/count/cumulative,1,87.613778,[s],62311
/threads{locality#0/pool#default/worker-thread#20}/count/cumulative,1,87.614241,[s],62043
/threads{locality#0/pool#default/worker-thread#21}/count/cumulative,1,87.613436,[s],61800
/threads{locality#0/pool#default/worker-thread#22}/count/cumulative,1,87.614661,[s],62066
/threads{locality#0/pool#default/worker-thread#23}/count/cumulative,1,87.614004,[s],61589
/threads{locality#0/pool#default/worker-thread#24}/count/cumulative,1,87.615009,[s],61993
/threads{locality#0/pool#default/worker-thread#25}/count/cumulative,1,87.616613,[s],62050
/threads{locality#0/pool#default/worker-thread#26}/count/cumulative,1,87.615103,[s],62422
/threads{locality#0/pool#default/worker-thread#27}/count/cumulative,1,87.614964,[s],63689
/threads{locality#0/pool#default/worker-thread#28}/count/cumulative,1,87.616247,[s],62179
/threads{locality#0/pool#default/worker-thread#29}/count/cumulative,1,87.615583,[s],62152
/threads{locality#0/pool#default/worker-thread#30}/count/cumulative,1,87.614899,[s],63544
/threads{locality#0/pool#default/worker-thread#31}/count/cumulative,1,87.616389,[s],62338
/threads{locality#1/pool#default/worker-thread#0}/count/cumulative,1,87.607021,[s],62241
/threads{locality#1/pool#default/worker-thread#1}/count/cumulative,1,87.606365,[s],62531
/threads{locality#1/pool#default/worker-thread#2}/count/cumulative,1,87.605730,[s],61086
/threads{locality#1/pool#default/worker-thread#3}/count/cumulative,1,87.606437,[s],62429
/threads{locality#1/pool#default/worker-thread#4}/count/cumulative,1,87.606649,[s],62078
/threads{locality#1/pool#default/worker-thread#5}/count/cumulative,1,87.606036,[s],61888
/threads{locality#1/pool#default/worker-thread#6}/count/cumulative,1,87.606266,[s],61748
/threads{locality#1/pool#default/worker-thread#7}/count/cumulative,1,87.605878,[s],62608
/threads{locality#1/pool#default/worker-thread#8}/count/cumulative,1,87.605659,[s],62461
/threads{locality#1/pool#default/worker-thread#9}/count/cumulative,1,87.606303,[s],64152
/threads{locality#1/pool#default/worker-thread#10}/count/cumulative,1,87.606504,[s],63783
/threads{locality#1/pool#default/worker-thread#11}/count/cumulative,1,87.605825,[s],62860
/threads{locality#1/pool#default/worker-thread#12}/count/cumulative,1,87.608349,[s],61892
/threads{locality#1/pool#default/worker-thread#13}/count/cumulative,1,87.606757,[s],61864
/threads{locality#1/pool#default/worker-thread#14}/count/cumulative,1,87.606520,[s],63181
/threads{locality#1/pool#default/worker-thread#15}/count/cumulative,1,87.605736,[s],63040
/threads{locality#1/pool#default/worker-thread#16}/count/cumulative,1,87.605790,[s],58717
/threads{locality#1/pool#default/worker-thread#17}/count/cumulative,1,87.606022,[s],61795
/threads{locality#1/pool#default/worker-thread#18}/count/cumulative,1,87.611633,[s],62220
/threads{locality#1/pool#default/worker-thread#19}/count/cumulative,1,87.607928,[s],62744
/threads{locality#1/pool#default/worker-thread#20}/count/cumulative,1,87.607570,[s],62620
/threads{locality#1/pool#default/worker-thread#21}/count/cumulative,1,87.608105,[s],63226
/threads{locality#1/pool#default/worker-thread#22}/count/cumulative,1,87.607984,[s],63666
/threads{locality#1/pool#default/worker-thread#23}/count/cumulative,1,87.608319,[s],63395
/threads{locality#1/pool#default/worker-thread#24}/count/cumulative,1,87.611765,[s],62265
/threads{locality#1/pool#default/worker-thread#25}/count/cumulative,1,87.607721,[s],62867
/threads{locality#1/pool#default/worker-thread#26}/count/cumulative,1,87.611555,[s],63738
/threads{locality#1/pool#default/worker-thread#27}/count/cumulative,1,87.611431,[s],61552
/threads{locality#1/pool#default/worker-thread#28}/count/cumulative,1,87.608217,[s],63671
/threads{locality#1/pool#default/worker-thread#29}/count/cumulative,1,87.607753,[s],63031
/threads{locality#1/pool#default/worker-thread#30}/count/cumulative,1,87.607863,[s],62555
/threads{locality#1/pool#default/worker-thread#31}/count/cumulative,1,87.608635,[s],62407
/threads{locality#0/total/total}/count/cumulative-phases,1,87.615288,[s],3.30536e+06
/threads{locality#1/total/total}/count/cumulative-phases,1,87.608700,[s],3.44266e+06
/threads{locality#0/pool#default/worker-thread#0}/count/cumulative-phases,1,87.614724,[s],106438
/threads{locality#0/pool#default/worker-thread#1}/count/cumulative-phases,1,87.614423,[s],105597
/threads{locality#0/pool#default/worker-thread#2}/count/cumulative-phases,1,87.614501,[s],99051
/threads{locality#0/pool#default/worker-thread#3}/count/cumulative-phases,1,87.614591,[s],102136
/threads{locality#0/pool#default/worker-thread#4}/count/cumulative-phases,1,87.615157,[s],102161
/threads{locality#0/pool#default/worker-thread#5}/count/cumulative-phases,1,87.614976,[s],105986
/threads{locality#0/pool#default/worker-thread#6}/count/cumulative-phases,1,87.614874,[s],107805
/threads{locality#0/pool#default/worker-thread#7}/count/cumulative-phases,1,87.614688,[s],102580
/threads{locality#0/pool#default/worker-thread#8}/count/cumulative-phases,1,87.615401,[s],102123
/threads{locality#0/pool#default/worker-thread#9}/count/cumulative-phases,1,87.614184,[s],105254
/threads{locality#0/pool#default/worker-thread#10}/count/cumulative-phases,1,87.614258,[s],109315
/threads{locality#0/pool#default/worker-thread#11}/count/cumulative-phases,1,87.617252,[s],107366
/threads{locality#0/pool#default/worker-thread#12}/count/cumulative-phases,1,87.617109,[s],100753
/threads{locality#0/pool#default/worker-thread#13}/count/cumulative-phases,1,87.617367,[s],100856
/threads{locality#0/pool#default/worker-thread#14}/count/cumulative-phases,1,87.616794,[s],100990
/threads{locality#0/pool#default/worker-thread#15}/count/cumulative-phases,1,87.616996,[s],100545
/threads{locality#0/pool#default/worker-thread#16}/count/cumulative-phases,1,87.615717,[s],100606
/threads{locality#0/pool#default/worker-thread#17}/count/cumulative-phases,1,87.616035,[s],104370
/threads{locality#0/pool#default/worker-thread#18}/count/cumulative-phases,1,87.616196,[s],104239
/threads{locality#0/pool#default/worker-thread#19}/count/cumulative-phases,1,87.616356,[s],104678
/threads{locality#0/pool#default/worker-thread#20}/count/cumulative-phases,1,87.615810,[s],98657
/threads{locality#0/pool#default/worker-thread#21}/count/cumulative-phases,1,87.616574,[s],103557
/threads{locality#0/pool#default/worker-thread#22}/count/cumulative-phases,1,87.615686,[s],101167
/threads{locality#0/pool#default/worker-thread#23}/count/cumulative-phases,1,87.616430,[s],103489
/threads{locality#0/pool#default/worker-thread#24}/count/cumulative-phases,1,87.616741,[s],98851
/threads{locality#0/pool#default/worker-thread#25}/count/cumulative-phases,1,87.616663,[s],99143
/threads{locality#0/pool#default/worker-thread#26}/count/cumulative-phases,1,87.615933,[s],104566
/threads{locality#0/pool#default/worker-thread#27}/count/cumulative-phases,1,87.614564,[s],102495
/threads{locality#0/pool#default/worker-thread#28}/count/cumulative-phases,1,87.614418,[s],99240
/threads{locality#0/pool#default/worker-thread#29}/count/cumulative-phases,1,87.614997,[s],111043
/threads{locality#0/pool#default/worker-thread#30}/count/cumulative-phases,1,87.615297,[s],106797
/threads{locality#0/pool#default/worker-thread#31}/count/cumulative-phases,1,87.614656,[s],103523
/threads{locality#1/pool#default/worker-thread#0}/count/cumulative-phases,1,87.607171,[s],108838
/threads{locality#1/pool#default/worker-thread#1}/count/cumulative-phases,1,87.606342,[s],105008
/threads{locality#1/pool#default/worker-thread#2}/count/cumulative-phases,1,87.607474,[s],107238
/threads{locality#1/pool#default/worker-thread#3}/count/cumulative-phases,1,87.606411,[s],110937
/threads{locality#1/pool#default/worker-thread#4}/count/cumulative-phases,1,87.606391,[s],108589
/threads{locality#1/pool#default/worker-thread#5}/count/cumulative-phases,1,87.607237,[s],110099
/threads{locality#1/pool#default/worker-thread#6}/count/cumulative-phases,1,87.607296,[s],108919
/threads{locality#1/pool#default/worker-thread#7}/count/cumulative-phases,1,87.607211,[s],108847
/threads{locality#1/pool#default/worker-thread#8}/count/cumulative-phases,1,87.606886,[s],108577
/threads{locality#1/pool#default/worker-thread#9}/count/cumulative-phases,1,87.608414,[s],104378
/threads{locality#1/pool#default/worker-thread#10}/count/cumulative-phases,1,87.608788,[s],111864
/threads{locality#1/pool#default/worker-thread#11}/count/cumulative-phases,1,87.606607,[s],105410
/threads{locality#1/pool#default/worker-thread#12}/count/cumulative-phases,1,87.607597,[s],105542
/threads{locality#1/pool#default/worker-thread#13}/count/cumulative-phases,1,87.607314,[s],109593
/threads{locality#1/pool#default/worker-thread#14}/count/cumulative-phases,1,87.606826,[s],106330
/threads{locality#1/pool#default/worker-thread#15}/count/cumulative-phases,1,87.606875,[s],109537
/threads{locality#1/pool#default/worker-thread#16}/count/cumulative-phases,1,87.606672,[s],97338
/threads{locality#1/pool#default/worker-thread#17}/count/cumulative-phases,1,87.606798,[s],108022
/threads{locality#1/pool#default/worker-thread#18}/count/cumulative-phases,1,87.608289,[s],109586
/threads{locality#1/pool#default/worker-thread#19}/count/cumulative-phases,1,87.612559,[s],111552
/threads{locality#1/pool#default/worker-thread#20}/count/cumulative-phases,1,87.606824,[s],110965
/threads{locality#1/pool#default/worker-thread#21}/count/cumulative-phases,1,87.607325,[s],106879
/threads{locality#1/pool#default/worker-thread#22}/count/cumulative-phases,1,87.608289,[s],108982
/threads{locality#1/pool#default/worker-thread#23}/count/cumulative-phases,1,87.608820,[s],112276
/threads{locality#1/pool#default/worker-thread#24}/count/cumulative-phases,1,87.612194,[s],104802
/threads{locality#1/pool#default/worker-thread#25}/count/cumulative-phases,1,87.609163,[s],107591
/threads{locality#1/pool#default/worker-thread#26}/count/cumulative-phases,1,87.608397,[s],109206
/threads{locality#1/pool#default/worker-thread#27}/count/cumulative-phases,1,87.608324,[s],108963
/threads{locality#1/pool#default/worker-thread#28}/count/cumulative-phases,1,87.608690,[s],106037
/threads{locality#1/pool#default/worker-thread#29}/count/cumulative-phases,1,87.608382,[s],104476
/threads{locality#1/pool#default/worker-thread#30}/count/cumulative-phases,1,87.612080,[s],105813
/threads{locality#1/pool#default/worker-thread#31}/count/cumulative-phases,1,87.609073,[s],100690
/octotiger{locality#0/total}/subgrids,1,87.615174,[s],11865
/octotiger{locality#1/total}/subgrids,1,87.611943,[s],11844
/octotiger{locality#0/total}/subgrid_leaves,1,87.615558,[s],10374
/octotiger{locality#1/total}/subgrid_leaves,1,87.608476,[s],10374
/octotiger{locality#0/total}/amr_bounds,1,87.615983,[s],15288
/octotiger{locality#1/total}/amr_bounds,1,87.607718,[s],14784
/threads{locality#0/total/total}/idle-rate,1,87.615358,[s],9993,[0.01%]
/threads{locality#1/total/total}/idle-rate,1,87.607340,[s],9992,[0.01%]
/threads{locality#0/pool#default/worker-thread#0}/idle-rate,1,87.615063,[s],9993,[0.01%]
/threads{locality#0/pool#default/worker-thread#1}/idle-rate,1,87.616603,[s],9992,[0.01%]
/threads{locality#0/pool#default/worker-thread#2}/idle-rate,1,87.616222,[s],9993,[0.01%]
/threads{locality#0/pool#default/worker-thread#3}/idle-rate,1,87.616449,[s],9993,[0.01%]
/threads{locality#0/pool#default/worker-thread#4}/idle-rate,1,87.616767,[s],9993,[0.01%]
/threads{locality#0/pool#default/worker-thread#5}/idle-rate,1,87.617866,[s],9993,[0.01%]
/threads{locality#0/pool#default/worker-thread#6}/idle-rate,1,87.617985,[s],9993,[0.01%]
/threads{locality#0/pool#default/worker-thread#7}/idle-rate,1,87.617732,[s],9993,[0.01%]
/threads{locality#0/pool#default/worker-thread#8}/idle-rate,1,87.617610,[s],9993,[0.01%]
/threads{locality#0/pool#default/worker-thread#9}/idle-rate,1,87.616333,[s],9994,[0.01%]
/threads{locality#0/pool#default/worker-thread#10}/idle-rate,1,87.616951,[s],9993,[0.01%]
/threads{locality#0/pool#default/worker-thread#11}/idle-rate,1,87.616654,[s],9993,[0.01%]
/threads{locality#0/pool#default/worker-thread#12}/idle-rate,1,87.617236,[s],9993,[0.01%]
/threads{locality#0/pool#default/worker-thread#13}/idle-rate,1,87.617321,[s],9993,[0.01%]
/threads{locality#0/pool#default/worker-thread#14}/idle-rate,1,87.617441,[s],9994,[0.01%]
/threads{locality#0/pool#default/worker-thread#15}/idle-rate,1,87.617179,[s],9993,[0.01%]
/threads{locality#0/pool#default/worker-thread#16}/idle-rate,1,87.616514,[s],9986,[0.01%]
/threads{locality#0/pool#default/worker-thread#17}/idle-rate,1,87.615227,[s],9994,[0.01%]
/threads{locality#0/pool#default/worker-thread#18}/idle-rate,1,87.614883,[s],9994,[0.01%]
/threads{locality#0/pool#default/worker-thread#19}/idle-rate,1,87.616107,[s],9993,[0.01%]
/threads{locality#0/pool#default/worker-thread#20}/idle-rate,1,87.615592,[s],9994,[0.01%]
/threads{locality#0/pool#default/worker-thread#21}/idle-rate,1,87.614960,[s],9992,[0.01%]
/threads{locality#0/pool#default/worker-thread#22}/idle-rate,1,87.615176,[s],9993,[0.01%]
/threads{locality#0/pool#default/worker-thread#23}/idle-rate,1,87.615337,[s],9992,[0.01%]
/threads{locality#0/pool#default/worker-thread#24}/idle-rate,1,87.615715,[s],9991,[0.01%]
/threads{locality#0/pool#default/worker-thread#25}/idle-rate,1,87.615137,[s],9993,[0.01%]
/threads{locality#0/pool#default/worker-thread#26}/idle-rate,1,87.615913,[s],9993,[0.01%]
/threads{locality#0/pool#default/worker-thread#27}/idle-rate,1,87.616267,[s],9993,[0.01%]
/threads{locality#0/pool#default/worker-thread#28}/idle-rate,1,87.615510,[s],9993,[0.01%]
/threads{locality#0/pool#default/worker-thread#29}/idle-rate,1,87.615060,[s],9994,[0.01%]
/threads{locality#0/pool#default/worker-thread#30}/idle-rate,1,87.615451,[s],9993,[0.01%]
/threads{locality#0/pool#default/worker-thread#31}/idle-rate,1,87.615383,[s],9993,[0.01%]
/threads{locality#1/pool#default/worker-thread#0}/idle-rate,1,87.607097,[s],9992,[0.01%]
/threads{locality#1/pool#default/worker-thread#1}/idle-rate,1,87.608015,[s],9992,[0.01%]
/threads{locality#1/pool#default/worker-thread#2}/idle-rate,1,87.607663,[s],9991,[0.01%]
/threads{locality#1/pool#default/worker-thread#3}/idle-rate,1,87.607897,[s],9992,[0.01%]
/threads{locality#1/pool#default/worker-thread#4}/idle-rate,1,87.606994,[s],9992,[0.01%]
/threads{locality#1/pool#default/worker-thread#5}/idle-rate,1,87.607280,[s],9992,[0.01%]
/threads{locality#1/pool#default/worker-thread#6}/idle-rate,1,87.607246,[s],9992,[0.01%]
/threads{locality#1/pool#default/worker-thread#7}/idle-rate,1,87.608276,[s],9991,[0.01%]
/threads{locality#1/pool#default/worker-thread#8}/idle-rate,1,87.608187,[s],9992,[0.01%]
/threads{locality#1/pool#default/worker-thread#9}/idle-rate,1,87.607647,[s],9992,[0.01%]
/threads{locality#1/pool#default/worker-thread#10}/idle-rate,1,87.607579,[s],9992,[0.01%]
/threads{locality#1/pool#default/worker-thread#11}/idle-rate,1,87.609948,[s],9992,[0.01%]
/threads{locality#1/pool#default/worker-thread#12}/idle-rate,1,87.609616,[s],9992,[0.01%]
/threads{locality#1/pool#default/worker-thread#13}/idle-rate,1,87.612805,[s],9992,[0.01%]
/threads{locality#1/pool#default/worker-thread#14}/idle-rate,1,87.609115,[s],9991,[0.01%]
/threads{locality#1/pool#default/worker-thread#15}/idle-rate,1,87.612995,[s],9991,[0.01%]
/threads{locality#1/pool#default/worker-thread#16}/idle-rate,1,87.608976,[s],9991,[0.01%]
/threads{locality#1/pool#default/worker-thread#17}/idle-rate,1,87.607660,[s],9992,[0.01%]
/threads{locality#1/pool#default/worker-thread#18}/idle-rate,1,87.608311,[s],9991,[0.01%]
/threads{locality#1/pool#default/worker-thread#19}/idle-rate,1,87.608167,[s],9992,[0.01%]
/threads{locality#1/pool#default/worker-thread#20}/idle-rate,1,87.608394,[s],9992,[0.01%]
/threads{locality#1/pool#default/worker-thread#21}/idle-rate,1,87.607995,[s],9990,[0.01%]
/threads{locality#1/pool#default/worker-thread#22}/idle-rate,1,87.609372,[s],9992,[0.01%]
/threads{locality#1/pool#default/worker-thread#23}/idle-rate,1,87.608706,[s],9992,[0.01%]
/threads{locality#1/pool#default/worker-thread#24}/idle-rate,1,87.609709,[s],9992,[0.01%]
/threads{locality#1/pool#default/worker-thread#25}/idle-rate,1,87.612758,[s],9990,[0.01%]
/threads{locality#1/pool#default/worker-thread#26}/idle-rate,1,87.609594,[s],9991,[0.01%]
/threads{locality#1/pool#default/worker-thread#27}/idle-rate,1,87.608803,[s],9991,[0.01%]
/threads{locality#1/pool#default/worker-thread#28}/idle-rate,1,87.609861,[s],9992,[0.01%]
/threads{locality#1/pool#default/worker-thread#29}/idle-rate,1,87.609937,[s],9992,[0.01%]
/threads{locality#1/pool#default/worker-thread#30}/idle-rate,1,87.609013,[s],9992,[0.01%]
/threads{locality#1/pool#default/worker-thread#31}/idle-rate,1,87.609881,[s],9992,[0.01%]
=> Percentage of p2p on the GPU on locality 1: 0
